[TRACE] => function name = "Epoll" Aug  4 15:48:54 2021 create epollfd 3 by thread 140418005440832[Epoll.cpp:24]
[INFO] => New eventLoop constructed by thread_id=[140418005440832][EventLoop.cpp:51]
[INFO] => Aug  4 15:48:54 2021 thread=[140418005440832] create a io EventLoop[EventLoopThreadPool.cpp:70]
[INFO] => Aug  4 15:48:54 2021 thread=[140418005440832] create a io EventLoop[EventLoopThreadPool.cpp:70]
[TRACE] => function name = "Epoll" Aug  4 15:48:54 2021 create epollfd 7 by thread 140417989039872[Epoll.cpp:24]
[INFO] => Aug  4 15:48:54 2021 server listening..., current IP=[127.0.0.1], current port=[8888], current htonsPort=[47138][Acceptor.cpp:57]
[TRACE] => function name = "loop" Aug  4 15:48:54 2021 eventLoop start loop with thread_id=[140418005440832][EventLoop.cpp:64]
[INFO] => New eventLoop constructed by thread_id=[140417989039872][EventLoop.cpp:51]
[TRACE] => function name = "loop" Aug  4 15:48:54 2021 eventLoop start loop with thread_id=[140417989039872][EventLoop.cpp:64]
[TRACE] => function name = "Epoll" Aug  4 15:48:54 2021 create epollfd 11 by thread 140417980647168[Epoll.cpp:24]
[INFO] => New eventLoop constructed by thread_id=[140417980647168][EventLoop.cpp:51]
[TRACE] => function name = "loop" Aug  4 15:48:54 2021 eventLoop start loop with thread_id=[140417980647168][EventLoop.cpp:64]
[TRACE] => function name = "wait" Aug  4 15:48:55 2021 fd = 6 triggered 1 event by epollfd 3[Epoll.cpp:40]
[INFO] => Aug  4 15:48:55 2021 accept a new connection with fd=[14][Acceptor.cpp:72]
[TRACE] => function name = "wait" Aug  4 15:48:55 2021 fd = 14 triggered 1 event by epollfd 7[Epoll.cpp:40]
[TRACE] => function name = "readCallBack" Aug  4 15:48:55 2021 fd=[14] EPOLLIN because of read, bytes=[5][TcpConn.cpp:72]
[TRACE] => function name = "sendInLoop" Aug  4 15:48:55 2021 fd=[14] sendInLoop, msg length=[5][TcpConn.cpp:162]
[TRACE] => function name = "wait" Aug  4 15:48:55 2021 fd = 9 triggered 1 event by epollfd 7[Epoll.cpp:40]
[TRACE] => function name = "wait" Aug  4 15:48:56 2021 fd = 9 triggered 1 event by epollfd 7[Epoll.cpp:40]
[TRACE] => function name = "wait" Aug  4 15:48:56 2021 fd = 14 triggered 1 event by epollfd 7[Epoll.cpp:40]
[TRACE] => function name = "readCallBack" Aug  4 15:48:56 2021 fd=[14] EPOLLIN because of read, bytes=[2][TcpConn.cpp:72]
[TRACE] => function name = "sendInLoop" Aug  4 15:48:56 2021 fd=[14] sendInLoop, msg length=[2][TcpConn.cpp:162]
[TRACE] => function name = "wait" Aug  4 15:48:56 2021 fd = 9 triggered 1 event by epollfd 7[Epoll.cpp:40]
[TRACE] => function name = "wait" Aug  4 15:48:57 2021 fd = 9 triggered 1 event by epollfd 7[Epoll.cpp:40]
[TRACE] => function name = "wait" Aug  4 15:48:57 2021 fd = 9 triggered 1 event by epollfd 7[Epoll.cpp:40]
[TRACE] => function name = "wait" Aug  4 15:48:57 2021 fd = 9 triggered 1 event by epollfd 7[Epoll.cpp:40]
[TRACE] => function name = "wait" Aug  4 15:48:58 2021 fd = 9 triggered 1 event by epollfd 7[Epoll.cpp:40]
[TRACE] => function name = "wait" Aug  4 15:48:58 2021 fd = 9 triggered 1 event by epollfd 7[Epoll.cpp:40]
[TRACE] => function name = "wait" Aug  4 15:48:59 2021 fd = 14 triggered 1 event by epollfd 7[Epoll.cpp:40]
[TRACE] => function name = "readCallBack" Aug  4 15:48:59 2021 fd=[14] EPOLLIN because of read, bytes=[2][TcpConn.cpp:72]
[TRACE] => function name = "sendInLoop" Aug  4 15:48:59 2021 fd=[14] sendInLoop, msg length=[2][TcpConn.cpp:162]
[TRACE] => function name = "wait" Aug  4 15:48:59 2021 fd = 9 triggered 1 event by epollfd 7[Epoll.cpp:40]
[TRACE] => function name = "wait" Aug  4 15:49:00 2021 fd = 9 triggered 1 event by epollfd 7[Epoll.cpp:40]
[TRACE] => function name = "wait" Aug  4 15:49:01 2021 fd = 9 triggered 1 event by epollfd 7[Epoll.cpp:40]
[TRACE] => function name = "wait" Aug  4 15:49:01 2021 fd = 9 triggered 1 event by epollfd 7[Epoll.cpp:40]
[TRACE] => function name = "wait" Aug  4 15:49:01 2021 fd = 14 triggered 1 event by epollfd 7[Epoll.cpp:40]
[TRACE] => function name = "readCallBack" Aug  4 15:49:01 2021 fd=[14] EPOLLIN because of read, bytes=[2][TcpConn.cpp:72]
[TRACE] => function name = "sendInLoop" Aug  4 15:49:01 2021 fd=[14] sendInLoop, msg length=[2][TcpConn.cpp:162]
[TRACE] => function name = "wait" Aug  4 15:49:01 2021 fd = 9 triggered 1 event by epollfd 7[Epoll.cpp:40]
[TRACE] => function name = "wait" Aug  4 15:49:02 2021 fd = 9 triggered 1 event by epollfd 7[Epoll.cpp:40]
[TRACE] => function name = "wait" Aug  4 15:49:03 2021 fd = 14 triggered 1 event by epollfd 7[Epoll.cpp:40]
[TRACE] => function name = "readCallBack" Aug  4 15:49:03 2021 fd=[14] EPOLLIN because of read, bytes=[2][TcpConn.cpp:72]
[TRACE] => function name = "sendInLoop" Aug  4 15:49:03 2021 fd=[14] sendInLoop, msg length=[2][TcpConn.cpp:162]
[TRACE] => function name = "wait" Aug  4 15:49:03 2021 fd = 9 triggered 1 event by epollfd 7[Epoll.cpp:40]
[TRACE] => function name = "wait" Aug  4 15:49:03 2021 fd = 9 triggered 1 event by epollfd 7[Epoll.cpp:40]
[TRACE] => function name = "wait" Aug  4 15:49:03 2021 fd = 9 triggered 1 event by epollfd 7[Epoll.cpp:40]
[TRACE] => function name = "wait" Aug  4 15:49:04 2021 fd = 9 triggered 1 event by epollfd 7[Epoll.cpp:40]
[TRACE] => function name = "wait" Aug  4 15:49:05 2021 fd = 9 triggered 1 event by epollfd 7[Epoll.cpp:40]
[TRACE] => function name = "wait" Aug  4 15:49:05 2021 fd = 9 triggered 1 event by epollfd 7[Epoll.cpp:40]
[TRACE] => function name = "wait" Aug  4 15:49:07 2021 fd = 14 triggered 1 event by epollfd 7[Epoll.cpp:40]
[INFO] => Aug  4 15:49:07 2021 fd=[14] EPOLLIN but disconnect, remove the fd![TcpConn.cpp:64]
