[TRACE] => function name = "Epoll" Aug  4 15:42:45 2021 create epollfd 3 by thread 139958105487680[Epoll.cpp:24]
[INFO] => New eventLoop constructed by thread_id=[139958105487680][EventLoop.cpp:51]
[INFO] => Aug  4 15:42:45 2021 thread=[139958105487680] create a io EventLoop[EventLoopThreadPool.cpp:70]
[INFO] => Aug  4 15:42:45 2021 thread=[139958105487680] create a io EventLoop[EventLoopThreadPool.cpp:70]
[INFO] => Aug  4 15:42:45 2021 server listening..., current IP=[127.0.0.1], current port=[8888], current htonsPort=[47138][Acceptor.cpp:57]
[TRACE] => function name = "loop" Aug  4 15:42:45 2021 eventLoop start loop with thread_id=[139958105487680][EventLoop.cpp:64]
[TRACE] => function name = "Epoll" Aug  4 15:42:45 2021 create epollfd 8 by thread 139958002501376[Epoll.cpp:24]
[INFO] => New eventLoop constructed by thread_id=[139958002501376][EventLoop.cpp:51]
[TRACE] => function name = "loop" Aug  4 15:42:45 2021 eventLoop start loop with thread_id=[139958002501376][EventLoop.cpp:64]
[TRACE] => function name = "Epoll" Aug  4 15:42:45 2021 create epollfd 11 by thread 139958010894080[Epoll.cpp:24]
[INFO] => New eventLoop constructed by thread_id=[139958010894080][EventLoop.cpp:51]
[TRACE] => function name = "loop" Aug  4 15:42:45 2021 eventLoop start loop with thread_id=[139958010894080][EventLoop.cpp:64]
[TRACE] => function name = "wait" Aug  4 15:42:46 2021 fd = 7 triggered 1 event by epollfd 3[Epoll.cpp:40]
[INFO] => Aug  4 15:42:46 2021 accept a new connection with fd=[14][Acceptor.cpp:72]
[TRACE] => function name = "wait" Aug  4 15:42:46 2021 fd = 14 triggered 1 event by epollfd 8[Epoll.cpp:40]
[TRACE] => function name = "readCallBack" Aug  4 15:42:46 2021 fd=[14] EPOLLIN because of read, bytes=[5][TcpConn.cpp:72]
[TRACE] => function name = "sendInLoop" Aug  4 15:42:46 2021 fd=[14] sendInLoop, msg length=[5][TcpConn.cpp:162]
[TRACE] => function name = "wait" Aug  4 15:42:46 2021 fd = 10 triggered 1 event by epollfd 8[Epoll.cpp:40]
[TRACE] => function name = "wait" Aug  4 15:42:47 2021 fd = 10 triggered 1 event by epollfd 8[Epoll.cpp:40]
[TRACE] => function name = "wait" Aug  4 15:42:48 2021 fd = 14 triggered 1 event by epollfd 8[Epoll.cpp:40]
[TRACE] => function name = "readCallBack" Aug  4 15:42:48 2021 fd=[14] EPOLLIN because of read, bytes=[2][TcpConn.cpp:72]
[TRACE] => function name = "sendInLoop" Aug  4 15:42:48 2021 fd=[14] sendInLoop, msg length=[2][TcpConn.cpp:162]
[TRACE] => function name = "wait" Aug  4 15:42:48 2021 fd = 10 triggered 1 event by epollfd 8[Epoll.cpp:40]
[TRACE] => function name = "wait" Aug  4 15:42:48 2021 fd = 10 triggered 1 event by epollfd 8[Epoll.cpp:40]
[TRACE] => function name = "wait" Aug  4 15:42:48 2021 fd = 10 triggered 1 event by epollfd 8[Epoll.cpp:40]
[TRACE] => function name = "wait" Aug  4 15:42:49 2021 fd = 14 triggered 1 event by epollfd 8[Epoll.cpp:40]
[TRACE] => function name = "readCallBack" Aug  4 15:42:49 2021 fd=[14] EPOLLIN because of read, bytes=[2][TcpConn.cpp:72]
[TRACE] => function name = "sendInLoop" Aug  4 15:42:49 2021 fd=[14] sendInLoop, msg length=[2][TcpConn.cpp:162]
[TRACE] => function name = "wait" Aug  4 15:42:49 2021 fd = 10 triggered 1 event by epollfd 8[Epoll.cpp:40]
[TRACE] => function name = "wait" Aug  4 15:42:49 2021 fd = 10 triggered 1 event by epollfd 8[Epoll.cpp:40]
[TRACE] => function name = "wait" Aug  4 15:42:49 2021 fd = 14 triggered 1 event by epollfd 8[Epoll.cpp:40]
[TRACE] => function name = "readCallBack" Aug  4 15:42:49 2021 fd=[14] EPOLLIN because of read, bytes=[2][TcpConn.cpp:72]
[TRACE] => function name = "sendInLoop" Aug  4 15:42:49 2021 fd=[14] sendInLoop, msg length=[2][TcpConn.cpp:162]
[TRACE] => function name = "wait" Aug  4 15:42:49 2021 fd = 10 triggered 1 event by epollfd 8[Epoll.cpp:40]
[TRACE] => function name = "wait" Aug  4 15:42:50 2021 fd = 10 triggered 1 event by epollfd 8[Epoll.cpp:40]
[TRACE] => function name = "wait" Aug  4 15:42:50 2021 fd = 14 triggered 1 event by epollfd 8[Epoll.cpp:40]
[TRACE] => function name = "readCallBack" Aug  4 15:42:50 2021 fd=[14] EPOLLIN because of read, bytes=[2][TcpConn.cpp:72]
[TRACE] => function name = "sendInLoop" Aug  4 15:42:50 2021 fd=[14] sendInLoop, msg length=[2][TcpConn.cpp:162]
[TRACE] => function name = "wait" Aug  4 15:42:50 2021 fd = 10 triggered 1 event by epollfd 8[Epoll.cpp:40]
[TRACE] => function name = "wait" Aug  4 15:42:50 2021 fd = 10 triggered 1 event by epollfd 8[Epoll.cpp:40]
[TRACE] => function name = "wait" Aug  4 15:42:50 2021 fd = 10 triggered 1 event by epollfd 8[Epoll.cpp:40]
[TRACE] => function name = "wait" Aug  4 15:42:50 2021 fd = 10 triggered 1 event by epollfd 8[Epoll.cpp:40]
[TRACE] => function name = "wait" Aug  4 15:42:51 2021 fd = 10 triggered 1 event by epollfd 8[Epoll.cpp:40]
[TRACE] => function name = "wait" Aug  4 15:42:51 2021 fd = 10 triggered 1 event by epollfd 8[Epoll.cpp:40]
[TRACE] => function name = "wait" Aug  4 15:42:51 2021 fd = 10 triggered 1 event by epollfd 8[Epoll.cpp:40]
[TRACE] => function name = "wait" Aug  4 15:42:51 2021 fd = 10 triggered 1 event by epollfd 8[Epoll.cpp:40]
[TRACE] => function name = "wait" Aug  4 15:42:51 2021 fd = 10 triggered 1 event by epollfd 8[Epoll.cpp:40]
[TRACE] => function name = "wait" Aug  4 15:42:52 2021 fd = 10 triggered 1 event by epollfd 8[Epoll.cpp:40]
[TRACE] => function name = "wait" Aug  4 15:42:52 2021 fd = 10 triggered 1 event by epollfd 8[Epoll.cpp:40]
[TRACE] => function name = "wait" Aug  4 15:43:02 2021 fd = 7 triggered 1 event by epollfd 3[Epoll.cpp:40]
[INFO] => Aug  4 15:43:02 2021 accept a new connection with fd=[15][Acceptor.cpp:72]
[TRACE] => function name = "wait" Aug  4 15:43:02 2021 fd = 15 triggered 1 event by epollfd 11[Epoll.cpp:40]
[TRACE] => function name = "readCallBack" Aug  4 15:43:02 2021 fd=[15] EPOLLIN because of read, bytes=[5][TcpConn.cpp:72]
[TRACE] => function name = "send" 139958010894080 enter 139958002501376 loop[TcpConn.cpp:153]
[TRACE] => function name = "asyncWakeUp" Aug  4 15:43:02 2021 thread_id=[139958010894080] asyncWakeUp thread_id=[139958002501376][EventLoop.cpp:118]
[TRACE] => function name = "sendInLoop" Aug  4 15:43:02 2021 fd=[15] sendInLoop, msg length=[5][TcpConn.cpp:162]
[TRACE] => function name = "wait" Aug  4 15:43:02 2021 fd = 9 triggered 1 event by epollfd 8[Epoll.cpp:40]
[TRACE] => function name = "sendInLoop" Aug  4 15:43:02 2021 fd=[14] sendInLoop, msg length=[5][TcpConn.cpp:162]
[TRACE] => function name = "asyncWakeUp" Aug  4 15:43:02 2021 thread_id=[139958002501376] asyncWakeUp thread_id=[139958002501376][EventLoop.cpp:118]
[TRACE] => function name = "wait" Aug  4 15:43:02 2021 fd = 9 triggered 1 event by epollfd 8[Epoll.cpp:40]
[TRACE] => function name = "wait" Aug  4 15:43:02 2021 fd = 13 triggered 1 event by epollfd 11[Epoll.cpp:40]
[TRACE] => function name = "wait" Aug  4 15:43:03 2021 fd = 13 triggered 1 event by epollfd 11[Epoll.cpp:40]
[TRACE] => function name = "wait" Aug  4 15:43:03 2021 fd = 15 triggered 1 event by epollfd 11[Epoll.cpp:40]
[TRACE] => function name = "readCallBack" Aug  4 15:43:03 2021 fd=[15] EPOLLIN because of read, bytes=[1][TcpConn.cpp:72]
[TRACE] => function name = "send" 139958010894080 enter 139958002501376 loop[TcpConn.cpp:153]
[TRACE] => function name = "asyncWakeUp" Aug  4 15:43:03 2021 thread_id=[139958010894080] asyncWakeUp thread_id=[139958002501376][EventLoop.cpp:118]
[TRACE] => function name = "sendInLoop" Aug  4 15:43:03 2021 fd=[15] sendInLoop, msg length=[1][TcpConn.cpp:162]
[TRACE] => function name = "wait" Aug  4 15:43:03 2021 fd = 9 triggered 1 event by epollfd 8[Epoll.cpp:40]
[TRACE] => function name = "sendInLoop" Aug  4 15:43:03 2021 fd=[14] sendInLoop, msg length=[1][TcpConn.cpp:162]
[TRACE] => function name = "asyncWakeUp" Aug  4 15:43:03 2021 thread_id=[139958002501376] asyncWakeUp thread_id=[139958002501376][EventLoop.cpp:118]
[TRACE] => function name = "wait" Aug  4 15:43:03 2021 fd = 9 triggered 1 event by epollfd 8[Epoll.cpp:40]
[TRACE] => function name = "wait" Aug  4 15:43:03 2021 fd = 13 triggered 1 event by epollfd 11[Epoll.cpp:40]
[TRACE] => function name = "wait" Aug  4 15:43:04 2021 fd = 13 triggered 1 event by epollfd 11[Epoll.cpp:40]
[TRACE] => function name = "wait" Aug  4 15:43:04 2021 fd = 13 triggered 1 event by epollfd 11[Epoll.cpp:40]
[TRACE] => function name = "wait" Aug  4 15:43:04 2021 fd = 15 triggered 1 event by epollfd 11[Epoll.cpp:40]
[TRACE] => function name = "readCallBack" Aug  4 15:43:04 2021 fd=[15] EPOLLIN because of read, bytes=[1][TcpConn.cpp:72]
[TRACE] => function name = "send" 139958010894080 enter 139958002501376 loop[TcpConn.cpp:153]
[TRACE] => function name = "asyncWakeUp" Aug  4 15:43:04 2021 thread_id=[139958010894080] asyncWakeUp thread_id=[139958002501376][EventLoop.cpp:118]
[TRACE] => function name = "sendInLoop" Aug  4 15:43:04 2021 fd=[15] sendInLoop, msg length=[1][TcpConn.cpp:162]
[TRACE] => function name = "wait" Aug  4 15:43:04 2021 fd = 9 triggered 1 event by epollfd 8[Epoll.cpp:40]
[TRACE] => function name = "sendInLoop" Aug  4 15:43:04 2021 fd=[14] sendInLoop, msg length=[1][TcpConn.cpp:162]
[TRACE] => function name = "asyncWakeUp" Aug  4 15:43:04 2021 thread_id=[139958002501376] asyncWakeUp thread_id=[139958002501376][EventLoop.cpp:118]
[TRACE] => function name = "wait" Aug  4 15:43:04 2021 fd = 9 triggered 1 event by epollfd 8[Epoll.cpp:40]
[TRACE] => function name = "wait" Aug  4 15:43:04 2021 fd = 13 triggered 1 event by epollfd 11[Epoll.cpp:40]
[TRACE] => function name = "wait" Aug  4 15:43:04 2021 fd = 13 triggered 1 event by epollfd 11[Epoll.cpp:40]
[TRACE] => function name = "wait" Aug  4 15:43:04 2021 fd = 15 triggered 1 event by epollfd 11[Epoll.cpp:40]
[TRACE] => function name = "readCallBack" Aug  4 15:43:04 2021 fd=[15] EPOLLIN because of read, bytes=[1][TcpConn.cpp:72]
[TRACE] => function name = "send" 139958010894080 enter 139958002501376 loop[TcpConn.cpp:153]
[TRACE] => function name = "asyncWakeUp" Aug  4 15:43:04 2021 thread_id=[139958010894080] asyncWakeUp thread_id=[139958002501376][EventLoop.cpp:118]
[TRACE] => function name = "sendInLoop" Aug  4 15:43:04 2021 fd=[15] sendInLoop, msg length=[1][TcpConn.cpp:162]
[TRACE] => function name = "wait" Aug  4 15:43:04 2021 fd = 9 triggered 1 event by epollfd 8[Epoll.cpp:40]
[TRACE] => function name = "sendInLoop" Aug  4 15:43:04 2021 fd=[14] sendInLoop, msg length=[1][TcpConn.cpp:162]
[TRACE] => function name = "asyncWakeUp" Aug  4 15:43:04 2021 thread_id=[139958002501376] asyncWakeUp thread_id=[139958002501376][EventLoop.cpp:118]
[TRACE] => function name = "wait" Aug  4 15:43:04 2021 fd = 9 triggered 1 event by epollfd 8[Epoll.cpp:40]
[TRACE] => function name = "wait" Aug  4 15:43:04 2021 fd = 13 triggered 1 event by epollfd 11[Epoll.cpp:40]
[TRACE] => function name = "wait" Aug  4 15:43:05 2021 fd = 15 triggered 1 event by epollfd 11[Epoll.cpp:40]
[TRACE] => function name = "readCallBack" Aug  4 15:43:05 2021 fd=[15] EPOLLIN because of read, bytes=[1][TcpConn.cpp:72]
[TRACE] => function name = "send" 139958010894080 enter 139958002501376 loop[TcpConn.cpp:153]
[TRACE] => function name = "asyncWakeUp" Aug  4 15:43:05 2021 thread_id=[139958010894080] asyncWakeUp thread_id=[139958002501376][EventLoop.cpp:118]
[TRACE] => function name = "sendInLoop" Aug  4 15:43:05 2021 fd=[15] sendInLoop, msg length=[1][TcpConn.cpp:162]
[TRACE] => function name = "wait" Aug  4 15:43:05 2021 fd = 9 triggered 1 event by epollfd 8[Epoll.cpp:40]
[TRACE] => function name = "sendInLoop" Aug  4 15:43:05 2021 fd=[14] sendInLoop, msg length=[1][TcpConn.cpp:162]
[TRACE] => function name = "asyncWakeUp" Aug  4 15:43:05 2021 thread_id=[139958002501376] asyncWakeUp thread_id=[139958002501376][EventLoop.cpp:118]
[TRACE] => function name = "wait" Aug  4 15:43:05 2021 fd = 9 triggered 1 event by epollfd 8[Epoll.cpp:40]
[TRACE] => function name = "wait" Aug  4 15:43:05 2021 fd = 13 triggered 1 event by epollfd 11[Epoll.cpp:40]
[TRACE] => function name = "wait" Aug  4 15:43:05 2021 fd = 13 triggered 1 event by epollfd 11[Epoll.cpp:40]
[TRACE] => function name = "wait" Aug  4 15:43:05 2021 fd = 13 triggered 1 event by epollfd 11[Epoll.cpp:40]
[TRACE] => function name = "wait" Aug  4 15:43:05 2021 fd = 13 triggered 1 event by epollfd 11[Epoll.cpp:40]
[TRACE] => function name = "wait" Aug  4 15:43:05 2021 fd = 15 triggered 1 event by epollfd 11[Epoll.cpp:40]
[TRACE] => function name = "readCallBack" Aug  4 15:43:05 2021 fd=[15] EPOLLIN because of read, bytes=[1][TcpConn.cpp:72]
[TRACE] => function name = "send" 139958010894080 enter 139958002501376 loop[TcpConn.cpp:153]
[TRACE] => function name = "asyncWakeUp" Aug  4 15:43:05 2021 thread_id=[139958010894080] asyncWakeUp thread_id=[139958002501376][EventLoop.cpp:118]
[TRACE] => function name = "sendInLoop" Aug  4 15:43:05 2021 fd=[15] sendInLoop, msg length=[1][TcpConn.cpp:162]
[TRACE] => function name = "wait" Aug  4 15:43:05 2021 fd = 9 triggered 1 event by epollfd 8[Epoll.cpp:40]
[TRACE] => function name = "sendInLoop" Aug  4 15:43:05 2021 fd=[14] sendInLoop, msg length=[1][TcpConn.cpp:162]
[TRACE] => function name = "asyncWakeUp" Aug  4 15:43:05 2021 thread_id=[139958002501376] asyncWakeUp thread_id=[139958002501376][EventLoop.cpp:118]
[TRACE] => function name = "wait" Aug  4 15:43:05 2021 fd = 9 triggered 1 event by epollfd 8[Epoll.cpp:40]
[TRACE] => function name = "wait" Aug  4 15:43:05 2021 fd = 14 triggered 1 event by epollfd 8[Epoll.cpp:40]
[TRACE] => function name = "readCallBack" Aug  4 15:43:05 2021 fd=[14] EPOLLIN because of read, bytes=[1][TcpConn.cpp:72]
[TRACE] => function name = "sendInLoop" Aug  4 15:43:05 2021 fd=[14] sendInLoop, msg length=[1][TcpConn.cpp:162]
[TRACE] => function name = "send" 139958002501376 enter 139958010894080 loop[TcpConn.cpp:153]
[TRACE] => function name = "asyncWakeUp" Aug  4 15:43:05 2021 thread_id=[139958002501376] asyncWakeUp thread_id=[139958010894080][EventLoop.cpp:118]
[TRACE] => function name = "wait" Aug  4 15:43:05 2021 fd = 14 triggered 1 event by epollfd 8[Epoll.cpp:40]
[TRACE] => function name = "readCallBack" Aug  4 15:43:05 2021 fd=[14] EPOLLIN because of read, bytes=[1][TcpConn.cpp:72]
[TRACE] => function name = "sendInLoop" Aug  4 15:43:05 2021 fd=[14] sendInLoop, msg length=[1][TcpConn.cpp:162]
[TRACE] => function name = "send" 139958002501376 enter 139958010894080 loop[TcpConn.cpp:153]
[TRACE] => function name = "asyncWakeUp" Aug  4 15:43:05 2021 thread_id=[139958002501376] asyncWakeUp thread_id=[139958010894080][EventLoop.cpp:118]
[TRACE] => function name = "wait" Aug  4 15:43:05 2021 fd = 14 triggered 1 event by epollfd 8[Epoll.cpp:40]
[TRACE] => function name = "readCallBack" Aug  4 15:43:05 2021 fd=[14] EPOLLIN because of read, bytes=[1][TcpConn.cpp:72]
[TRACE] => function name = "sendInLoop" Aug  4 15:43:05 2021 fd=[14] sendInLoop, msg length=[1][TcpConn.cpp:162]
[TRACE] => function name = "send" 139958002501376 enter 139958010894080 loop[TcpConn.cpp:153]
[TRACE] => function name = "asyncWakeUp" Aug  4 15:43:05 2021 thread_id=[139958002501376] asyncWakeUp thread_id=[139958010894080][EventLoop.cpp:118]
[TRACE] => function name = "wait" Aug  4 15:43:05 2021 fd = 14 triggered 1 event by epollfd 8[Epoll.cpp:40]
[TRACE] => function name = "wait" Aug  4 15:43:05 2021 fd = 10 triggered 1 event by epollfd 8[Epoll.cpp:40]
[TRACE] => function name = "readCallBack" Aug  4 15:43:05 2021 fd=[14] EPOLLIN because of read, bytes=[1][TcpConn.cpp:72]
[TRACE] => function name = "sendInLoop" Aug  4 15:43:05 2021 fd=[14] sendInLoop, msg length=[1][TcpConn.cpp:162]
[TRACE] => function name = "send" 139958002501376 enter 139958010894080 loop[TcpConn.cpp:153]
[TRACE] => function name = "asyncWakeUp" Aug  4 15:43:05 2021 thread_id=[139958002501376] asyncWakeUp thread_id=[139958010894080][EventLoop.cpp:118]
[TRACE] => function name = "wait" Aug  4 15:43:05 2021 fd = 14 triggered 1 event by epollfd 8[Epoll.cpp:40]
[TRACE] => function name = "readCallBack" Aug  4 15:43:05 2021 fd=[14] EPOLLIN because of read, bytes=[2][TcpConn.cpp:72]
[TRACE] => function name = "sendInLoop" Aug  4 15:43:05 2021 fd=[14] sendInLoop, msg length=[2][TcpConn.cpp:162]
[TRACE] => function name = "send" 139958002501376 enter 139958010894080 loop[TcpConn.cpp:153]
[TRACE] => function name = "asyncWakeUp" Aug  4 15:43:05 2021 thread_id=[139958002501376] asyncWakeUp thread_id=[139958010894080][EventLoop.cpp:118]
[TRACE] => function name = "wait" Aug  4 15:43:05 2021 fd = 14 triggered 1 event by epollfd 8[Epoll.cpp:40]
[TRACE] => function name = "readCallBack" Aug  4 15:43:05 2021 fd=[14] EPOLLIN because of read, bytes=[3][TcpConn.cpp:72]
[TRACE] => function name = "sendInLoop" Aug  4 15:43:05 2021 fd=[14] sendInLoop, msg length=[3][TcpConn.cpp:162]
[TRACE] => function name = "send" 139958002501376 enter 139958010894080 loop[TcpConn.cpp:153]
[TRACE] => function name = "asyncWakeUp" Aug  4 15:43:05 2021 thread_id=[139958002501376] asyncWakeUp thread_id=[139958010894080][EventLoop.cpp:118]
[TRACE] => function name = "wait" Aug  4 15:43:05 2021 fd = 14 triggered 1 event by epollfd 8[Epoll.cpp:40]
[TRACE] => function name = "wait" Aug  4 15:43:05 2021 fd = 10 triggered 1 event by epollfd 8[Epoll.cpp:40]
[TRACE] => function name = "readCallBack" Aug  4 15:43:05 2021 fd=[14] EPOLLIN because of read, bytes=[3][TcpConn.cpp:72]
[TRACE] => function name = "sendInLoop" Aug  4 15:43:05 2021 fd=[14] sendInLoop, msg length=[3][TcpConn.cpp:162]
[TRACE] => function name = "send" 139958002501376 enter 139958010894080 loop[TcpConn.cpp:153]
[TRACE] => function name = "asyncWakeUp" Aug  4 15:43:05 2021 thread_id=[139958002501376] asyncWakeUp thread_id=[139958010894080][EventLoop.cpp:118]
[TRACE] => function name = "wait" Aug  4 15:43:05 2021 fd = 14 triggered 1 event by epollfd 8[Epoll.cpp:40]
[TRACE] => function name = "readCallBack" Aug  4 15:43:05 2021 fd=[14] EPOLLIN because of read, bytes=[2][TcpConn.cpp:72]
[TRACE] => function name = "sendInLoop" Aug  4 15:43:05 2021 fd=[14] sendInLoop, msg length=[2][TcpConn.cpp:162]
[TRACE] => function name = "send" 139958002501376 enter 139958010894080 loop[TcpConn.cpp:153]
[TRACE] => function name = "asyncWakeUp" Aug  4 15:43:05 2021 thread_id=[139958002501376] asyncWakeUp thread_id=[139958010894080][EventLoop.cpp:118]
[TRACE] => function name = "wait" Aug  4 15:43:05 2021 fd = 14 triggered 1 event by epollfd 8[Epoll.cpp:40]
[TRACE] => function name = "readCallBack" Aug  4 15:43:05 2021 fd=[14] EPOLLIN because of read, bytes=[3][TcpConn.cpp:72]
[TRACE] => function name = "sendInLoop" Aug  4 15:43:05 2021 fd=[14] sendInLoop, msg length=[3][TcpConn.cpp:162]
[TRACE] => function name = "send" 139958002501376 enter 139958010894080 loop[TcpConn.cpp:153]
[TRACE] => function name = "asyncWakeUp" Aug  4 15:43:05 2021 thread_id=[139958002501376] asyncWakeUp thread_id=[139958010894080][EventLoop.cpp:118]
[TRACE] => function name = "wait" Aug  4 15:43:05 2021 fd = 10 triggered 1 event by epollfd 8[Epoll.cpp:40]
[TRACE] => function name = "wait" Aug  4 15:43:05 2021 fd = 14 triggered 1 event by epollfd 8[Epoll.cpp:40]
[TRACE] => function name = "readCallBack" Aug  4 15:43:05 2021 fd=[14] EPOLLIN because of read, bytes=[3][TcpConn.cpp:72]
[TRACE] => function name = "sendInLoop" Aug  4 15:43:05 2021 fd=[14] sendInLoop, msg length=[3][TcpConn.cpp:162]
[TRACE] => function name = "send" 139958002501376 enter 139958010894080 loop[TcpConn.cpp:153]
[TRACE] => function name = "asyncWakeUp" Aug  4 15:43:05 2021 thread_id=[139958002501376] asyncWakeUp thread_id=[139958010894080][EventLoop.cpp:118]
[TRACE] => function name = "wait" Aug  4 15:43:05 2021 fd = 13 triggered 1 event by epollfd 11[Epoll.cpp:40]
[TRACE] => function name = "wait" Aug  4 15:43:05 2021 fd = 12 triggered 1 event by epollfd 11[Epoll.cpp:40]
[TRACE] => function name = "sendInLoop" Aug  4 15:43:05 2021 fd=[15] sendInLoop, msg length=[1][TcpConn.cpp:162]
[TRACE] => function name = "asyncWakeUp" Aug  4 15:43:05 2021 thread_id=[139958010894080] asyncWakeUp thread_id=[139958010894080][EventLoop.cpp:118]
[TRACE] => function name = "sendInLoop" Aug  4 15:43:05 2021 fd=[15] sendInLoop, msg length=[1][TcpConn.cpp:162]
[TRACE] => function name = "asyncWakeUp" Aug  4 15:43:05 2021 thread_id=[139958010894080] asyncWakeUp thread_id=[139958010894080][EventLoop.cpp:118]
[TRACE] => function name = "sendInLoop" Aug  4 15:43:05 2021 fd=[15] sendInLoop, msg length=[1][TcpConn.cpp:162]
[TRACE] => function name = "asyncWakeUp" Aug  4 15:43:05 2021 thread_id=[139958010894080] asyncWakeUp thread_id=[139958010894080][EventLoop.cpp:118]
[TRACE] => function name = "sendInLoop" Aug  4 15:43:05 2021 fd=[15] sendInLoop, msg length=[1][TcpConn.cpp:162]
[TRACE] => function name = "asyncWakeUp" Aug  4 15:43:05 2021 thread_id=[139958010894080] asyncWakeUp thread_id=[139958010894080][EventLoop.cpp:118]
[TRACE] => function name = "sendInLoop" Aug  4 15:43:05 2021 fd=[15] sendInLoop, msg length=[2][TcpConn.cpp:162]
[TRACE] => function name = "asyncWakeUp" Aug  4 15:43:05 2021 thread_id=[139958010894080] asyncWakeUp thread_id=[139958010894080][EventLoop.cpp:118]
[TRACE] => function name = "sendInLoop" Aug  4 15:43:05 2021 fd=[15] sendInLoop, msg length=[3][TcpConn.cpp:162]
[TRACE] => function name = "asyncWakeUp" Aug  4 15:43:05 2021 thread_id=[139958010894080] asyncWakeUp thread_id=[139958010894080][EventLoop.cpp:118]
[TRACE] => function name = "sendInLoop" Aug  4 15:43:05 2021 fd=[15] sendInLoop, msg length=[3][TcpConn.cpp:162]
[TRACE] => function name = "asyncWakeUp" Aug  4 15:43:05 2021 thread_id=[139958010894080] asyncWakeUp thread_id=[139958010894080][EventLoop.cpp:118]
[TRACE] => function name = "sendInLoop" Aug  4 15:43:05 2021 fd=[15] sendInLoop, msg length=[2][TcpConn.cpp:162]
[TRACE] => function name = "asyncWakeUp" Aug  4 15:43:05 2021 thread_id=[139958010894080] asyncWakeUp thread_id=[139958010894080][EventLoop.cpp:118]
[TRACE] => function name = "sendInLoop" Aug  4 15:43:05 2021 fd=[15] sendInLoop, msg length=[3][TcpConn.cpp:162]
[TRACE] => function name = "asyncWakeUp" Aug  4 15:43:05 2021 thread_id=[139958010894080] asyncWakeUp thread_id=[139958010894080][EventLoop.cpp:118]
[TRACE] => function name = "sendInLoop" Aug  4 15:43:05 2021 fd=[15] sendInLoop, msg length=[3][TcpConn.cpp:162]
[TRACE] => function name = "asyncWakeUp" Aug  4 15:43:05 2021 thread_id=[139958010894080] asyncWakeUp thread_id=[139958010894080][EventLoop.cpp:118]
[TRACE] => function name = "wait" Aug  4 15:43:05 2021 fd = 12 triggered 1 event by epollfd 11[Epoll.cpp:40]
[TRACE] => function name = "wait" Aug  4 15:43:05 2021 fd = 14 triggered 1 event by epollfd 8[Epoll.cpp:40]
[TRACE] => function name = "wait" Aug  4 15:43:05 2021 fd = 10 triggered 1 event by epollfd 8[Epoll.cpp:40]
[TRACE] => function name = "readCallBack" Aug  4 15:43:05 2021 fd=[14] EPOLLIN because of read, bytes=[3][TcpConn.cpp:72]
[TRACE] => function name = "sendInLoop" Aug  4 15:43:05 2021 fd=[14] sendInLoop, msg length=[3][TcpConn.cpp:162]
[TRACE] => function name = "send" 139958002501376 enter 139958010894080 loop[TcpConn.cpp:153]
[TRACE] => function name = "asyncWakeUp" Aug  4 15:43:05 2021 thread_id=[139958002501376] asyncWakeUp thread_id=[139958010894080][EventLoop.cpp:118]
[TRACE] => function name = "wait" Aug  4 15:43:05 2021 fd = 12 triggered 1 event by epollfd 11[Epoll.cpp:40]
[TRACE] => function name = "sendInLoop" Aug  4 15:43:05 2021 fd=[15] sendInLoop, msg length=[3][TcpConn.cpp:162]
[TRACE] => function name = "asyncWakeUp" Aug  4 15:43:05 2021 thread_id=[139958010894080] asyncWakeUp thread_id=[139958010894080][EventLoop.cpp:118]
[TRACE] => function name = "wait" Aug  4 15:43:05 2021 fd = 12 triggered 1 event by epollfd 11[Epoll.cpp:40]
[TRACE] => function name = "wait" Aug  4 15:43:05 2021 fd = 10 triggered 1 event by epollfd 8[Epoll.cpp:40]
[TRACE] => function name = "wait" Aug  4 15:43:05 2021 fd = 13 triggered 1 event by epollfd 11[Epoll.cpp:40]
[TRACE] => function name = "wait" Aug  4 15:43:06 2021 fd = 15 triggered 1 event by epollfd 11[Epoll.cpp:40]
[TRACE] => function name = "readCallBack" Aug  4 15:43:06 2021 fd=[15] EPOLLIN because of read, bytes=[1][TcpConn.cpp:72]
[TRACE] => function name = "send" 139958010894080 enter 139958002501376 loop[TcpConn.cpp:153]
[TRACE] => function name = "asyncWakeUp" Aug  4 15:43:06 2021 thread_id=[139958010894080] asyncWakeUp thread_id=[139958002501376][EventLoop.cpp:118]
[TRACE] => function name = "sendInLoop" Aug  4 15:43:06 2021 fd=[15] sendInLoop, msg length=[1][TcpConn.cpp:162]
[TRACE] => function name = "wait" Aug  4 15:43:06 2021 fd = 9 triggered 1 event by epollfd 8[Epoll.cpp:40]
[TRACE] => function name = "sendInLoop" Aug  4 15:43:06 2021 fd=[14] sendInLoop, msg length=[1][TcpConn.cpp:162]
[TRACE] => function name = "asyncWakeUp" Aug  4 15:43:06 2021 thread_id=[139958002501376] asyncWakeUp thread_id=[139958002501376][EventLoop.cpp:118]
[TRACE] => function name = "wait" Aug  4 15:43:06 2021 fd = 9 triggered 1 event by epollfd 8[Epoll.cpp:40]
[TRACE] => function name = "wait" Aug  4 15:43:06 2021 fd = 13 triggered 1 event by epollfd 11[Epoll.cpp:40]
[TRACE] => function name = "wait" Aug  4 15:43:06 2021 fd = 13 triggered 1 event by epollfd 11[Epoll.cpp:40]
[TRACE] => function name = "wait" Aug  4 15:43:06 2021 fd = 13 triggered 1 event by epollfd 11[Epoll.cpp:40]
[TRACE] => function name = "wait" Aug  4 15:43:06 2021 fd = 13 triggered 1 event by epollfd 11[Epoll.cpp:40]
[TRACE] => function name = "wait" Aug  4 15:43:06 2021 fd = 10 triggered 1 event by epollfd 8[Epoll.cpp:40]
[TRACE] => function name = "wait" Aug  4 15:43:06 2021 fd = 13 triggered 1 event by epollfd 11[Epoll.cpp:40]
[TRACE] => function name = "wait" Aug  4 15:43:06 2021 fd = 10 triggered 1 event by epollfd 8[Epoll.cpp:40]
[TRACE] => function name = "wait" Aug  4 15:43:06 2021 fd = 10 triggered 1 event by epollfd 8[Epoll.cpp:40]
[TRACE] => function name = "wait" Aug  4 15:43:06 2021 fd = 15 triggered 1 event by epollfd 11[Epoll.cpp:40]
[TRACE] => function name = "readCallBack" Aug  4 15:43:06 2021 fd=[15] EPOLLIN because of read, bytes=[1][TcpConn.cpp:72]
[TRACE] => function name = "send" 139958010894080 enter 139958002501376 loop[TcpConn.cpp:153]
[TRACE] => function name = "asyncWakeUp" Aug  4 15:43:06 2021 thread_id=[139958010894080] asyncWakeUp thread_id=[139958002501376][EventLoop.cpp:118]
[TRACE] => function name = "sendInLoop" Aug  4 15:43:06 2021 fd=[15] sendInLoop, msg length=[1][TcpConn.cpp:162]
[TRACE] => function name = "wait" Aug  4 15:43:06 2021 fd = 9 triggered 1 event by epollfd 8[Epoll.cpp:40]
[TRACE] => function name = "sendInLoop" Aug  4 15:43:06 2021 fd=[14] sendInLoop, msg length=[1][TcpConn.cpp:162]
[TRACE] => function name = "asyncWakeUp" Aug  4 15:43:06 2021 thread_id=[139958002501376] asyncWakeUp thread_id=[139958002501376][EventLoop.cpp:118]
[TRACE] => function name = "wait" Aug  4 15:43:06 2021 fd = 9 triggered 1 event by epollfd 8[Epoll.cpp:40]
[TRACE] => function name = "wait" Aug  4 15:43:06 2021 fd = 13 triggered 1 event by epollfd 11[Epoll.cpp:40]
[TRACE] => function name = "wait" Aug  4 15:43:06 2021 fd = 13 triggered 1 event by epollfd 11[Epoll.cpp:40]
[TRACE] => function name = "wait" Aug  4 15:43:06 2021 fd = 13 triggered 1 event by epollfd 11[Epoll.cpp:40]
[TRACE] => function name = "wait" Aug  4 15:43:07 2021 fd = 13 triggered 1 event by epollfd 11[Epoll.cpp:40]
[TRACE] => function name = "wait" Aug  4 15:43:07 2021 fd = 13 triggered 1 event by epollfd 11[Epoll.cpp:40]
[TRACE] => function name = "wait" Aug  4 15:43:07 2021 fd = 13 triggered 1 event by epollfd 11[Epoll.cpp:40]
[TRACE] => function name = "wait" Aug  4 15:43:07 2021 fd = 10 triggered 1 event by epollfd 8[Epoll.cpp:40]
[TRACE] => function name = "wait" Aug  4 15:43:07 2021 fd = 13 triggered 1 event by epollfd 11[Epoll.cpp:40]
[TRACE] => function name = "wait" Aug  4 15:43:07 2021 fd = 10 triggered 1 event by epollfd 8[Epoll.cpp:40]
[TRACE] => function name = "wait" Aug  4 15:43:07 2021 fd = 13 triggered 1 event by epollfd 11[Epoll.cpp:40]
[TRACE] => function name = "wait" Aug  4 15:43:07 2021 fd = 10 triggered 1 event by epollfd 8[Epoll.cpp:40]
[TRACE] => function name = "wait" Aug  4 15:43:07 2021 fd = 13 triggered 1 event by epollfd 11[Epoll.cpp:40]
[TRACE] => function name = "wait" Aug  4 15:43:08 2021 fd = 13 triggered 1 event by epollfd 11[Epoll.cpp:40]
[TRACE] => function name = "wait" Aug  4 15:43:08 2021 fd = 13 triggered 1 event by epollfd 11[Epoll.cpp:40]
[TRACE] => function name = "wait" Aug  4 15:43:08 2021 fd = 13 triggered 1 event by epollfd 11[Epoll.cpp:40]
[TRACE] => function name = "wait" Aug  4 15:43:08 2021 fd = 13 triggered 1 event by epollfd 11[Epoll.cpp:40]
[TRACE] => function name = "wait" Aug  4 15:43:15 2021 fd = 14 triggered 25 event by epollfd 8[Epoll.cpp:40]
[INFO] => Aug  4 15:43:15 2021 fd=[14] EPOLLIN but disconnect, remove the fd![TcpConn.cpp:64]
[TRACE] => function name = "wait" Aug  4 15:43:16 2021 fd = 15 triggered 25 event by epollfd 11[Epoll.cpp:40]
[INFO] => Aug  4 15:43:16 2021 fd=[15] EPOLLIN but disconnect, remove the fd![TcpConn.cpp:64]
