[TRACE] => function name = "Epoll" Aug  4 15:48:09 2021 create epollfd 3 by thread 139979729393984[Epoll.cpp:24]
[INFO] => New eventLoop constructed by thread_id=[139979729393984][EventLoop.cpp:51]
[INFO] => Aug  4 15:48:09 2021 thread=[139979729393984] create a io EventLoop[EventLoopThreadPool.cpp:70]
[INFO] => Aug  4 15:48:09 2021 thread=[139979729393984] create a io EventLoop[EventLoopThreadPool.cpp:70]
[INFO] => Aug  4 15:48:09 2021 server listening..., current IP=[127.0.0.1], current port=[8888], current htonsPort=[47138][Acceptor.cpp:57]
[TRACE] => function name = "loop" Aug  4 15:48:09 2021 eventLoop start loop with thread_id=[139979729393984][EventLoop.cpp:64]
[TRACE] => function name = "Epoll" Aug  4 15:48:09 2021 create epollfd 7 by thread 139979712993024[Epoll.cpp:24]
[INFO] => New eventLoop constructed by thread_id=[139979712993024][EventLoop.cpp:51]
[TRACE] => function name = "loop" Aug  4 15:48:09 2021 eventLoop start loop with thread_id=[139979712993024][EventLoop.cpp:64]
[TRACE] => function name = "Epoll" Aug  4 15:48:09 2021 create epollfd 11 by thread 139979704600320[Epoll.cpp:24]
[INFO] => New eventLoop constructed by thread_id=[139979704600320][EventLoop.cpp:51]
[TRACE] => function name = "loop" Aug  4 15:48:09 2021 eventLoop start loop with thread_id=[139979704600320][EventLoop.cpp:64]
[TRACE] => function name = "wait" Aug  4 15:48:10 2021 fd = 6 triggered 1 event by epollfd 3[Epoll.cpp:40]
[INFO] => Aug  4 15:48:10 2021 accept a new connection with fd=[14][Acceptor.cpp:72]
[TRACE] => function name = "wait" Aug  4 15:48:10 2021 fd = 14 triggered 1 event by epollfd 7[Epoll.cpp:40]
[TRACE] => function name = "readCallBack" Aug  4 15:48:10 2021 fd=[14] EPOLLIN because of read, bytes=[5][TcpConn.cpp:72]
[TRACE] => function name = "sendInLoop" Aug  4 15:48:10 2021 fd=[14] sendInLoop, msg length=[5][TcpConn.cpp:162]
[TRACE] => function name = "wait" Aug  4 15:48:10 2021 fd = 9 triggered 1 event by epollfd 7[Epoll.cpp:40]
[TRACE] => function name = "wait" Aug  4 15:48:11 2021 fd = 14 triggered 1 event by epollfd 7[Epoll.cpp:40]
[TRACE] => function name = "readCallBack" Aug  4 15:48:11 2021 fd=[14] EPOLLIN because of read, bytes=[2][TcpConn.cpp:72]
[TRACE] => function name = "sendInLoop" Aug  4 15:48:11 2021 fd=[14] sendInLoop, msg length=[2][TcpConn.cpp:162]
[TRACE] => function name = "wait" Aug  4 15:48:11 2021 fd = 9 triggered 1 event by epollfd 7[Epoll.cpp:40]
[TRACE] => function name = "wait" Aug  4 15:48:11 2021 fd = 9 triggered 1 event by epollfd 7[Epoll.cpp:40]
[TRACE] => function name = "wait" Aug  4 15:48:12 2021 fd = 14 triggered 1 event by epollfd 7[Epoll.cpp:40]
[TRACE] => function name = "readCallBack" Aug  4 15:48:12 2021 fd=[14] EPOLLIN because of read, bytes=[2][TcpConn.cpp:72]
[TRACE] => function name = "sendInLoop" Aug  4 15:48:12 2021 fd=[14] sendInLoop, msg length=[2][TcpConn.cpp:162]
[TRACE] => function name = "wait" Aug  4 15:48:12 2021 fd = 9 triggered 1 event by epollfd 7[Epoll.cpp:40]
[TRACE] => function name = "wait" Aug  4 15:48:12 2021 fd = 14 triggered 1 event by epollfd 7[Epoll.cpp:40]
[TRACE] => function name = "readCallBack" Aug  4 15:48:12 2021 fd=[14] EPOLLIN because of read, bytes=[2][TcpConn.cpp:72]
[TRACE] => function name = "sendInLoop" Aug  4 15:48:12 2021 fd=[14] sendInLoop, msg length=[2][TcpConn.cpp:162]
[TRACE] => function name = "wait" Aug  4 15:48:12 2021 fd = 9 triggered 1 event by epollfd 7[Epoll.cpp:40]
[TRACE] => function name = "wait" Aug  4 15:48:12 2021 fd = 9 triggered 1 event by epollfd 7[Epoll.cpp:40]
[TRACE] => function name = "wait" Aug  4 15:48:12 2021 fd = 14 triggered 1 event by epollfd 7[Epoll.cpp:40]
[TRACE] => function name = "readCallBack" Aug  4 15:48:12 2021 fd=[14] EPOLLIN because of read, bytes=[2][TcpConn.cpp:72]
[TRACE] => function name = "sendInLoop" Aug  4 15:48:12 2021 fd=[14] sendInLoop, msg length=[2][TcpConn.cpp:162]
[TRACE] => function name = "wait" Aug  4 15:48:12 2021 fd = 9 triggered 1 event by epollfd 7[Epoll.cpp:40]
[TRACE] => function name = "wait" Aug  4 15:48:12 2021 fd = 9 triggered 1 event by epollfd 7[Epoll.cpp:40]
[TRACE] => function name = "wait" Aug  4 15:48:12 2021 fd = 9 triggered 1 event by epollfd 7[Epoll.cpp:40]
[TRACE] => function name = "wait" Aug  4 15:48:13 2021 fd = 9 triggered 1 event by epollfd 7[Epoll.cpp:40]
[TRACE] => function name = "wait" Aug  4 15:48:13 2021 fd = 9 triggered 1 event by epollfd 7[Epoll.cpp:40]
[TRACE] => function name = "wait" Aug  4 15:48:13 2021 fd = 9 triggered 1 event by epollfd 7[Epoll.cpp:40]
[TRACE] => function name = "wait" Aug  4 15:48:13 2021 fd = 9 triggered 1 event by epollfd 7[Epoll.cpp:40]
[TRACE] => function name = "wait" Aug  4 15:48:13 2021 fd = 9 triggered 1 event by epollfd 7[Epoll.cpp:40]
[TRACE] => function name = "wait" Aug  4 15:48:14 2021 fd = 9 triggered 1 event by epollfd 7[Epoll.cpp:40]
[TRACE] => function name = "wait" Aug  4 15:48:14 2021 fd = 9 triggered 1 event by epollfd 7[Epoll.cpp:40]
[TRACE] => function name = "wait" Aug  4 15:48:14 2021 fd = 9 triggered 1 event by epollfd 7[Epoll.cpp:40]
[TRACE] => function name = "wait" Aug  4 15:48:14 2021 fd = 9 triggered 1 event by epollfd 7[Epoll.cpp:40]
[TRACE] => function name = "wait" Aug  4 15:48:14 2021 fd = 9 triggered 1 event by epollfd 7[Epoll.cpp:40]
[TRACE] => function name = "wait" Aug  4 15:48:14 2021 fd = 9 triggered 1 event by epollfd 7[Epoll.cpp:40]
[TRACE] => function name = "wait" Aug  4 15:48:16 2021 fd = 14 triggered 1 event by epollfd 7[Epoll.cpp:40]
[INFO] => Aug  4 15:48:16 2021 fd=[14] EPOLLIN but disconnect, remove the fd![TcpConn.cpp:64]
