[TRACE] => function name = "Epoll" Aug  4 15:22:49 2021 create epollfd 3 by thread 139873121433920[Epoll.cpp:24]
[INFO] => New eventLoop constructed by thread_id=[139873121433920][EventLoop.cpp:51]
[INFO] => Aug  4 15:22:49 2021 thread=[139873121433920] create a io EventLoop[EventLoopThreadPool.cpp:70]
[TRACE] => function name = "Epoll" Aug  4 15:22:49 2021 create epollfd 8 by thread 139873097029376[Epoll.cpp:24]
[INFO] => New eventLoop constructed by thread_id=[139873097029376][EventLoop.cpp:51]
[TRACE] => function name = "loop" Aug  4 15:22:49 2021 eventLoop start loop with thread_id=[139873097029376][EventLoop.cpp:64]
[INFO] => Aug  4 15:22:49 2021 thread=[139873121433920] create a io EventLoop[EventLoopThreadPool.cpp:70]
[INFO] => Aug  4 15:22:49 2021 server listening..., current IP=[127.0.0.1], current port=[8888], current htonsPort=[47138][Acceptor.cpp:57]
[TRACE] => function name = "loop" Aug  4 15:22:49 2021 eventLoop start loop with thread_id=[139873121433920][EventLoop.cpp:64]
[TRACE] => function name = "Epoll" Aug  4 15:22:49 2021 create epollfd 11 by thread 139873088636672[Epoll.cpp:24]
[INFO] => New eventLoop constructed by thread_id=[139873088636672][EventLoop.cpp:51]
[TRACE] => function name = "loop" Aug  4 15:22:49 2021 eventLoop start loop with thread_id=[139873088636672][EventLoop.cpp:64]
[TRACE] => function name = "wait" Aug  4 15:22:51 2021 fd = 7 triggered 1 event by epollfd 3[Epoll.cpp:40]
[INFO] => Aug  4 15:22:51 2021 accept a new connection with fd=[14][Acceptor.cpp:72]
[TRACE] => function name = "wait" Aug  4 15:22:51 2021 fd = 14 triggered 1 event by epollfd 8[Epoll.cpp:40]
[TRACE] => function name = "readCallBack" Aug  4 15:22:51 2021 fd=[14] EPOLLIN because of read, bytes=[5][TcpConn.cpp:72]
[TRACE] => function name = "sendInLoop" Aug  4 15:22:51 2021 fd=[14] sendInLoop, msg length=[5][TcpConn.cpp:162]
[TRACE] => function name = "wait" Aug  4 15:22:51 2021 fd = 10 triggered 1 event by epollfd 8[Epoll.cpp:40]
[TRACE] => function name = "wait" Aug  4 15:22:52 2021 fd = 10 triggered 1 event by epollfd 8[Epoll.cpp:40]
[TRACE] => function name = "wait" Aug  4 15:22:53 2021 fd = 10 triggered 1 event by epollfd 8[Epoll.cpp:40]
[TRACE] => function name = "wait" Aug  4 15:22:53 2021 fd = 10 triggered 1 event by epollfd 8[Epoll.cpp:40]
[TRACE] => function name = "wait" Aug  4 15:22:55 2021 fd = 7 triggered 1 event by epollfd 3[Epoll.cpp:40]
[INFO] => Aug  4 15:22:55 2021 accept a new connection with fd=[15][Acceptor.cpp:72]
[TRACE] => function name = "wait" Aug  4 15:22:55 2021 fd = 15 triggered 1 event by epollfd 11[Epoll.cpp:40]
[TRACE] => function name = "readCallBack" Aug  4 15:22:55 2021 fd=[15] EPOLLIN because of read, bytes=[5][TcpConn.cpp:72]
[TRACE] => function name = "send" 139873088636672 enter 139873097029376 loop[TcpConn.cpp:153]
[TRACE] => function name = "asyncWakeUp" Aug  4 15:22:55 2021 thread_id=[139873088636672] asyncWakeUp thread_id=[139873097029376][EventLoop.cpp:118]
[TRACE] => function name = "sendInLoop" Aug  4 15:22:55 2021 fd=[15] sendInLoop, msg length=[5][TcpConn.cpp:162]
[TRACE] => function name = "wait" Aug  4 15:22:55 2021 fd = 9 triggered 1 event by epollfd 8[Epoll.cpp:40]
[TRACE] => function name = "sendInLoop" Aug  4 15:22:55 2021 fd=[14] sendInLoop, msg length=[5][TcpConn.cpp:162]
[TRACE] => function name = "asyncWakeUp" Aug  4 15:22:55 2021 thread_id=[139873097029376] asyncWakeUp thread_id=[139873097029376][EventLoop.cpp:118]
[TRACE] => function name = "wait" Aug  4 15:22:55 2021 fd = 9 triggered 1 event by epollfd 8[Epoll.cpp:40]
[TRACE] => function name = "wait" Aug  4 15:22:55 2021 fd = 13 triggered 1 event by epollfd 11[Epoll.cpp:40]
[TRACE] => function name = "wait" Aug  4 15:22:56 2021 fd = 13 triggered 1 event by epollfd 11[Epoll.cpp:40]
[TRACE] => function name = "wait" Aug  4 15:22:57 2021 fd = 13 triggered 1 event by epollfd 11[Epoll.cpp:40]
[TRACE] => function name = "wait" Aug  4 15:22:57 2021 fd = 13 triggered 1 event by epollfd 11[Epoll.cpp:40]
[TRACE] => function name = "wait" Aug  4 15:22:57 2021 fd = 15 triggered 1 event by epollfd 11[Epoll.cpp:40]
[TRACE] => function name = "readCallBack" Aug  4 15:22:57 2021 fd=[15] EPOLLIN because of read, bytes=[3][TcpConn.cpp:72]
[TRACE] => function name = "send" 139873088636672 enter 139873097029376 loop[TcpConn.cpp:153]
[TRACE] => function name = "asyncWakeUp" Aug  4 15:22:57 2021 thread_id=[139873088636672] asyncWakeUp thread_id=[139873097029376][EventLoop.cpp:118]
[TRACE] => function name = "sendInLoop" Aug  4 15:22:57 2021 fd=[15] sendInLoop, msg length=[3][TcpConn.cpp:162]
[TRACE] => function name = "wait" Aug  4 15:22:57 2021 fd = 9 triggered 1 event by epollfd 8[Epoll.cpp:40]
[TRACE] => function name = "sendInLoop" Aug  4 15:22:57 2021 fd=[14] sendInLoop, msg length=[3][TcpConn.cpp:162]
[TRACE] => function name = "asyncWakeUp" Aug  4 15:22:57 2021 thread_id=[139873097029376] asyncWakeUp thread_id=[139873097029376][EventLoop.cpp:118]
[TRACE] => function name = "wait" Aug  4 15:22:57 2021 fd = 9 triggered 1 event by epollfd 8[Epoll.cpp:40]
[TRACE] => function name = "wait" Aug  4 15:22:57 2021 fd = 13 triggered 1 event by epollfd 11[Epoll.cpp:40]
[TRACE] => function name = "wait" Aug  4 15:22:58 2021 fd = 13 triggered 1 event by epollfd 11[Epoll.cpp:40]
[TRACE] => function name = "wait" Aug  4 15:22:58 2021 fd = 15 triggered 1 event by epollfd 11[Epoll.cpp:40]
[TRACE] => function name = "readCallBack" Aug  4 15:22:58 2021 fd=[15] EPOLLIN because of read, bytes=[4][TcpConn.cpp:72]
[TRACE] => function name = "send" 139873088636672 enter 139873097029376 loop[TcpConn.cpp:153]
[TRACE] => function name = "asyncWakeUp" Aug  4 15:22:58 2021 thread_id=[139873088636672] asyncWakeUp thread_id=[139873097029376][EventLoop.cpp:118]
[TRACE] => function name = "sendInLoop" Aug  4 15:22:58 2021 fd=[15] sendInLoop, msg length=[4][TcpConn.cpp:162]
[TRACE] => function name = "wait" Aug  4 15:22:58 2021 fd = 9 triggered 1 event by epollfd 8[Epoll.cpp:40]
[TRACE] => function name = "sendInLoop" Aug  4 15:22:58 2021 fd=[14] sendInLoop, msg length=[4][TcpConn.cpp:162]
[TRACE] => function name = "asyncWakeUp" Aug  4 15:22:58 2021 thread_id=[139873097029376] asyncWakeUp thread_id=[139873097029376][EventLoop.cpp:118]
[TRACE] => function name = "wait" Aug  4 15:22:58 2021 fd = 9 triggered 1 event by epollfd 8[Epoll.cpp:40]
[TRACE] => function name = "wait" Aug  4 15:22:58 2021 fd = 13 triggered 1 event by epollfd 11[Epoll.cpp:40]
[TRACE] => function name = "wait" Aug  4 15:22:59 2021 fd = 13 triggered 1 event by epollfd 11[Epoll.cpp:40]
[TRACE] => function name = "wait" Aug  4 15:22:59 2021 fd = 13 triggered 1 event by epollfd 11[Epoll.cpp:40]
[TRACE] => function name = "wait" Aug  4 15:22:59 2021 fd = 13 triggered 1 event by epollfd 11[Epoll.cpp:40]
[TRACE] => function name = "wait" Aug  4 15:23:00 2021 fd = 13 triggered 1 event by epollfd 11[Epoll.cpp:40]
[TRACE] => function name = "wait" Aug  4 15:23:00 2021 fd = 13 triggered 1 event by epollfd 11[Epoll.cpp:40]
[TRACE] => function name = "wait" Aug  4 15:23:01 2021 fd = 14 triggered 1 event by epollfd 8[Epoll.cpp:40]
[TRACE] => function name = "readCallBack" Aug  4 15:23:01 2021 fd=[14] EPOLLIN because of read, bytes=[5][TcpConn.cpp:72]
[TRACE] => function name = "sendInLoop" Aug  4 15:23:01 2021 fd=[14] sendInLoop, msg length=[5][TcpConn.cpp:162]
[TRACE] => function name = "send" 139873097029376 enter 139873088636672 loop[TcpConn.cpp:153]
[TRACE] => function name = "asyncWakeUp" Aug  4 15:23:01 2021 thread_id=[139873097029376] asyncWakeUp thread_id=[139873088636672][EventLoop.cpp:118]
[TRACE] => function name = "wait" Aug  4 15:23:01 2021 fd = 12 triggered 1 event by epollfd 11[Epoll.cpp:40]
[TRACE] => function name = "sendInLoop" Aug  4 15:23:01 2021 fd=[15] sendInLoop, msg length=[5][TcpConn.cpp:162]
[TRACE] => function name = "asyncWakeUp" Aug  4 15:23:01 2021 thread_id=[139873088636672] asyncWakeUp thread_id=[139873088636672][EventLoop.cpp:118]
[TRACE] => function name = "wait" Aug  4 15:23:01 2021 fd = 12 triggered 1 event by epollfd 11[Epoll.cpp:40]
[TRACE] => function name = "wait" Aug  4 15:23:01 2021 fd = 10 triggered 1 event by epollfd 8[Epoll.cpp:40]
[TRACE] => function name = "wait" Aug  4 15:23:02 2021 fd = 10 triggered 1 event by epollfd 8[Epoll.cpp:40]
[TRACE] => function name = "wait" Aug  4 15:23:03 2021 fd = 10 triggered 1 event by epollfd 8[Epoll.cpp:40]
[TRACE] => function name = "wait" Aug  4 15:23:03 2021 fd = 10 triggered 1 event by epollfd 8[Epoll.cpp:40]
[TRACE] => function name = "wait" Aug  4 15:23:05 2021 fd = 15 triggered 1 event by epollfd 11[Epoll.cpp:40]
[TRACE] => function name = "readCallBack" Aug  4 15:23:05 2021 fd=[15] EPOLLIN because of read, bytes=[3][TcpConn.cpp:72]
[TRACE] => function name = "send" 139873088636672 enter 139873097029376 loop[TcpConn.cpp:153]
[TRACE] => function name = "wait" Aug  4 15:23:05 2021 fd = 9 triggered 1 event by epollfd 8[Epoll.cpp:40]
[TRACE] => function name = "sendInLoop" Aug  4 15:23:05 2021 fd=[14] sendInLoop, msg length=[3][TcpConn.cpp:162]
[TRACE] => function name = "asyncWakeUp" Aug  4 15:23:05 2021 thread_id=[139873097029376] asyncWakeUp thread_id=[139873097029376][EventLoop.cpp:118]
[TRACE] => function name = "wait" Aug  4 15:23:05 2021 fd = 9 triggered 1 event by epollfd 8[Epoll.cpp:40]
[TRACE] => function name = "asyncWakeUp" Aug  4 15:23:05 2021 thread_id=[139873088636672] asyncWakeUp thread_id=[139873097029376][EventLoop.cpp:118]
[TRACE] => function name = "sendInLoop" Aug  4 15:23:05 2021 fd=[15] sendInLoop, msg length=[3][TcpConn.cpp:162]
[TRACE] => function name = "wait" Aug  4 15:23:05 2021 fd = 13 triggered 1 event by epollfd 11[Epoll.cpp:40]
[TRACE] => function name = "wait" Aug  4 15:23:06 2021 fd = 13 triggered 1 event by epollfd 11[Epoll.cpp:40]
[TRACE] => function name = "wait" Aug  4 15:23:06 2021 fd = 15 triggered 1 event by epollfd 11[Epoll.cpp:40]
[TRACE] => function name = "readCallBack" Aug  4 15:23:06 2021 fd=[15] EPOLLIN because of read, bytes=[1][TcpConn.cpp:72]
[TRACE] => function name = "send" 139873088636672 enter 139873097029376 loop[TcpConn.cpp:153]
[TRACE] => function name = "wait" Aug  4 15:23:06 2021 fd = 9 triggered 1 event by epollfd 8[Epoll.cpp:40]
[TRACE] => function name = "sendInLoop" Aug  4 15:23:06 2021 fd=[14] sendInLoop, msg length=[1][TcpConn.cpp:162]
[TRACE] => function name = "asyncWakeUp" Aug  4 15:23:06 2021 thread_id=[139873097029376] asyncWakeUp thread_id=[139873097029376][EventLoop.cpp:118]
[TRACE] => function name = "wait" Aug  4 15:23:06 2021 fd = 9 triggered 1 event by epollfd 8[Epoll.cpp:40]
[TRACE] => function name = "asyncWakeUp" Aug  4 15:23:06 2021 thread_id=[139873088636672] asyncWakeUp thread_id=[139873097029376][EventLoop.cpp:118]
[TRACE] => function name = "sendInLoop" Aug  4 15:23:06 2021 fd=[15] sendInLoop, msg length=[1][TcpConn.cpp:162]
[TRACE] => function name = "wait" Aug  4 15:23:06 2021 fd = 13 triggered 1 event by epollfd 11[Epoll.cpp:40]
[TRACE] => function name = "wait" Aug  4 15:23:07 2021 fd = 13 triggered 1 event by epollfd 11[Epoll.cpp:40]
[TRACE] => function name = "wait" Aug  4 15:23:07 2021 fd = 13 triggered 1 event by epollfd 11[Epoll.cpp:40]
[TRACE] => function name = "wait" Aug  4 15:23:07 2021 fd = 13 triggered 1 event by epollfd 11[Epoll.cpp:40]
[TRACE] => function name = "wait" Aug  4 15:23:08 2021 fd = 14 triggered 1 event by epollfd 8[Epoll.cpp:40]
[TRACE] => function name = "readCallBack" Aug  4 15:23:08 2021 fd=[14] EPOLLIN because of read, bytes=[3][TcpConn.cpp:72]
[TRACE] => function name = "sendInLoop" Aug  4 15:23:08 2021 fd=[14] sendInLoop, msg length=[3][TcpConn.cpp:162]
[TRACE] => function name = "send" 139873097029376 enter 139873088636672 loop[TcpConn.cpp:153]
[TRACE] => function name = "asyncWakeUp" Aug  4 15:23:08 2021 thread_id=[139873097029376] asyncWakeUp thread_id=[139873088636672][EventLoop.cpp:118]
[TRACE] => function name = "wait" Aug  4 15:23:08 2021 fd = 12 triggered 1 event by epollfd 11[Epoll.cpp:40]
[TRACE] => function name = "sendInLoop" Aug  4 15:23:08 2021 fd=[15] sendInLoop, msg length=[3][TcpConn.cpp:162]
[TRACE] => function name = "asyncWakeUp" Aug  4 15:23:08 2021 thread_id=[139873088636672] asyncWakeUp thread_id=[139873088636672][EventLoop.cpp:118]
[TRACE] => function name = "wait" Aug  4 15:23:08 2021 fd = 12 triggered 1 event by epollfd 11[Epoll.cpp:40]
[TRACE] => function name = "wait" Aug  4 15:23:08 2021 fd = 10 triggered 1 event by epollfd 8[Epoll.cpp:40]
[TRACE] => function name = "wait" Aug  4 15:23:08 2021 fd = 13 triggered 1 event by epollfd 11[Epoll.cpp:40]
[TRACE] => function name = "wait" Aug  4 15:23:08 2021 fd = 13 triggered 1 event by epollfd 11[Epoll.cpp:40]
[TRACE] => function name = "wait" Aug  4 15:23:09 2021 fd = 10 triggered 1 event by epollfd 8[Epoll.cpp:40]
[TRACE] => function name = "wait" Aug  4 15:23:10 2021 fd = 15 triggered 1 event by epollfd 11[Epoll.cpp:40]
[TRACE] => function name = "readCallBack" Aug  4 15:23:10 2021 fd=[15] EPOLLIN because of read, bytes=[4][TcpConn.cpp:72]
[TRACE] => function name = "send" 139873088636672 enter 139873097029376 loop[TcpConn.cpp:153]
[TRACE] => function name = "wait" Aug  4 15:23:10 2021 fd = 9 triggered 1 event by epollfd 8[Epoll.cpp:40]
[TRACE] => function name = "sendInLoop" Aug  4 15:23:10 2021 fd=[14] sendInLoop, msg length=[4][TcpConn.cpp:162]
[TRACE] => function name = "asyncWakeUp" Aug  4 15:23:10 2021 thread_id=[139873097029376] asyncWakeUp thread_id=[139873097029376][EventLoop.cpp:118]
[TRACE] => function name = "wait" Aug  4 15:23:10 2021 fd = 9 triggered 1 event by epollfd 8[Epoll.cpp:40]
[TRACE] => function name = "asyncWakeUp" Aug  4 15:23:10 2021 thread_id=[139873088636672] asyncWakeUp thread_id=[139873097029376][EventLoop.cpp:118]
[TRACE] => function name = "sendInLoop" Aug  4 15:23:10 2021 fd=[15] sendInLoop, msg length=[4][TcpConn.cpp:162]
[TRACE] => function name = "wait" Aug  4 15:23:10 2021 fd = 13 triggered 1 event by epollfd 11[Epoll.cpp:40]
[TRACE] => function name = "wait" Aug  4 15:23:10 2021 fd = 10 triggered 1 event by epollfd 8[Epoll.cpp:40]
[TRACE] => function name = "wait" Aug  4 15:23:10 2021 fd = 10 triggered 1 event by epollfd 8[Epoll.cpp:40]
[TRACE] => function name = "wait" Aug  4 15:23:11 2021 fd = 13 triggered 1 event by epollfd 11[Epoll.cpp:40]
[TRACE] => function name = "wait" Aug  4 15:23:12 2021 fd = 13 triggered 1 event by epollfd 11[Epoll.cpp:40]
[TRACE] => function name = "wait" Aug  4 15:23:12 2021 fd = 13 triggered 1 event by epollfd 11[Epoll.cpp:40]
[TRACE] => function name = "wait" Aug  4 15:23:12 2021 fd = 14 triggered 1 event by epollfd 8[Epoll.cpp:40]
[TRACE] => function name = "readCallBack" Aug  4 15:23:12 2021 fd=[14] EPOLLIN because of read, bytes=[3][TcpConn.cpp:72]
[TRACE] => function name = "sendInLoop" Aug  4 15:23:12 2021 fd=[14] sendInLoop, msg length=[3][TcpConn.cpp:162]
[TRACE] => function name = "send" 139873097029376 enter 139873088636672 loop[TcpConn.cpp:153]
[TRACE] => function name = "asyncWakeUp" Aug  4 15:23:12 2021 thread_id=[139873097029376] asyncWakeUp thread_id=[139873088636672][EventLoop.cpp:118]
[TRACE] => function name = "wait" Aug  4 15:23:12 2021 fd = 12 triggered 1 event by epollfd 11[Epoll.cpp:40]
[TRACE] => function name = "sendInLoop" Aug  4 15:23:12 2021 fd=[15] sendInLoop, msg length=[3][TcpConn.cpp:162]
[TRACE] => function name = "asyncWakeUp" Aug  4 15:23:12 2021 thread_id=[139873088636672] asyncWakeUp thread_id=[139873088636672][EventLoop.cpp:118]
[TRACE] => function name = "wait" Aug  4 15:23:12 2021 fd = 12 triggered 1 event by epollfd 11[Epoll.cpp:40]
[TRACE] => function name = "wait" Aug  4 15:23:12 2021 fd = 10 triggered 1 event by epollfd 8[Epoll.cpp:40]
[TRACE] => function name = "wait" Aug  4 15:23:13 2021 fd = 10 triggered 1 event by epollfd 8[Epoll.cpp:40]
[TRACE] => function name = "wait" Aug  4 15:23:14 2021 fd = 10 triggered 1 event by epollfd 8[Epoll.cpp:40]
[TRACE] => function name = "wait" Aug  4 15:23:14 2021 fd = 10 triggered 1 event by epollfd 8[Epoll.cpp:40]
[TRACE] => function name = "wait" Aug  4 15:23:14 2021 fd = 15 triggered 1 event by epollfd 11[Epoll.cpp:40]
[TRACE] => function name = "readCallBack" Aug  4 15:23:14 2021 fd=[15] EPOLLIN because of read, bytes=[3][TcpConn.cpp:72]
[TRACE] => function name = "send" 139873088636672 enter 139873097029376 loop[TcpConn.cpp:153]
[TRACE] => function name = "wait" Aug  4 15:23:14 2021 fd = 9 triggered 1 event by epollfd 8[Epoll.cpp:40]
[TRACE] => function name = "sendInLoop" Aug  4 15:23:14 2021 fd=[14] sendInLoop, msg length=[3][TcpConn.cpp:162]
[TRACE] => function name = "asyncWakeUp" Aug  4 15:23:14 2021 thread_id=[139873097029376] asyncWakeUp thread_id=[139873097029376][EventLoop.cpp:118]
[TRACE] => function name = "wait" Aug  4 15:23:14 2021 fd = 9 triggered 1 event by epollfd 8[Epoll.cpp:40]
[TRACE] => function name = "asyncWakeUp" Aug  4 15:23:14 2021 thread_id=[139873088636672] asyncWakeUp thread_id=[139873097029376][EventLoop.cpp:118]
[TRACE] => function name = "sendInLoop" Aug  4 15:23:14 2021 fd=[15] sendInLoop, msg length=[3][TcpConn.cpp:162]
[TRACE] => function name = "wait" Aug  4 15:23:14 2021 fd = 13 triggered 1 event by epollfd 11[Epoll.cpp:40]
[TRACE] => function name = "wait" Aug  4 15:23:15 2021 fd = 13 triggered 1 event by epollfd 11[Epoll.cpp:40]
[TRACE] => function name = "wait" Aug  4 15:23:16 2021 fd = 13 triggered 1 event by epollfd 11[Epoll.cpp:40]
[TRACE] => function name = "wait" Aug  4 15:23:16 2021 fd = 13 triggered 1 event by epollfd 11[Epoll.cpp:40]
[TRACE] => function name = "wait" Aug  4 15:23:16 2021 fd = 14 triggered 1 event by epollfd 8[Epoll.cpp:40]
[TRACE] => function name = "readCallBack" Aug  4 15:23:16 2021 fd=[14] EPOLLIN because of read, bytes=[3][TcpConn.cpp:72]
[TRACE] => function name = "sendInLoop" Aug  4 15:23:16 2021 fd=[14] sendInLoop, msg length=[3][TcpConn.cpp:162]
[TRACE] => function name = "send" 139873097029376 enter 139873088636672 loop[TcpConn.cpp:153]
[TRACE] => function name = "asyncWakeUp" Aug  4 15:23:16 2021 thread_id=[139873097029376] asyncWakeUp thread_id=[139873088636672][EventLoop.cpp:118]
[TRACE] => function name = "wait" Aug  4 15:23:16 2021 fd = 12 triggered 1 event by epollfd 11[Epoll.cpp:40]
[TRACE] => function name = "sendInLoop" Aug  4 15:23:16 2021 fd=[15] sendInLoop, msg length=[3][TcpConn.cpp:162]
[TRACE] => function name = "asyncWakeUp" Aug  4 15:23:16 2021 thread_id=[139873088636672] asyncWakeUp thread_id=[139873088636672][EventLoop.cpp:118]
[TRACE] => function name = "wait" Aug  4 15:23:16 2021 fd = 12 triggered 1 event by epollfd 11[Epoll.cpp:40]
[TRACE] => function name = "wait" Aug  4 15:23:16 2021 fd = 10 triggered 1 event by epollfd 8[Epoll.cpp:40]
[TRACE] => function name = "wait" Aug  4 15:23:17 2021 fd = 10 triggered 1 event by epollfd 8[Epoll.cpp:40]
[TRACE] => function name = "wait" Aug  4 15:23:18 2021 fd = 10 triggered 1 event by epollfd 8[Epoll.cpp:40]
[TRACE] => function name = "wait" Aug  4 15:23:18 2021 fd = 10 triggered 1 event by epollfd 8[Epoll.cpp:40]
[TRACE] => function name = "wait" Aug  4 15:23:18 2021 fd = 15 triggered 1 event by epollfd 11[Epoll.cpp:40]
[TRACE] => function name = "readCallBack" Aug  4 15:23:18 2021 fd=[15] EPOLLIN because of read, bytes=[3][TcpConn.cpp:72]
[TRACE] => function name = "send" 139873088636672 enter 139873097029376 loop[TcpConn.cpp:153]
[TRACE] => function name = "wait" Aug  4 15:23:18 2021 fd = 9 triggered 1 event by epollfd 8[Epoll.cpp:40]
[TRACE] => function name = "sendInLoop" Aug  4 15:23:18 2021 fd=[14] sendInLoop, msg length=[3][TcpConn.cpp:162]
[TRACE] => function name = "asyncWakeUp" Aug  4 15:23:18 2021 thread_id=[139873097029376] asyncWakeUp thread_id=[139873097029376][EventLoop.cpp:118]
[TRACE] => function name = "wait" Aug  4 15:23:18 2021 fd = 9 triggered 1 event by epollfd 8[Epoll.cpp:40]
[TRACE] => function name = "asyncWakeUp" Aug  4 15:23:18 2021 thread_id=[139873088636672] asyncWakeUp thread_id=[139873097029376][EventLoop.cpp:118]
[TRACE] => function name = "sendInLoop" Aug  4 15:23:18 2021 fd=[15] sendInLoop, msg length=[3][TcpConn.cpp:162]
[TRACE] => function name = "wait" Aug  4 15:23:18 2021 fd = 13 triggered 1 event by epollfd 11[Epoll.cpp:40]
[TRACE] => function name = "wait" Aug  4 15:23:19 2021 fd = 13 triggered 1 event by epollfd 11[Epoll.cpp:40]
[TRACE] => function name = "wait" Aug  4 15:23:20 2021 fd = 13 triggered 1 event by epollfd 11[Epoll.cpp:40]
[TRACE] => function name = "wait" Aug  4 15:23:20 2021 fd = 13 triggered 1 event by epollfd 11[Epoll.cpp:40]
