[TRACE] => function name = "Epoll" Aug  4 15:33:46 2021 create epollfd 3 by thread 140635942664512[Epoll.cpp:24]
[INFO] => New eventLoop constructed by thread_id=[140635942664512][EventLoop.cpp:51]
[INFO] => Aug  4 15:33:46 2021 thread=[140635942664512] create a io EventLoop[EventLoopThreadPool.cpp:70]
[INFO] => Aug  4 15:33:46 2021 thread=[140635942664512] create a io EventLoop[EventLoopThreadPool.cpp:70]
[INFO] => Aug  4 15:33:46 2021 server listening..., current IP=[127.0.0.1], current port=[8888], current htonsPort=[47138][Acceptor.cpp:57]
[TRACE] => function name = "loop" Aug  4 15:33:46 2021 eventLoop start loop with thread_id=[140635942664512][EventLoop.cpp:64]
[TRACE] => function name = "Epoll" Aug  4 15:33:46 2021 create epollfd 7 by thread 140635926263552[Epoll.cpp:24]
[INFO] => New eventLoop constructed by thread_id=[140635926263552][EventLoop.cpp:51]
[TRACE] => function name = "loop" Aug  4 15:33:46 2021 eventLoop start loop with thread_id=[140635926263552][EventLoop.cpp:64]
[TRACE] => function name = "Epoll" Aug  4 15:33:46 2021 create epollfd 11 by thread 140635917870848[Epoll.cpp:24]
[INFO] => New eventLoop constructed by thread_id=[140635917870848][EventLoop.cpp:51]
[TRACE] => function name = "loop" Aug  4 15:33:46 2021 eventLoop start loop with thread_id=[140635917870848][EventLoop.cpp:64]
[TRACE] => function name = "wait" Aug  4 15:33:49 2021 fd = 6 triggered 1 event by epollfd 3[Epoll.cpp:40]
[INFO] => Aug  4 15:33:49 2021 accept a new connection with fd=[14][Acceptor.cpp:72]
[TRACE] => function name = "wait" Aug  4 15:33:49 2021 fd = 14 triggered 1 event by epollfd 7[Epoll.cpp:40]
[TRACE] => function name = "readCallBack" Aug  4 15:33:49 2021 fd=[14] EPOLLIN because of read, bytes=[5][TcpConn.cpp:72]
[TRACE] => function name = "sendInLoop" Aug  4 15:33:49 2021 fd=[14] sendInLoop, msg length=[5][TcpConn.cpp:162]
[TRACE] => function name = "wait" Aug  4 15:33:49 2021 fd = 9 triggered 1 event by epollfd 7[Epoll.cpp:40]
[TRACE] => function name = "wait" Aug  4 15:33:50 2021 fd = 9 triggered 1 event by epollfd 7[Epoll.cpp:40]
[TRACE] => function name = "wait" Aug  4 15:33:51 2021 fd = 9 triggered 1 event by epollfd 7[Epoll.cpp:40]
[TRACE] => function name = "wait" Aug  4 15:33:51 2021 fd = 9 triggered 1 event by epollfd 7[Epoll.cpp:40]
[TRACE] => function name = "wait" Aug  4 15:33:52 2021 fd = 6 triggered 1 event by epollfd 3[Epoll.cpp:40]
[INFO] => Aug  4 15:33:52 2021 accept a new connection with fd=[15][Acceptor.cpp:72]
[TRACE] => function name = "wait" Aug  4 15:33:52 2021 fd = 15 triggered 1 event by epollfd 11[Epoll.cpp:40]
[TRACE] => function name = "readCallBack" Aug  4 15:33:52 2021 fd=[15] EPOLLIN because of read, bytes=[5][TcpConn.cpp:72]
[TRACE] => function name = "send" 140635917870848 enter 140635926263552 loop[TcpConn.cpp:153]
[TRACE] => function name = "asyncWakeUp" Aug  4 15:33:52 2021 thread_id=[140635917870848] asyncWakeUp thread_id=[140635926263552][EventLoop.cpp:118]
[TRACE] => function name = "sendInLoop" Aug  4 15:33:52 2021 fd=[15] sendInLoop, msg length=[5][TcpConn.cpp:162]
[TRACE] => function name = "wait" Aug  4 15:33:52 2021 fd = 8 triggered 1 event by epollfd 7[Epoll.cpp:40]
[TRACE] => function name = "sendInLoop" Aug  4 15:33:52 2021 fd=[14] sendInLoop, msg length=[5][TcpConn.cpp:162]
[TRACE] => function name = "asyncWakeUp" Aug  4 15:33:52 2021 thread_id=[140635926263552] asyncWakeUp thread_id=[140635926263552][EventLoop.cpp:118]
[TRACE] => function name = "wait" Aug  4 15:33:52 2021 fd = 8 triggered 1 event by epollfd 7[Epoll.cpp:40]
[TRACE] => function name = "wait" Aug  4 15:33:52 2021 fd = 13 triggered 1 event by epollfd 11[Epoll.cpp:40]
[TRACE] => function name = "wait" Aug  4 15:33:53 2021 fd = 13 triggered 1 event by epollfd 11[Epoll.cpp:40]
[TRACE] => function name = "wait" Aug  4 15:33:54 2021 fd = 15 triggered 1 event by epollfd 11[Epoll.cpp:40]
[TRACE] => function name = "readCallBack" Aug  4 15:33:54 2021 fd=[15] EPOLLIN because of read, bytes=[2][TcpConn.cpp:72]
[TRACE] => function name = "send" 140635917870848 enter 140635926263552 loop[TcpConn.cpp:153]
[TRACE] => function name = "asyncWakeUp" Aug  4 15:33:54 2021 thread_id=[140635917870848] asyncWakeUp thread_id=[140635926263552][EventLoop.cpp:118]
[TRACE] => function name = "sendInLoop" Aug  4 15:33:54 2021 fd=[15] sendInLoop, msg length=[2][TcpConn.cpp:162]
[TRACE] => function name = "wait" Aug  4 15:33:54 2021 fd = 8 triggered 1 event by epollfd 7[Epoll.cpp:40]
[TRACE] => function name = "sendInLoop" Aug  4 15:33:54 2021 fd=[14] sendInLoop, msg length=[2][TcpConn.cpp:162]
[TRACE] => function name = "asyncWakeUp" Aug  4 15:33:54 2021 thread_id=[140635926263552] asyncWakeUp thread_id=[140635926263552][EventLoop.cpp:118]
[TRACE] => function name = "wait" Aug  4 15:33:54 2021 fd = 8 triggered 1 event by epollfd 7[Epoll.cpp:40]
[TRACE] => function name = "wait" Aug  4 15:33:54 2021 fd = 13 triggered 1 event by epollfd 11[Epoll.cpp:40]
[TRACE] => function name = "wait" Aug  4 15:33:54 2021 fd = 13 triggered 1 event by epollfd 11[Epoll.cpp:40]
[TRACE] => function name = "wait" Aug  4 15:33:54 2021 fd = 13 triggered 1 event by epollfd 11[Epoll.cpp:40]
[TRACE] => function name = "wait" Aug  4 15:33:55 2021 fd = 13 triggered 1 event by epollfd 11[Epoll.cpp:40]
[TRACE] => function name = "wait" Aug  4 15:33:56 2021 fd = 13 triggered 1 event by epollfd 11[Epoll.cpp:40]
[TRACE] => function name = "wait" Aug  4 15:33:56 2021 fd = 13 triggered 1 event by epollfd 11[Epoll.cpp:40]
[TRACE] => function name = "wait" Aug  4 15:33:56 2021 fd = 14 triggered 1 event by epollfd 7[Epoll.cpp:40]
[TRACE] => function name = "readCallBack" Aug  4 15:33:56 2021 fd=[14] EPOLLIN because of read, bytes=[2][TcpConn.cpp:72]
[TRACE] => function name = "sendInLoop" Aug  4 15:33:56 2021 fd=[14] sendInLoop, msg length=[2][TcpConn.cpp:162]
[TRACE] => function name = "send" 140635926263552 enter 140635917870848 loop[TcpConn.cpp:153]
[TRACE] => function name = "asyncWakeUp" Aug  4 15:33:56 2021 thread_id=[140635926263552] asyncWakeUp thread_id=[140635917870848][EventLoop.cpp:118]
[TRACE] => function name = "wait" Aug  4 15:33:56 2021 fd = 12 triggered 1 event by epollfd 11[Epoll.cpp:40]
[TRACE] => function name = "sendInLoop" Aug  4 15:33:56 2021 fd=[15] sendInLoop, msg length=[2][TcpConn.cpp:162]
[TRACE] => function name = "asyncWakeUp" Aug  4 15:33:56 2021 thread_id=[140635917870848] asyncWakeUp thread_id=[140635917870848][EventLoop.cpp:118]
[TRACE] => function name = "wait" Aug  4 15:33:56 2021 fd = 12 triggered 1 event by epollfd 11[Epoll.cpp:40]
[TRACE] => function name = "wait" Aug  4 15:33:56 2021 fd = 9 triggered 1 event by epollfd 7[Epoll.cpp:40]
[TRACE] => function name = "wait" Aug  4 15:33:57 2021 fd = 9 triggered 1 event by epollfd 7[Epoll.cpp:40]
[TRACE] => function name = "wait" Aug  4 15:33:57 2021 fd = 14 triggered 1 event by epollfd 7[Epoll.cpp:40]
[TRACE] => function name = "readCallBack" Aug  4 15:33:57 2021 fd=[14] EPOLLIN because of read, bytes=[2][TcpConn.cpp:72]
[TRACE] => function name = "sendInLoop" Aug  4 15:33:57 2021 fd=[14] sendInLoop, msg length=[2][TcpConn.cpp:162]
[TRACE] => function name = "send" 140635926263552 enter 140635917870848 loop[TcpConn.cpp:153]
[TRACE] => function name = "asyncWakeUp" Aug  4 15:33:57 2021 thread_id=[140635926263552] asyncWakeUp thread_id=[140635917870848][EventLoop.cpp:118]
[TRACE] => function name = "wait" Aug  4 15:33:57 2021 fd = 12 triggered 1 event by epollfd 11[Epoll.cpp:40]
[TRACE] => function name = "sendInLoop" Aug  4 15:33:57 2021 fd=[15] sendInLoop, msg length=[2][TcpConn.cpp:162]
[TRACE] => function name = "asyncWakeUp" Aug  4 15:33:57 2021 thread_id=[140635917870848] asyncWakeUp thread_id=[140635917870848][EventLoop.cpp:118]
[TRACE] => function name = "wait" Aug  4 15:33:57 2021 fd = 12 triggered 1 event by epollfd 11[Epoll.cpp:40]
[TRACE] => function name = "wait" Aug  4 15:33:57 2021 fd = 9 triggered 1 event by epollfd 7[Epoll.cpp:40]
[TRACE] => function name = "wait" Aug  4 15:33:58 2021 fd = 9 triggered 1 event by epollfd 7[Epoll.cpp:40]
[TRACE] => function name = "wait" Aug  4 15:33:58 2021 fd = 9 triggered 1 event by epollfd 7[Epoll.cpp:40]
[TRACE] => function name = "wait" Aug  4 15:33:58 2021 fd = 9 triggered 1 event by epollfd 7[Epoll.cpp:40]
[TRACE] => function name = "wait" Aug  4 15:33:59 2021 fd = 9 triggered 1 event by epollfd 7[Epoll.cpp:40]
[TRACE] => function name = "wait" Aug  4 15:33:59 2021 fd = 9 triggered 1 event by epollfd 7[Epoll.cpp:40]
[TRACE] => function name = "wait" Aug  4 15:34:00 2021 fd = 15 triggered 1 event by epollfd 11[Epoll.cpp:40]
[TRACE] => function name = "readCallBack" Aug  4 15:34:00 2021 fd=[15] EPOLLIN because of read, bytes=[2][TcpConn.cpp:72]
[TRACE] => function name = "send" 140635917870848 enter 140635926263552 loop[TcpConn.cpp:153]
[TRACE] => function name = "asyncWakeUp" Aug  4 15:34:00 2021 thread_id=[140635917870848] asyncWakeUp thread_id=[140635926263552][EventLoop.cpp:118]
[TRACE] => function name = "sendInLoop" Aug  4 15:34:00 2021 fd=[15] sendInLoop, msg length=[2][TcpConn.cpp:162]
[TRACE] => function name = "wait" Aug  4 15:34:00 2021 fd = 8 triggered 1 event by epollfd 7[Epoll.cpp:40]
[TRACE] => function name = "sendInLoop" Aug  4 15:34:00 2021 fd=[14] sendInLoop, msg length=[2][TcpConn.cpp:162]
[TRACE] => function name = "asyncWakeUp" Aug  4 15:34:00 2021 thread_id=[140635926263552] asyncWakeUp thread_id=[140635926263552][EventLoop.cpp:118]
[TRACE] => function name = "wait" Aug  4 15:34:00 2021 fd = 8 triggered 1 event by epollfd 7[Epoll.cpp:40]
[TRACE] => function name = "wait" Aug  4 15:34:00 2021 fd = 13 triggered 1 event by epollfd 11[Epoll.cpp:40]
[TRACE] => function name = "wait" Aug  4 15:34:01 2021 fd = 15 triggered 1 event by epollfd 11[Epoll.cpp:40]
[TRACE] => function name = "readCallBack" Aug  4 15:34:01 2021 fd=[15] EPOLLIN because of read, bytes=[2][TcpConn.cpp:72]
[TRACE] => function name = "send" 140635917870848 enter 140635926263552 loop[TcpConn.cpp:153]
[TRACE] => function name = "asyncWakeUp" Aug  4 15:34:01 2021 thread_id=[140635917870848] asyncWakeUp thread_id=[140635926263552][EventLoop.cpp:118]
[TRACE] => function name = "sendInLoop" Aug  4 15:34:01 2021 fd=[15] sendInLoop, msg length=[2][TcpConn.cpp:162]
[TRACE] => function name = "wait" Aug  4 15:34:01 2021 fd = 8 triggered 1 event by epollfd 7[Epoll.cpp:40]
[TRACE] => function name = "sendInLoop" Aug  4 15:34:01 2021 fd=[14] sendInLoop, msg length=[2][TcpConn.cpp:162]
[TRACE] => function name = "asyncWakeUp" Aug  4 15:34:01 2021 thread_id=[140635926263552] asyncWakeUp thread_id=[140635926263552][EventLoop.cpp:118]
[TRACE] => function name = "wait" Aug  4 15:34:01 2021 fd = 8 triggered 1 event by epollfd 7[Epoll.cpp:40]
[TRACE] => function name = "wait" Aug  4 15:34:01 2021 fd = 13 triggered 1 event by epollfd 11[Epoll.cpp:40]
[TRACE] => function name = "wait" Aug  4 15:34:01 2021 fd = 13 triggered 1 event by epollfd 11[Epoll.cpp:40]
[TRACE] => function name = "wait" Aug  4 15:34:02 2021 fd = 13 triggered 1 event by epollfd 11[Epoll.cpp:40]
[TRACE] => function name = "wait" Aug  4 15:34:02 2021 fd = 13 triggered 1 event by epollfd 11[Epoll.cpp:40]
[TRACE] => function name = "wait" Aug  4 15:34:02 2021 fd = 13 triggered 1 event by epollfd 11[Epoll.cpp:40]
[TRACE] => function name = "wait" Aug  4 15:34:03 2021 fd = 13 triggered 1 event by epollfd 11[Epoll.cpp:40]
[TRACE] => function name = "wait" Aug  4 15:34:03 2021 fd = 13 triggered 1 event by epollfd 11[Epoll.cpp:40]
[TRACE] => function name = "wait" Aug  4 15:34:03 2021 fd = 14 triggered 1 event by epollfd 7[Epoll.cpp:40]
[TRACE] => function name = "readCallBack" Aug  4 15:34:03 2021 fd=[14] EPOLLIN because of read, bytes=[1][TcpConn.cpp:72]
[TRACE] => function name = "sendInLoop" Aug  4 15:34:03 2021 fd=[14] sendInLoop, msg length=[1][TcpConn.cpp:162]
[TRACE] => function name = "send" 140635926263552 enter 140635917870848 loop[TcpConn.cpp:153]
[TRACE] => function name = "asyncWakeUp" Aug  4 15:34:03 2021 thread_id=[140635926263552] asyncWakeUp thread_id=[140635917870848][EventLoop.cpp:118]
[TRACE] => function name = "wait" Aug  4 15:34:03 2021 fd = 12 triggered 1 event by epollfd 11[Epoll.cpp:40]
[TRACE] => function name = "sendInLoop" Aug  4 15:34:03 2021 fd=[15] sendInLoop, msg length=[1][TcpConn.cpp:162]
[TRACE] => function name = "asyncWakeUp" Aug  4 15:34:03 2021 thread_id=[140635917870848] asyncWakeUp thread_id=[140635917870848][EventLoop.cpp:118]
[TRACE] => function name = "wait" Aug  4 15:34:03 2021 fd = 12 triggered 1 event by epollfd 11[Epoll.cpp:40]
[TRACE] => function name = "wait" Aug  4 15:34:03 2021 fd = 9 triggered 1 event by epollfd 7[Epoll.cpp:40]
[TRACE] => function name = "wait" Aug  4 15:34:04 2021 fd = 9 triggered 1 event by epollfd 7[Epoll.cpp:40]
[TRACE] => function name = "wait" Aug  4 15:34:05 2021 fd = 9 triggered 1 event by epollfd 7[Epoll.cpp:40]
[TRACE] => function name = "wait" Aug  4 15:34:05 2021 fd = 9 triggered 1 event by epollfd 7[Epoll.cpp:40]
[TRACE] => function name = "wait" Aug  4 15:34:06 2021 fd = 15 triggered 1 event by epollfd 11[Epoll.cpp:40]
[TRACE] => function name = "readCallBack" Aug  4 15:34:06 2021 fd=[15] EPOLLIN because of read, bytes=[2][TcpConn.cpp:72]
[TRACE] => function name = "send" 140635917870848 enter 140635926263552 loop[TcpConn.cpp:153]
[TRACE] => function name = "asyncWakeUp" Aug  4 15:34:06 2021 thread_id=[140635917870848] asyncWakeUp thread_id=[140635926263552][EventLoop.cpp:118]
[TRACE] => function name = "sendInLoop" Aug  4 15:34:06 2021 fd=[15] sendInLoop, msg length=[2][TcpConn.cpp:162]
[TRACE] => function name = "wait" Aug  4 15:34:06 2021 fd = 8 triggered 1 event by epollfd 7[Epoll.cpp:40]
[TRACE] => function name = "sendInLoop" Aug  4 15:34:06 2021 fd=[14] sendInLoop, msg length=[2][TcpConn.cpp:162]
[TRACE] => function name = "asyncWakeUp" Aug  4 15:34:06 2021 thread_id=[140635926263552] asyncWakeUp thread_id=[140635926263552][EventLoop.cpp:118]
[TRACE] => function name = "wait" Aug  4 15:34:06 2021 fd = 8 triggered 1 event by epollfd 7[Epoll.cpp:40]
[TRACE] => function name = "wait" Aug  4 15:34:06 2021 fd = 13 triggered 1 event by epollfd 11[Epoll.cpp:40]
[TRACE] => function name = "wait" Aug  4 15:34:07 2021 fd = 13 triggered 1 event by epollfd 11[Epoll.cpp:40]
[TRACE] => function name = "wait" Aug  4 15:34:08 2021 fd = 14 triggered 1 event by epollfd 7[Epoll.cpp:40]
[TRACE] => function name = "readCallBack" Aug  4 15:34:08 2021 fd=[14] EPOLLIN because of read, bytes=[2][TcpConn.cpp:72]
[TRACE] => function name = "sendInLoop" Aug  4 15:34:08 2021 fd=[14] sendInLoop, msg length=[2][TcpConn.cpp:162]
[TRACE] => function name = "send" 140635926263552 enter 140635917870848 loop[TcpConn.cpp:153]
[TRACE] => function name = "asyncWakeUp" Aug  4 15:34:08 2021 thread_id=[140635926263552] asyncWakeUp thread_id=[140635917870848][EventLoop.cpp:118]
[TRACE] => function name = "wait" Aug  4 15:34:08 2021 fd = 12 triggered 1 event by epollfd 11[Epoll.cpp:40]
[TRACE] => function name = "sendInLoop" Aug  4 15:34:08 2021 fd=[15] sendInLoop, msg length=[2][TcpConn.cpp:162]
[TRACE] => function name = "asyncWakeUp" Aug  4 15:34:08 2021 thread_id=[140635917870848] asyncWakeUp thread_id=[140635917870848][EventLoop.cpp:118]
[TRACE] => function name = "wait" Aug  4 15:34:08 2021 fd = 12 triggered 1 event by epollfd 11[Epoll.cpp:40]
[TRACE] => function name = "wait" Aug  4 15:34:08 2021 fd = 9 triggered 1 event by epollfd 7[Epoll.cpp:40]
[TRACE] => function name = "wait" Aug  4 15:34:08 2021 fd = 13 triggered 1 event by epollfd 11[Epoll.cpp:40]
[TRACE] => function name = "wait" Aug  4 15:34:08 2021 fd = 13 triggered 1 event by epollfd 11[Epoll.cpp:40]
[TRACE] => function name = "wait" Aug  4 15:34:09 2021 fd = 9 triggered 1 event by epollfd 7[Epoll.cpp:40]
[TRACE] => function name = "wait" Aug  4 15:34:10 2021 fd = 9 triggered 1 event by epollfd 7[Epoll.cpp:40]
[TRACE] => function name = "wait" Aug  4 15:34:10 2021 fd = 9 triggered 1 event by epollfd 7[Epoll.cpp:40]
[TRACE] => function name = "wait" Aug  4 15:34:13 2021 fd = 15 triggered 1 event by epollfd 11[Epoll.cpp:40]
[TRACE] => function name = "readCallBack" Aug  4 15:34:13 2021 fd=[15] EPOLLIN because of read, bytes=[1][TcpConn.cpp:72]
[TRACE] => function name = "send" 140635917870848 enter 140635926263552 loop[TcpConn.cpp:153]
[TRACE] => function name = "asyncWakeUp" Aug  4 15:34:13 2021 thread_id=[140635917870848] asyncWakeUp thread_id=[140635926263552][EventLoop.cpp:118]
[TRACE] => function name = "sendInLoop" Aug  4 15:34:13 2021 fd=[15] sendInLoop, msg length=[1][TcpConn.cpp:162]
[TRACE] => function name = "wait" Aug  4 15:34:13 2021 fd = 8 triggered 1 event by epollfd 7[Epoll.cpp:40]
[TRACE] => function name = "sendInLoop" Aug  4 15:34:13 2021 fd=[14] sendInLoop, msg length=[1][TcpConn.cpp:162]
[TRACE] => function name = "asyncWakeUp" Aug  4 15:34:13 2021 thread_id=[140635926263552] asyncWakeUp thread_id=[140635926263552][EventLoop.cpp:118]
[TRACE] => function name = "wait" Aug  4 15:34:13 2021 fd = 8 triggered 1 event by epollfd 7[Epoll.cpp:40]
[TRACE] => function name = "wait" Aug  4 15:34:13 2021 fd = 14 triggered 1 event by epollfd 7[Epoll.cpp:40]
[TRACE] => function name = "readCallBack" Aug  4 15:34:13 2021 fd=[14] EPOLLIN because of read, bytes=[1][TcpConn.cpp:72]
[TRACE] => function name = "sendInLoop" Aug  4 15:34:13 2021 fd=[14] sendInLoop, msg length=[1][TcpConn.cpp:162]
[TRACE] => function name = "send" 140635926263552 enter 140635917870848 loop[TcpConn.cpp:153]
[TRACE] => function name = "wait" Aug  4 15:34:13 2021 fd = 13 triggered 1 event by epollfd 11[Epoll.cpp:40]
[TRACE] => function name = "asyncWakeUp" Aug  4 15:34:13 2021 thread_id=[140635926263552] asyncWakeUp thread_id=[140635917870848][EventLoop.cpp:118]
[TRACE] => function name = "sendInLoop" Aug  4 15:34:13 2021 fd=[15] sendInLoop, msg length=[1][TcpConn.cpp:162]
[TRACE] => function name = "asyncWakeUp" Aug  4 15:34:13 2021 thread_id=[140635917870848] asyncWakeUp thread_id=[140635917870848][EventLoop.cpp:118]
[TRACE] => function name = "wait" Aug  4 15:34:13 2021 fd = 12 triggered 1 event by epollfd 11[Epoll.cpp:40]
[TRACE] => function name = "wait" Aug  4 15:34:13 2021 fd = 9 triggered 1 event by epollfd 7[Epoll.cpp:40]
[TRACE] => function name = "wait" Aug  4 15:34:14 2021 fd = 13 triggered 1 event by epollfd 11[Epoll.cpp:40]
[TRACE] => function name = "wait" Aug  4 15:34:14 2021 fd = 9 triggered 1 event by epollfd 7[Epoll.cpp:40]
[TRACE] => function name = "wait" Aug  4 15:34:15 2021 fd = 9 triggered 1 event by epollfd 7[Epoll.cpp:40]
[TRACE] => function name = "wait" Aug  4 15:34:15 2021 fd = 9 triggered 1 event by epollfd 7[Epoll.cpp:40]
[TRACE] => function name = "wait" Aug  4 15:34:15 2021 fd = 13 triggered 1 event by epollfd 11[Epoll.cpp:40]
[TRACE] => function name = "wait" Aug  4 15:34:15 2021 fd = 13 triggered 1 event by epollfd 11[Epoll.cpp:40]
[TRACE] => function name = "wait" Aug  4 15:34:16 2021 fd = 14 triggered 1 event by epollfd 7[Epoll.cpp:40]
[TRACE] => function name = "readCallBack" Aug  4 15:34:16 2021 fd=[14] EPOLLIN because of read, bytes=[1][TcpConn.cpp:72]
[TRACE] => function name = "sendInLoop" Aug  4 15:34:16 2021 fd=[14] sendInLoop, msg length=[1][TcpConn.cpp:162]
[TRACE] => function name = "send" 140635926263552 enter 140635917870848 loop[TcpConn.cpp:153]
[TRACE] => function name = "asyncWakeUp" Aug  4 15:34:16 2021 thread_id=[140635926263552] asyncWakeUp thread_id=[140635917870848][EventLoop.cpp:118]
[TRACE] => function name = "wait" Aug  4 15:34:16 2021 fd = 12 triggered 1 event by epollfd 11[Epoll.cpp:40]
[TRACE] => function name = "sendInLoop" Aug  4 15:34:16 2021 fd=[15] sendInLoop, msg length=[1][TcpConn.cpp:162]
[TRACE] => function name = "asyncWakeUp" Aug  4 15:34:16 2021 thread_id=[140635917870848] asyncWakeUp thread_id=[140635917870848][EventLoop.cpp:118]
[TRACE] => function name = "wait" Aug  4 15:34:16 2021 fd = 12 triggered 1 event by epollfd 11[Epoll.cpp:40]
[TRACE] => function name = "wait" Aug  4 15:34:16 2021 fd = 9 triggered 1 event by epollfd 7[Epoll.cpp:40]
[TRACE] => function name = "wait" Aug  4 15:34:17 2021 fd = 9 triggered 1 event by epollfd 7[Epoll.cpp:40]
[TRACE] => function name = "wait" Aug  4 15:34:18 2021 fd = 9 triggered 1 event by epollfd 7[Epoll.cpp:40]
[TRACE] => function name = "wait" Aug  4 15:34:18 2021 fd = 9 triggered 1 event by epollfd 7[Epoll.cpp:40]
[TRACE] => function name = "wait" Aug  4 15:34:21 2021 fd = 15 triggered 1 event by epollfd 11[Epoll.cpp:40]
[TRACE] => function name = "readCallBack" Aug  4 15:34:21 2021 fd=[15] EPOLLIN because of read, bytes=[1][TcpConn.cpp:72]
[TRACE] => function name = "send" 140635917870848 enter 140635926263552 loop[TcpConn.cpp:153]
[TRACE] => function name = "asyncWakeUp" Aug  4 15:34:21 2021 thread_id=[140635917870848] asyncWakeUp thread_id=[140635926263552][EventLoop.cpp:118]
[TRACE] => function name = "sendInLoop" Aug  4 15:34:21 2021 fd=[15] sendInLoop, msg length=[1][TcpConn.cpp:162]
[TRACE] => function name = "wait" Aug  4 15:34:21 2021 fd = 8 triggered 1 event by epollfd 7[Epoll.cpp:40]
[TRACE] => function name = "sendInLoop" Aug  4 15:34:21 2021 fd=[14] sendInLoop, msg length=[1][TcpConn.cpp:162]
[TRACE] => function name = "asyncWakeUp" Aug  4 15:34:21 2021 thread_id=[140635926263552] asyncWakeUp thread_id=[140635926263552][EventLoop.cpp:118]
[TRACE] => function name = "wait" Aug  4 15:34:21 2021 fd = 8 triggered 1 event by epollfd 7[Epoll.cpp:40]
[TRACE] => function name = "wait" Aug  4 15:34:21 2021 fd = 13 triggered 1 event by epollfd 11[Epoll.cpp:40]
[TRACE] => function name = "wait" Aug  4 15:34:22 2021 fd = 13 triggered 1 event by epollfd 11[Epoll.cpp:40]
[TRACE] => function name = "wait" Aug  4 15:34:23 2021 fd = 13 triggered 1 event by epollfd 11[Epoll.cpp:40]
[TRACE] => function name = "wait" Aug  4 15:34:23 2021 fd = 13 triggered 1 event by epollfd 11[Epoll.cpp:40]
[TRACE] => function name = "wait" Aug  4 15:34:31 2021 fd = 15 triggered 1 event by epollfd 11[Epoll.cpp:40]
[TRACE] => function name = "readCallBack" Aug  4 15:34:31 2021 fd=[15] EPOLLIN because of read, bytes=[1][TcpConn.cpp:72]
[TRACE] => function name = "send" 140635917870848 enter 140635926263552 loop[TcpConn.cpp:153]
[TRACE] => function name = "asyncWakeUp" Aug  4 15:34:31 2021 thread_id=[140635917870848] asyncWakeUp thread_id=[140635926263552][EventLoop.cpp:118]
[TRACE] => function name = "sendInLoop" Aug  4 15:34:31 2021 fd=[15] sendInLoop, msg length=[1][TcpConn.cpp:162]
[TRACE] => function name = "wait" Aug  4 15:34:31 2021 fd = 8 triggered 1 event by epollfd 7[Epoll.cpp:40]
[TRACE] => function name = "sendInLoop" Aug  4 15:34:31 2021 fd=[14] sendInLoop, msg length=[1][TcpConn.cpp:162]
[TRACE] => function name = "asyncWakeUp" Aug  4 15:34:31 2021 thread_id=[140635926263552] asyncWakeUp thread_id=[140635926263552][EventLoop.cpp:118]
[TRACE] => function name = "wait" Aug  4 15:34:31 2021 fd = 8 triggered 1 event by epollfd 7[Epoll.cpp:40]
[TRACE] => function name = "wait" Aug  4 15:34:31 2021 fd = 13 triggered 1 event by epollfd 11[Epoll.cpp:40]
[TRACE] => function name = "wait" Aug  4 15:34:32 2021 fd = 13 triggered 1 event by epollfd 11[Epoll.cpp:40]
[TRACE] => function name = "wait" Aug  4 15:34:33 2021 fd = 13 triggered 1 event by epollfd 11[Epoll.cpp:40]
[TRACE] => function name = "wait" Aug  4 15:34:33 2021 fd = 13 triggered 1 event by epollfd 11[Epoll.cpp:40]
[TRACE] => function name = "wait" Aug  4 15:34:38 2021 fd = 15 triggered 1 event by epollfd 11[Epoll.cpp:40]
[TRACE] => function name = "readCallBack" Aug  4 15:34:38 2021 fd=[15] EPOLLIN because of read, bytes=[1][TcpConn.cpp:72]
[TRACE] => function name = "send" 140635917870848 enter 140635926263552 loop[TcpConn.cpp:153]
[TRACE] => function name = "asyncWakeUp" Aug  4 15:34:38 2021 thread_id=[140635917870848] asyncWakeUp thread_id=[140635926263552][EventLoop.cpp:118]
[TRACE] => function name = "sendInLoop" Aug  4 15:34:38 2021 fd=[15] sendInLoop, msg length=[1][TcpConn.cpp:162]
[TRACE] => function name = "wait" Aug  4 15:34:38 2021 fd = 8 triggered 1 event by epollfd 7[Epoll.cpp:40]
[TRACE] => function name = "sendInLoop" Aug  4 15:34:38 2021 fd=[14] sendInLoop, msg length=[1][TcpConn.cpp:162]
[TRACE] => function name = "asyncWakeUp" Aug  4 15:34:38 2021 thread_id=[140635926263552] asyncWakeUp thread_id=[140635926263552][EventLoop.cpp:118]
[TRACE] => function name = "wait" Aug  4 15:34:38 2021 fd = 8 triggered 1 event by epollfd 7[Epoll.cpp:40]
[TRACE] => function name = "wait" Aug  4 15:34:38 2021 fd = 13 triggered 1 event by epollfd 11[Epoll.cpp:40]
[TRACE] => function name = "wait" Aug  4 15:34:39 2021 fd = 13 triggered 1 event by epollfd 11[Epoll.cpp:40]
[TRACE] => function name = "wait" Aug  4 15:34:40 2021 fd = 13 triggered 1 event by epollfd 11[Epoll.cpp:40]
[TRACE] => function name = "wait" Aug  4 15:34:40 2021 fd = 13 triggered 1 event by epollfd 11[Epoll.cpp:40]
[TRACE] => function name = "wait" Aug  4 15:35:14 2021 fd = 15 triggered 1 event by epollfd 11[Epoll.cpp:40]
[TRACE] => function name = "readCallBack" Aug  4 15:35:14 2021 fd=[15] EPOLLIN because of read, bytes=[1][TcpConn.cpp:72]
[TRACE] => function name = "send" 140635917870848 enter 140635926263552 loop[TcpConn.cpp:153]
[TRACE] => function name = "asyncWakeUp" Aug  4 15:35:14 2021 thread_id=[140635917870848] asyncWakeUp thread_id=[140635926263552][EventLoop.cpp:118]
[TRACE] => function name = "sendInLoop" Aug  4 15:35:14 2021 fd=[15] sendInLoop, msg length=[1][TcpConn.cpp:162]
[TRACE] => function name = "wait" Aug  4 15:35:14 2021 fd = 8 triggered 1 event by epollfd 7[Epoll.cpp:40]
[TRACE] => function name = "sendInLoop" Aug  4 15:35:14 2021 fd=[14] sendInLoop, msg length=[1][TcpConn.cpp:162]
[TRACE] => function name = "asyncWakeUp" Aug  4 15:35:14 2021 thread_id=[140635926263552] asyncWakeUp thread_id=[140635926263552][EventLoop.cpp:118]
[TRACE] => function name = "wait" Aug  4 15:35:14 2021 fd = 8 triggered 1 event by epollfd 7[Epoll.cpp:40]
[TRACE] => function name = "wait" Aug  4 15:35:14 2021 fd = 14 triggered 1 event by epollfd 7[Epoll.cpp:40]
[TRACE] => function name = "readCallBack" Aug  4 15:35:14 2021 fd=[14] EPOLLIN because of read, bytes=[1][TcpConn.cpp:72]
[TRACE] => function name = "sendInLoop" Aug  4 15:35:14 2021 fd=[14] sendInLoop, msg length=[1][TcpConn.cpp:162]
[TRACE] => function name = "wait" Aug  4 15:35:14 2021 fd = 13 triggered 1 event by epollfd 11[Epoll.cpp:40]
[TRACE] => function name = "send" 140635926263552 enter 140635917870848 loop[TcpConn.cpp:153]
[TRACE] => function name = "asyncWakeUp" Aug  4 15:35:14 2021 thread_id=[140635926263552] asyncWakeUp thread_id=[140635917870848][EventLoop.cpp:118]
[TRACE] => function name = "sendInLoop" Aug  4 15:35:14 2021 fd=[15] sendInLoop, msg length=[1][TcpConn.cpp:162]
[TRACE] => function name = "asyncWakeUp" Aug  4 15:35:14 2021 thread_id=[140635917870848] asyncWakeUp thread_id=[140635917870848][EventLoop.cpp:118]
[TRACE] => function name = "wait" Aug  4 15:35:14 2021 fd = 12 triggered 1 event by epollfd 11[Epoll.cpp:40]
[TRACE] => function name = "wait" Aug  4 15:35:14 2021 fd = 14 triggered 1 event by epollfd 7[Epoll.cpp:40]
[TRACE] => function name = "readCallBack" Aug  4 15:35:14 2021 fd=[14] EPOLLIN because of read, bytes=[1][TcpConn.cpp:72]
[TRACE] => function name = "sendInLoop" Aug  4 15:35:14 2021 fd=[14] sendInLoop, msg length=[1][TcpConn.cpp:162]
[TRACE] => function name = "send" 140635926263552 enter 140635917870848 loop[TcpConn.cpp:153]
[TRACE] => function name = "asyncWakeUp" Aug  4 15:35:14 2021 thread_id=[140635926263552] asyncWakeUp thread_id=[140635917870848][EventLoop.cpp:118]
[TRACE] => function name = "wait" Aug  4 15:35:14 2021 fd = 9 triggered 1 event by epollfd 7[Epoll.cpp:40]
[TRACE] => function name = "wait" Aug  4 15:35:14 2021 fd = 12 triggered 1 event by epollfd 11[Epoll.cpp:40]
[TRACE] => function name = "sendInLoop" Aug  4 15:35:14 2021 fd=[15] sendInLoop, msg length=[1][TcpConn.cpp:162]
[TRACE] => function name = "asyncWakeUp" Aug  4 15:35:14 2021 thread_id=[140635917870848] asyncWakeUp thread_id=[140635917870848][EventLoop.cpp:118]
[TRACE] => function name = "wait" Aug  4 15:35:14 2021 fd = 12 triggered 1 event by epollfd 11[Epoll.cpp:40]
[TRACE] => function name = "wait" Aug  4 15:35:15 2021 fd = 13 triggered 1 event by epollfd 11[Epoll.cpp:40]
[TRACE] => function name = "wait" Aug  4 15:35:15 2021 fd = 9 triggered 1 event by epollfd 7[Epoll.cpp:40]
[TRACE] => function name = "wait" Aug  4 15:35:16 2021 fd = 9 triggered 1 event by epollfd 7[Epoll.cpp:40]
[TRACE] => function name = "wait" Aug  4 15:35:16 2021 fd = 13 triggered 1 event by epollfd 11[Epoll.cpp:40]
[TRACE] => function name = "wait" Aug  4 15:35:16 2021 fd = 9 triggered 1 event by epollfd 7[Epoll.cpp:40]
[TRACE] => function name = "wait" Aug  4 15:35:16 2021 fd = 13 triggered 1 event by epollfd 11[Epoll.cpp:40]
[TRACE] => function name = "wait" Aug  4 15:35:24 2021 fd = 15 triggered 1 event by epollfd 11[Epoll.cpp:40]
[TRACE] => function name = "readCallBack" Aug  4 15:35:24 2021 fd=[15] EPOLLIN because of read, bytes=[1][TcpConn.cpp:72]
[TRACE] => function name = "send" 140635917870848 enter 140635926263552 loop[TcpConn.cpp:153]
[TRACE] => function name = "asyncWakeUp" Aug  4 15:35:24 2021 thread_id=[140635917870848] asyncWakeUp thread_id=[140635926263552][EventLoop.cpp:118]
[TRACE] => function name = "sendInLoop" Aug  4 15:35:24 2021 fd=[15] sendInLoop, msg length=[1][TcpConn.cpp:162]
[TRACE] => function name = "wait" Aug  4 15:35:24 2021 fd = 8 triggered 1 event by epollfd 7[Epoll.cpp:40]
[TRACE] => function name = "sendInLoop" Aug  4 15:35:24 2021 fd=[14] sendInLoop, msg length=[1][TcpConn.cpp:162]
[TRACE] => function name = "asyncWakeUp" Aug  4 15:35:24 2021 thread_id=[140635926263552] asyncWakeUp thread_id=[140635926263552][EventLoop.cpp:118]
[TRACE] => function name = "wait" Aug  4 15:35:24 2021 fd = 8 triggered 1 event by epollfd 7[Epoll.cpp:40]
[TRACE] => function name = "wait" Aug  4 15:35:24 2021 fd = 13 triggered 1 event by epollfd 11[Epoll.cpp:40]
[TRACE] => function name = "wait" Aug  4 15:35:25 2021 fd = 13 triggered 1 event by epollfd 11[Epoll.cpp:40]
[TRACE] => function name = "wait" Aug  4 15:35:26 2021 fd = 13 triggered 1 event by epollfd 11[Epoll.cpp:40]
[TRACE] => function name = "wait" Aug  4 15:35:26 2021 fd = 13 triggered 1 event by epollfd 11[Epoll.cpp:40]
[TRACE] => function name = "wait" Aug  4 15:35:30 2021 fd = 15 triggered 1 event by epollfd 11[Epoll.cpp:40]
[TRACE] => function name = "readCallBack" Aug  4 15:35:30 2021 fd=[15] EPOLLIN because of read, bytes=[1][TcpConn.cpp:72]
[TRACE] => function name = "send" 140635917870848 enter 140635926263552 loop[TcpConn.cpp:153]
[TRACE] => function name = "asyncWakeUp" Aug  4 15:35:30 2021 thread_id=[140635917870848] asyncWakeUp thread_id=[140635926263552][EventLoop.cpp:118]
[TRACE] => function name = "sendInLoop" Aug  4 15:35:30 2021 fd=[15] sendInLoop, msg length=[1][TcpConn.cpp:162]
[TRACE] => function name = "wait" Aug  4 15:35:30 2021 fd = 8 triggered 1 event by epollfd 7[Epoll.cpp:40]
[TRACE] => function name = "sendInLoop" Aug  4 15:35:30 2021 fd=[14] sendInLoop, msg length=[1][TcpConn.cpp:162]
[TRACE] => function name = "asyncWakeUp" Aug  4 15:35:30 2021 thread_id=[140635926263552] asyncWakeUp thread_id=[140635926263552][EventLoop.cpp:118]
[TRACE] => function name = "wait" Aug  4 15:35:30 2021 fd = 8 triggered 1 event by epollfd 7[Epoll.cpp:40]
[TRACE] => function name = "wait" Aug  4 15:35:30 2021 fd = 13 triggered 1 event by epollfd 11[Epoll.cpp:40]
[TRACE] => function name = "wait" Aug  4 15:35:31 2021 fd = 13 triggered 1 event by epollfd 11[Epoll.cpp:40]
[TRACE] => function name = "wait" Aug  4 15:35:32 2021 fd = 13 triggered 1 event by epollfd 11[Epoll.cpp:40]
[TRACE] => function name = "wait" Aug  4 15:35:32 2021 fd = 13 triggered 1 event by epollfd 11[Epoll.cpp:40]
[TRACE] => function name = "wait" Aug  4 15:35:41 2021 fd = 15 triggered 1 event by epollfd 11[Epoll.cpp:40]
[TRACE] => function name = "readCallBack" Aug  4 15:35:41 2021 fd=[15] EPOLLIN because of read, bytes=[1][TcpConn.cpp:72]
[TRACE] => function name = "send" 140635917870848 enter 140635926263552 loop[TcpConn.cpp:153]
[TRACE] => function name = "asyncWakeUp" Aug  4 15:35:41 2021 thread_id=[140635917870848] asyncWakeUp thread_id=[140635926263552][EventLoop.cpp:118]
[TRACE] => function name = "wait" Aug  4 15:35:41 2021 fd = 8 triggered 1 event by epollfd 7[Epoll.cpp:40]
[TRACE] => function name = "sendInLoop" Aug  4 15:35:41 2021 fd=[14] sendInLoop, msg length=[1][TcpConn.cpp:162]
[TRACE] => function name = "sendInLoop" Aug  4 15:35:41 2021 fd=[15] sendInLoop, msg length=[1][TcpConn.cpp:162]
[TRACE] => function name = "asyncWakeUp" Aug  4 15:35:41 2021 thread_id=[140635926263552] asyncWakeUp thread_id=[140635926263552][EventLoop.cpp:118]
[TRACE] => function name = "wait" Aug  4 15:35:41 2021 fd = 8 triggered 1 event by epollfd 7[Epoll.cpp:40]
[TRACE] => function name = "wait" Aug  4 15:35:41 2021 fd = 13 triggered 1 event by epollfd 11[Epoll.cpp:40]
[TRACE] => function name = "wait" Aug  4 15:35:42 2021 fd = 13 triggered 1 event by epollfd 11[Epoll.cpp:40]
[TRACE] => function name = "wait" Aug  4 15:35:43 2021 fd = 13 triggered 1 event by epollfd 11[Epoll.cpp:40]
[TRACE] => function name = "wait" Aug  4 15:35:43 2021 fd = 13 triggered 1 event by epollfd 11[Epoll.cpp:40]
[TRACE] => function name = "wait" Aug  4 15:35:47 2021 fd = 15 triggered 1 event by epollfd 11[Epoll.cpp:40]
[TRACE] => function name = "readCallBack" Aug  4 15:35:47 2021 fd=[15] EPOLLIN because of read, bytes=[1][TcpConn.cpp:72]
[TRACE] => function name = "send" 140635917870848 enter 140635926263552 loop[TcpConn.cpp:153]
[TRACE] => function name = "asyncWakeUp" Aug  4 15:35:47 2021 thread_id=[140635917870848] asyncWakeUp thread_id=[140635926263552][EventLoop.cpp:118]
[TRACE] => function name = "wait" Aug  4 15:35:47 2021 fd = 8 triggered 1 event by epollfd 7[Epoll.cpp:40]
[TRACE] => function name = "sendInLoop" Aug  4 15:35:47 2021 fd=[15] sendInLoop, msg length=[1][TcpConn.cpp:162]
[TRACE] => function name = "sendInLoop" Aug  4 15:35:47 2021 fd=[14] sendInLoop, msg length=[1][TcpConn.cpp:162]
[TRACE] => function name = "asyncWakeUp" Aug  4 15:35:47 2021 thread_id=[140635926263552] asyncWakeUp thread_id=[140635926263552][EventLoop.cpp:118]
[TRACE] => function name = "wait" Aug  4 15:35:47 2021 fd = 8 triggered 1 event by epollfd 7[Epoll.cpp:40]
[TRACE] => function name = "wait" Aug  4 15:35:47 2021 fd = 14 triggered 1 event by epollfd 7[Epoll.cpp:40]
[TRACE] => function name = "readCallBack" Aug  4 15:35:47 2021 fd=[14] EPOLLIN because of read, bytes=[1][TcpConn.cpp:72]
[TRACE] => function name = "sendInLoop" Aug  4 15:35:47 2021 fd=[14] sendInLoop, msg length=[1][TcpConn.cpp:162]
[TRACE] => function name = "send" 140635926263552 enter 140635917870848 loop[TcpConn.cpp:153]
[TRACE] => function name = "wait" Aug  4 15:35:47 2021 fd = 13 triggered 1 event by epollfd 11[Epoll.cpp:40]
[TRACE] => function name = "asyncWakeUp" Aug  4 15:35:47 2021 thread_id=[140635926263552] asyncWakeUp thread_id=[140635917870848][EventLoop.cpp:118]
[TRACE] => function name = "sendInLoop" Aug  4 15:35:47 2021 fd=[15] sendInLoop, msg length=[1][TcpConn.cpp:162]
[TRACE] => function name = "asyncWakeUp" Aug  4 15:35:47 2021 thread_id=[140635917870848] asyncWakeUp thread_id=[140635917870848][EventLoop.cpp:118]
[TRACE] => function name = "wait" Aug  4 15:35:47 2021 fd = 12 triggered 1 event by epollfd 11[Epoll.cpp:40]
[TRACE] => function name = "wait" Aug  4 15:35:47 2021 fd = 9 triggered 1 event by epollfd 7[Epoll.cpp:40]
[TRACE] => function name = "wait" Aug  4 15:35:47 2021 fd = 14 triggered 1 event by epollfd 7[Epoll.cpp:40]
[TRACE] => function name = "readCallBack" Aug  4 15:35:47 2021 fd=[14] EPOLLIN because of read, bytes=[1][TcpConn.cpp:72]
[TRACE] => function name = "sendInLoop" Aug  4 15:35:47 2021 fd=[14] sendInLoop, msg length=[1][TcpConn.cpp:162]
[TRACE] => function name = "send" 140635926263552 enter 140635917870848 loop[TcpConn.cpp:153]
[TRACE] => function name = "asyncWakeUp" Aug  4 15:35:47 2021 thread_id=[140635926263552] asyncWakeUp thread_id=[140635917870848][EventLoop.cpp:118]
[TRACE] => function name = "wait" Aug  4 15:35:47 2021 fd = 14 triggered 1 event by epollfd 7[Epoll.cpp:40]
[TRACE] => function name = "readCallBack" Aug  4 15:35:47 2021 fd=[14] EPOLLIN because of read, bytes=[1][TcpConn.cpp:72]
[TRACE] => function name = "wait" Aug  4 15:35:47 2021 fd = 12 triggered 1 event by epollfd 11[Epoll.cpp:40]
[TRACE] => function name = "sendInLoop" Aug  4 15:35:47 2021 fd=[14] sendInLoop, msg length=[1][TcpConn.cpp:162]
[TRACE] => function name = "send" 140635926263552 enter 140635917870848 loop[TcpConn.cpp:153]
[TRACE] => function name = "asyncWakeUp" Aug  4 15:35:47 2021 thread_id=[140635926263552] asyncWakeUp thread_id=[140635917870848][EventLoop.cpp:118]
[TRACE] => function name = "wait" Aug  4 15:35:47 2021 fd = 9 triggered 1 event by epollfd 7[Epoll.cpp:40]
[TRACE] => function name = "sendInLoop" Aug  4 15:35:47 2021 fd=[15] sendInLoop, msg length=[1][TcpConn.cpp:162]
[TRACE] => function name = "asyncWakeUp" Aug  4 15:35:47 2021 thread_id=[140635917870848] asyncWakeUp thread_id=[140635917870848][EventLoop.cpp:118]
[TRACE] => function name = "wait" Aug  4 15:35:47 2021 fd = 12 triggered 1 event by epollfd 11[Epoll.cpp:40]
[TRACE] => function name = "sendInLoop" Aug  4 15:35:47 2021 fd=[15] sendInLoop, msg length=[1][TcpConn.cpp:162]
[TRACE] => function name = "asyncWakeUp" Aug  4 15:35:47 2021 thread_id=[140635917870848] asyncWakeUp thread_id=[140635917870848][EventLoop.cpp:118]
[TRACE] => function name = "wait" Aug  4 15:35:47 2021 fd = 12 triggered 1 event by epollfd 11[Epoll.cpp:40]
[TRACE] => function name = "wait" Aug  4 15:35:47 2021 fd = 14 triggered 1 event by epollfd 7[Epoll.cpp:40]
[TRACE] => function name = "readCallBack" Aug  4 15:35:47 2021 fd=[14] EPOLLIN because of read, bytes=[2][TcpConn.cpp:72]
[TRACE] => function name = "sendInLoop" Aug  4 15:35:47 2021 fd=[14] sendInLoop, msg length=[2][TcpConn.cpp:162]
[TRACE] => function name = "send" 140635926263552 enter 140635917870848 loop[TcpConn.cpp:153]
[TRACE] => function name = "asyncWakeUp" Aug  4 15:35:47 2021 thread_id=[140635926263552] asyncWakeUp thread_id=[140635917870848][EventLoop.cpp:118]
[TRACE] => function name = "wait" Aug  4 15:35:47 2021 fd = 14 triggered 1 event by epollfd 7[Epoll.cpp:40]
[TRACE] => function name = "readCallBack" Aug  4 15:35:47 2021 fd=[14] EPOLLIN because of read, bytes=[7][TcpConn.cpp:72]
[TRACE] => function name = "wait" Aug  4 15:35:47 2021 fd = 12 triggered 1 event by epollfd 11[Epoll.cpp:40]
[TRACE] => function name = "sendInLoop" Aug  4 15:35:47 2021 fd=[14] sendInLoop, msg length=[7][TcpConn.cpp:162]
[TRACE] => function name = "send" 140635926263552 enter 140635917870848 loop[TcpConn.cpp:153]
[TRACE] => function name = "asyncWakeUp" Aug  4 15:35:47 2021 thread_id=[140635926263552] asyncWakeUp thread_id=[140635917870848][EventLoop.cpp:118]
[TRACE] => function name = "sendInLoop" Aug  4 15:35:47 2021 fd=[15] sendInLoop, msg length=[2][TcpConn.cpp:162]
[TRACE] => function name = "wait" Aug  4 15:35:47 2021 fd = 9 triggered 1 event by epollfd 7[Epoll.cpp:40]
[TRACE] => function name = "asyncWakeUp" Aug  4 15:35:47 2021 thread_id=[140635917870848] asyncWakeUp thread_id=[140635917870848][EventLoop.cpp:118]
[TRACE] => function name = "wait" Aug  4 15:35:47 2021 fd = 12 triggered 1 event by epollfd 11[Epoll.cpp:40]
[TRACE] => function name = "sendInLoop" Aug  4 15:35:47 2021 fd=[15] sendInLoop, msg length=[7][TcpConn.cpp:162]
[TRACE] => function name = "asyncWakeUp" Aug  4 15:35:47 2021 thread_id=[140635917870848] asyncWakeUp thread_id=[140635917870848][EventLoop.cpp:118]
[TRACE] => function name = "wait" Aug  4 15:35:47 2021 fd = 12 triggered 1 event by epollfd 11[Epoll.cpp:40]
[TRACE] => function name = "wait" Aug  4 15:35:47 2021 fd = 14 triggered 1 event by epollfd 7[Epoll.cpp:40]
[TRACE] => function name = "readCallBack" Aug  4 15:35:47 2021 fd=[14] EPOLLIN because of read, bytes=[12][TcpConn.cpp:72]
[TRACE] => function name = "sendInLoop" Aug  4 15:35:47 2021 fd=[14] sendInLoop, msg length=[12][TcpConn.cpp:162]
[TRACE] => function name = "send" 140635926263552 enter 140635917870848 loop[TcpConn.cpp:153]
[TRACE] => function name = "asyncWakeUp" Aug  4 15:35:47 2021 thread_id=[140635926263552] asyncWakeUp thread_id=[140635917870848][EventLoop.cpp:118]
[TRACE] => function name = "wait" Aug  4 15:35:47 2021 fd = 14 triggered 1 event by epollfd 7[Epoll.cpp:40]
[TRACE] => function name = "readCallBack" Aug  4 15:35:47 2021 fd=[14] EPOLLIN because of read, bytes=[1][TcpConn.cpp:72]
[TRACE] => function name = "sendInLoop" Aug  4 15:35:47 2021 fd=[14] sendInLoop, msg length=[1][TcpConn.cpp:162]
[TRACE] => function name = "send" 140635926263552 enter 140635917870848 loop[TcpConn.cpp:153]
[TRACE] => function name = "wait" Aug  4 15:35:47 2021 fd = 12 triggered 1 event by epollfd 11[Epoll.cpp:40]
[TRACE] => function name = "asyncWakeUp" Aug  4 15:35:47 2021 thread_id=[140635926263552] asyncWakeUp thread_id=[140635917870848][EventLoop.cpp:118]
[TRACE] => function name = "wait" Aug  4 15:35:47 2021 fd = 14 triggered 1 event by epollfd 7[Epoll.cpp:40]
[TRACE] => function name = "wait" Aug  4 15:35:47 2021 fd = 9 triggered 1 event by epollfd 7[Epoll.cpp:40]
[TRACE] => function name = "readCallBack" Aug  4 15:35:47 2021 fd=[14] EPOLLIN because of read, bytes=[1][TcpConn.cpp:72]
[TRACE] => function name = "sendInLoop" Aug  4 15:35:47 2021 fd=[14] sendInLoop, msg length=[1][TcpConn.cpp:162]
[TRACE] => function name = "send" 140635926263552 enter 140635917870848 loop[TcpConn.cpp:153]
[TRACE] => function name = "sendInLoop" Aug  4 15:35:47 2021 fd=[15] sendInLoop, msg length=[12][TcpConn.cpp:162]
[TRACE] => function name = "asyncWakeUp" Aug  4 15:35:47 2021 thread_id=[140635926263552] asyncWakeUp thread_id=[140635917870848][EventLoop.cpp:118]
[TRACE] => function name = "asyncWakeUp" Aug  4 15:35:47 2021 thread_id=[140635917870848] asyncWakeUp thread_id=[140635917870848][EventLoop.cpp:118]
[TRACE] => function name = "sendInLoop" Aug  4 15:35:47 2021 fd=[15] sendInLoop, msg length=[1][TcpConn.cpp:162]
[TRACE] => function name = "asyncWakeUp" Aug  4 15:35:47 2021 thread_id=[140635917870848] asyncWakeUp thread_id=[140635917870848][EventLoop.cpp:118]
[TRACE] => function name = "wait" Aug  4 15:35:47 2021 fd = 12 triggered 1 event by epollfd 11[Epoll.cpp:40]
[TRACE] => function name = "sendInLoop" Aug  4 15:35:47 2021 fd=[15] sendInLoop, msg length=[1][TcpConn.cpp:162]
[TRACE] => function name = "asyncWakeUp" Aug  4 15:35:47 2021 thread_id=[140635917870848] asyncWakeUp thread_id=[140635917870848][EventLoop.cpp:118]
[TRACE] => function name = "wait" Aug  4 15:35:47 2021 fd = 12 triggered 1 event by epollfd 11[Epoll.cpp:40]
[TRACE] => function name = "wait" Aug  4 15:35:47 2021 fd = 9 triggered 1 event by epollfd 7[Epoll.cpp:40]
[TRACE] => function name = "wait" Aug  4 15:35:47 2021 fd = 14 triggered 1 event by epollfd 7[Epoll.cpp:40]
[TRACE] => function name = "readCallBack" Aug  4 15:35:47 2021 fd=[14] EPOLLIN because of read, bytes=[1][TcpConn.cpp:72]
[TRACE] => function name = "sendInLoop" Aug  4 15:35:47 2021 fd=[14] sendInLoop, msg length=[1][TcpConn.cpp:162]
[TRACE] => function name = "send" 140635926263552 enter 140635917870848 loop[TcpConn.cpp:153]
[TRACE] => function name = "asyncWakeUp" Aug  4 15:35:47 2021 thread_id=[140635926263552] asyncWakeUp thread_id=[140635917870848][EventLoop.cpp:118]
[TRACE] => function name = "wait" Aug  4 15:35:47 2021 fd = 14 triggered 1 event by epollfd 7[Epoll.cpp:40]
[TRACE] => function name = "readCallBack" Aug  4 15:35:47 2021 fd=[14] EPOLLIN because of read, bytes=[1][TcpConn.cpp:72]
[TRACE] => function name = "sendInLoop" Aug  4 15:35:47 2021 fd=[14] sendInLoop, msg length=[1][TcpConn.cpp:162]
[TRACE] => function name = "send" 140635926263552 enter 140635917870848 loop[TcpConn.cpp:153]
[TRACE] => function name = "asyncWakeUp" Aug  4 15:35:47 2021 thread_id=[140635926263552] asyncWakeUp thread_id=[140635917870848][EventLoop.cpp:118]
[TRACE] => function name = "wait" Aug  4 15:35:47 2021 fd = 12 triggered 1 event by epollfd 11[Epoll.cpp:40]
[TRACE] => function name = "sendInLoop" Aug  4 15:35:47 2021 fd=[15] sendInLoop, msg length=[1][TcpConn.cpp:162]
[TRACE] => function name = "asyncWakeUp" Aug  4 15:35:47 2021 thread_id=[140635917870848] asyncWakeUp thread_id=[140635917870848][EventLoop.cpp:118]
[TRACE] => function name = "sendInLoop" Aug  4 15:35:47 2021 fd=[15] sendInLoop, msg length=[1][TcpConn.cpp:162]
[TRACE] => function name = "asyncWakeUp" Aug  4 15:35:47 2021 thread_id=[140635917870848] asyncWakeUp thread_id=[140635917870848][EventLoop.cpp:118]
[TRACE] => function name = "wait" Aug  4 15:35:47 2021 fd = 12 triggered 1 event by epollfd 11[Epoll.cpp:40]
[TRACE] => function name = "wait" Aug  4 15:35:47 2021 fd = 9 triggered 1 event by epollfd 7[Epoll.cpp:40]
[TRACE] => function name = "wait" Aug  4 15:35:47 2021 fd = 14 triggered 1 event by epollfd 7[Epoll.cpp:40]
[TRACE] => function name = "readCallBack" Aug  4 15:35:47 2021 fd=[14] EPOLLIN because of read, bytes=[1][TcpConn.cpp:72]
[TRACE] => function name = "sendInLoop" Aug  4 15:35:47 2021 fd=[14] sendInLoop, msg length=[1][TcpConn.cpp:162]
[TRACE] => function name = "send" 140635926263552 enter 140635917870848 loop[TcpConn.cpp:153]
[TRACE] => function name = "asyncWakeUp" Aug  4 15:35:47 2021 thread_id=[140635926263552] asyncWakeUp thread_id=[140635917870848][EventLoop.cpp:118]
[TRACE] => function name = "wait" Aug  4 15:35:47 2021 fd = 12 triggered 1 event by epollfd 11[Epoll.cpp:40]
[TRACE] => function name = "sendInLoop" Aug  4 15:35:47 2021 fd=[15] sendInLoop, msg length=[1][TcpConn.cpp:162]
[TRACE] => function name = "asyncWakeUp" Aug  4 15:35:47 2021 thread_id=[140635917870848] asyncWakeUp thread_id=[140635917870848][EventLoop.cpp:118]
[TRACE] => function name = "wait" Aug  4 15:35:47 2021 fd = 12 triggered 1 event by epollfd 11[Epoll.cpp:40]
[TRACE] => function name = "wait" Aug  4 15:35:47 2021 fd = 9 triggered 1 event by epollfd 7[Epoll.cpp:40]
[TRACE] => function name = "wait" Aug  4 15:35:48 2021 fd = 13 triggered 1 event by epollfd 11[Epoll.cpp:40]
[TRACE] => function name = "wait" Aug  4 15:35:48 2021 fd = 9 triggered 1 event by epollfd 7[Epoll.cpp:40]
[TRACE] => function name = "wait" Aug  4 15:35:48 2021 fd = 9 triggered 1 event by epollfd 7[Epoll.cpp:40]
[TRACE] => function name = "wait" Aug  4 15:35:48 2021 fd = 9 triggered 1 event by epollfd 7[Epoll.cpp:40]
[TRACE] => function name = "wait" Aug  4 15:35:48 2021 fd = 9 triggered 1 event by epollfd 7[Epoll.cpp:40]
[TRACE] => function name = "wait" Aug  4 15:35:48 2021 fd = 9 triggered 1 event by epollfd 7[Epoll.cpp:40]
[TRACE] => function name = "wait" Aug  4 15:35:48 2021 fd = 9 triggered 1 event by epollfd 7[Epoll.cpp:40]
[TRACE] => function name = "wait" Aug  4 15:35:49 2021 fd = 13 triggered 1 event by epollfd 11[Epoll.cpp:40]
[TRACE] => function name = "wait" Aug  4 15:35:49 2021 fd = 9 triggered 1 event by epollfd 7[Epoll.cpp:40]
[TRACE] => function name = "wait" Aug  4 15:35:49 2021 fd = 9 triggered 1 event by epollfd 7[Epoll.cpp:40]
[TRACE] => function name = "wait" Aug  4 15:35:49 2021 fd = 13 triggered 1 event by epollfd 11[Epoll.cpp:40]
[TRACE] => function name = "wait" Aug  4 15:35:49 2021 fd = 9 triggered 1 event by epollfd 7[Epoll.cpp:40]
[TRACE] => function name = "wait" Aug  4 15:35:49 2021 fd = 9 triggered 1 event by epollfd 7[Epoll.cpp:40]
[TRACE] => function name = "wait" Aug  4 15:35:49 2021 fd = 9 triggered 1 event by epollfd 7[Epoll.cpp:40]
[TRACE] => function name = "wait" Aug  4 15:35:49 2021 fd = 9 triggered 1 event by epollfd 7[Epoll.cpp:40]
[TRACE] => function name = "wait" Aug  4 15:35:49 2021 fd = 9 triggered 1 event by epollfd 7[Epoll.cpp:40]
[TRACE] => function name = "wait" Aug  4 15:35:49 2021 fd = 9 triggered 1 event by epollfd 7[Epoll.cpp:40]
[TRACE] => function name = "wait" Aug  4 15:35:50 2021 fd = 14 triggered 1 event by epollfd 7[Epoll.cpp:40]
[TRACE] => function name = "readCallBack" Aug  4 15:35:50 2021 fd=[14] EPOLLIN because of read, bytes=[3][TcpConn.cpp:72]
[TRACE] => function name = "sendInLoop" Aug  4 15:35:50 2021 fd=[14] sendInLoop, msg length=[3][TcpConn.cpp:162]
[TRACE] => function name = "send" 140635926263552 enter 140635917870848 loop[TcpConn.cpp:153]
[TRACE] => function name = "asyncWakeUp" Aug  4 15:35:50 2021 thread_id=[140635926263552] asyncWakeUp thread_id=[140635917870848][EventLoop.cpp:118]
[TRACE] => function name = "wait" Aug  4 15:35:50 2021 fd = 12 triggered 1 event by epollfd 11[Epoll.cpp:40]
[TRACE] => function name = "sendInLoop" Aug  4 15:35:50 2021 fd=[15] sendInLoop, msg length=[3][TcpConn.cpp:162]
[TRACE] => function name = "wait" Aug  4 15:35:50 2021 fd = 9 triggered 1 event by epollfd 7[Epoll.cpp:40]
[TRACE] => function name = "asyncWakeUp" Aug  4 15:35:50 2021 thread_id=[140635917870848] asyncWakeUp thread_id=[140635917870848][EventLoop.cpp:118]
[TRACE] => function name = "wait" Aug  4 15:35:50 2021 fd = 12 triggered 1 event by epollfd 11[Epoll.cpp:40]
[TRACE] => function name = "wait" Aug  4 15:35:51 2021 fd = 9 triggered 1 event by epollfd 7[Epoll.cpp:40]
[TRACE] => function name = "wait" Aug  4 15:35:51 2021 fd = 15 triggered 1 event by epollfd 11[Epoll.cpp:40]
[TRACE] => function name = "readCallBack" Aug  4 15:35:51 2021 fd=[15] EPOLLIN because of read, bytes=[3][TcpConn.cpp:72]
[TRACE] => function name = "send" 140635917870848 enter 140635926263552 loop[TcpConn.cpp:153]
[TRACE] => function name = "asyncWakeUp" Aug  4 15:35:51 2021 thread_id=[140635917870848] asyncWakeUp thread_id=[140635926263552][EventLoop.cpp:118]
[TRACE] => function name = "wait" Aug  4 15:35:51 2021 fd = 8 triggered 1 event by epollfd 7[Epoll.cpp:40]
[TRACE] => function name = "sendInLoop" Aug  4 15:35:51 2021 fd=[15] sendInLoop, msg length=[3][TcpConn.cpp:162]
[TRACE] => function name = "sendInLoop" Aug  4 15:35:51 2021 fd=[14] sendInLoop, msg length=[3][TcpConn.cpp:162]
[TRACE] => function name = "asyncWakeUp" Aug  4 15:35:51 2021 thread_id=[140635926263552] asyncWakeUp thread_id=[140635926263552][EventLoop.cpp:118]
[TRACE] => function name = "wait" Aug  4 15:35:51 2021 fd = 8 triggered 1 event by epollfd 7[Epoll.cpp:40]
[TRACE] => function name = "wait" Aug  4 15:35:51 2021 fd = 13 triggered 1 event by epollfd 11[Epoll.cpp:40]
[TRACE] => function name = "wait" Aug  4 15:35:52 2021 fd = 9 triggered 1 event by epollfd 7[Epoll.cpp:40]
[TRACE] => function name = "wait" Aug  4 15:35:52 2021 fd = 9 triggered 1 event by epollfd 7[Epoll.cpp:40]
[TRACE] => function name = "wait" Aug  4 15:35:52 2021 fd = 13 triggered 1 event by epollfd 11[Epoll.cpp:40]
[TRACE] => function name = "wait" Aug  4 15:35:53 2021 fd = 14 triggered 1 event by epollfd 7[Epoll.cpp:40]
[TRACE] => function name = "readCallBack" Aug  4 15:35:53 2021 fd=[14] EPOLLIN because of read, bytes=[1][TcpConn.cpp:72]
[TRACE] => function name = "sendInLoop" Aug  4 15:35:53 2021 fd=[14] sendInLoop, msg length=[1][TcpConn.cpp:162]
[TRACE] => function name = "send" 140635926263552 enter 140635917870848 loop[TcpConn.cpp:153]
[TRACE] => function name = "asyncWakeUp" Aug  4 15:35:53 2021 thread_id=[140635926263552] asyncWakeUp thread_id=[140635917870848][EventLoop.cpp:118]
[TRACE] => function name = "wait" Aug  4 15:35:53 2021 fd = 12 triggered 1 event by epollfd 11[Epoll.cpp:40]
[TRACE] => function name = "sendInLoop" Aug  4 15:35:53 2021 fd=[15] sendInLoop, msg length=[1][TcpConn.cpp:162]
[TRACE] => function name = "asyncWakeUp" Aug  4 15:35:53 2021 thread_id=[140635917870848] asyncWakeUp thread_id=[140635917870848][EventLoop.cpp:118]
[TRACE] => function name = "wait" Aug  4 15:35:53 2021 fd = 12 triggered 1 event by epollfd 11[Epoll.cpp:40]
[TRACE] => function name = "wait" Aug  4 15:35:53 2021 fd = 9 triggered 1 event by epollfd 7[Epoll.cpp:40]
[TRACE] => function name = "wait" Aug  4 15:35:53 2021 fd = 13 triggered 1 event by epollfd 11[Epoll.cpp:40]
[TRACE] => function name = "wait" Aug  4 15:35:53 2021 fd = 13 triggered 1 event by epollfd 11[Epoll.cpp:40]
[TRACE] => function name = "wait" Aug  4 15:35:54 2021 fd = 9 triggered 1 event by epollfd 7[Epoll.cpp:40]
[TRACE] => function name = "wait" Aug  4 15:35:54 2021 fd = 14 triggered 1 event by epollfd 7[Epoll.cpp:40]
[TRACE] => function name = "readCallBack" Aug  4 15:35:54 2021 fd=[14] EPOLLIN because of read, bytes=[1][TcpConn.cpp:72]
[TRACE] => function name = "sendInLoop" Aug  4 15:35:54 2021 fd=[14] sendInLoop, msg length=[1][TcpConn.cpp:162]
[TRACE] => function name = "send" 140635926263552 enter 140635917870848 loop[TcpConn.cpp:153]
[TRACE] => function name = "asyncWakeUp" Aug  4 15:35:54 2021 thread_id=[140635926263552] asyncWakeUp thread_id=[140635917870848][EventLoop.cpp:118]
[TRACE] => function name = "wait" Aug  4 15:35:54 2021 fd = 12 triggered 1 event by epollfd 11[Epoll.cpp:40]
[TRACE] => function name = "sendInLoop" Aug  4 15:35:54 2021 fd=[15] sendInLoop, msg length=[1][TcpConn.cpp:162]
[TRACE] => function name = "asyncWakeUp" Aug  4 15:35:54 2021 thread_id=[140635917870848] asyncWakeUp thread_id=[140635917870848][EventLoop.cpp:118]
[TRACE] => function name = "wait" Aug  4 15:35:54 2021 fd = 12 triggered 1 event by epollfd 11[Epoll.cpp:40]
[TRACE] => function name = "wait" Aug  4 15:35:54 2021 fd = 9 triggered 1 event by epollfd 7[Epoll.cpp:40]
[TRACE] => function name = "wait" Aug  4 15:35:55 2021 fd = 14 triggered 1 event by epollfd 7[Epoll.cpp:40]
[TRACE] => function name = "readCallBack" Aug  4 15:35:55 2021 fd=[14] EPOLLIN because of read, bytes=[1][TcpConn.cpp:72]
[TRACE] => function name = "sendInLoop" Aug  4 15:35:55 2021 fd=[14] sendInLoop, msg length=[1][TcpConn.cpp:162]
[TRACE] => function name = "send" 140635926263552 enter 140635917870848 loop[TcpConn.cpp:153]
[TRACE] => function name = "asyncWakeUp" Aug  4 15:35:55 2021 thread_id=[140635926263552] asyncWakeUp thread_id=[140635917870848][EventLoop.cpp:118]
[TRACE] => function name = "wait" Aug  4 15:35:55 2021 fd = 12 triggered 1 event by epollfd 11[Epoll.cpp:40]
[TRACE] => function name = "sendInLoop" Aug  4 15:35:55 2021 fd=[15] sendInLoop, msg length=[1][TcpConn.cpp:162]
[TRACE] => function name = "asyncWakeUp" Aug  4 15:35:55 2021 thread_id=[140635917870848] asyncWakeUp thread_id=[140635917870848][EventLoop.cpp:118]
[TRACE] => function name = "wait" Aug  4 15:35:55 2021 fd = 12 triggered 1 event by epollfd 11[Epoll.cpp:40]
[TRACE] => function name = "wait" Aug  4 15:35:55 2021 fd = 9 triggered 1 event by epollfd 7[Epoll.cpp:40]
[TRACE] => function name = "wait" Aug  4 15:35:55 2021 fd = 9 triggered 1 event by epollfd 7[Epoll.cpp:40]
[TRACE] => function name = "wait" Aug  4 15:35:55 2021 fd = 9 triggered 1 event by epollfd 7[Epoll.cpp:40]
[TRACE] => function name = "wait" Aug  4 15:35:55 2021 fd = 9 triggered 1 event by epollfd 7[Epoll.cpp:40]
[TRACE] => function name = "wait" Aug  4 15:35:56 2021 fd = 14 triggered 1 event by epollfd 7[Epoll.cpp:40]
[TRACE] => function name = "readCallBack" Aug  4 15:35:56 2021 fd=[14] EPOLLIN because of read, bytes=[1][TcpConn.cpp:72]
[TRACE] => function name = "sendInLoop" Aug  4 15:35:56 2021 fd=[14] sendInLoop, msg length=[1][TcpConn.cpp:162]
[TRACE] => function name = "send" 140635926263552 enter 140635917870848 loop[TcpConn.cpp:153]
[TRACE] => function name = "asyncWakeUp" Aug  4 15:35:56 2021 thread_id=[140635926263552] asyncWakeUp thread_id=[140635917870848][EventLoop.cpp:118]
[TRACE] => function name = "wait" Aug  4 15:35:56 2021 fd = 12 triggered 1 event by epollfd 11[Epoll.cpp:40]
[TRACE] => function name = "sendInLoop" Aug  4 15:35:56 2021 fd=[15] sendInLoop, msg length=[1][TcpConn.cpp:162]
[TRACE] => function name = "asyncWakeUp" Aug  4 15:35:56 2021 thread_id=[140635917870848] asyncWakeUp thread_id=[140635917870848][EventLoop.cpp:118]
[TRACE] => function name = "wait" Aug  4 15:35:56 2021 fd = 12 triggered 1 event by epollfd 11[Epoll.cpp:40]
[TRACE] => function name = "wait" Aug  4 15:35:56 2021 fd = 9 triggered 1 event by epollfd 7[Epoll.cpp:40]
[TRACE] => function name = "wait" Aug  4 15:35:56 2021 fd = 9 triggered 1 event by epollfd 7[Epoll.cpp:40]
[TRACE] => function name = "wait" Aug  4 15:35:56 2021 fd = 9 triggered 1 event by epollfd 7[Epoll.cpp:40]
[TRACE] => function name = "wait" Aug  4 15:35:56 2021 fd = 9 triggered 1 event by epollfd 7[Epoll.cpp:40]
[TRACE] => function name = "wait" Aug  4 15:35:57 2021 fd = 14 triggered 1 event by epollfd 7[Epoll.cpp:40]
[TRACE] => function name = "readCallBack" Aug  4 15:35:57 2021 fd=[14] EPOLLIN because of read, bytes=[5][TcpConn.cpp:72]
[TRACE] => function name = "sendInLoop" Aug  4 15:35:57 2021 fd=[14] sendInLoop, msg length=[5][TcpConn.cpp:162]
[TRACE] => function name = "send" 140635926263552 enter 140635917870848 loop[TcpConn.cpp:153]
[TRACE] => function name = "asyncWakeUp" Aug  4 15:35:57 2021 thread_id=[140635926263552] asyncWakeUp thread_id=[140635917870848][EventLoop.cpp:118]
[TRACE] => function name = "wait" Aug  4 15:35:57 2021 fd = 12 triggered 1 event by epollfd 11[Epoll.cpp:40]
[TRACE] => function name = "sendInLoop" Aug  4 15:35:57 2021 fd=[15] sendInLoop, msg length=[5][TcpConn.cpp:162]
[TRACE] => function name = "asyncWakeUp" Aug  4 15:35:57 2021 thread_id=[140635917870848] asyncWakeUp thread_id=[140635917870848][EventLoop.cpp:118]
[TRACE] => function name = "wait" Aug  4 15:35:57 2021 fd = 12 triggered 1 event by epollfd 11[Epoll.cpp:40]
[TRACE] => function name = "wait" Aug  4 15:35:57 2021 fd = 9 triggered 1 event by epollfd 7[Epoll.cpp:40]
[TRACE] => function name = "wait" Aug  4 15:35:57 2021 fd = 9 triggered 1 event by epollfd 7[Epoll.cpp:40]
[TRACE] => function name = "wait" Aug  4 15:35:57 2021 fd = 9 triggered 1 event by epollfd 7[Epoll.cpp:40]
[TRACE] => function name = "wait" Aug  4 15:35:57 2021 fd = 9 triggered 1 event by epollfd 7[Epoll.cpp:40]
[TRACE] => function name = "wait" Aug  4 15:35:58 2021 fd = 9 triggered 1 event by epollfd 7[Epoll.cpp:40]
[TRACE] => function name = "wait" Aug  4 15:35:58 2021 fd = 9 triggered 1 event by epollfd 7[Epoll.cpp:40]
[TRACE] => function name = "wait" Aug  4 15:35:58 2021 fd = 9 triggered 1 event by epollfd 7[Epoll.cpp:40]
[TRACE] => function name = "wait" Aug  4 15:35:59 2021 fd = 9 triggered 1 event by epollfd 7[Epoll.cpp:40]
[TRACE] => function name = "wait" Aug  4 15:35:59 2021 fd = 9 triggered 1 event by epollfd 7[Epoll.cpp:40]
