[TRACE] => function name = "Epoll" Aug  4 15:40:23 2021 create epollfd 3 by thread 139938153539904[Epoll.cpp:24]
[INFO] => New eventLoop constructed by thread_id=[139938153539904][EventLoop.cpp:51]
[INFO] => Aug  4 15:40:23 2021 thread=[139938153539904] create a io EventLoop[EventLoopThreadPool.cpp:70]
[INFO] => Aug  4 15:40:23 2021 thread=[139938153539904] create a io EventLoop[EventLoopThreadPool.cpp:70]
[INFO] => Aug  4 15:40:23 2021 server listening..., current IP=[127.0.0.1], current port=[8888], current htonsPort=[47138][Acceptor.cpp:57]
[TRACE] => function name = "loop" Aug  4 15:40:23 2021 eventLoop start loop with thread_id=[139938153539904][EventLoop.cpp:64]
[TRACE] => function name = "Epoll" Aug  4 15:40:23 2021 create epollfd 7 by thread 139938128746240[Epoll.cpp:24]
[INFO] => New eventLoop constructed by thread_id=[139938128746240][EventLoop.cpp:51]
[TRACE] => function name = "loop" Aug  4 15:40:23 2021 eventLoop start loop with thread_id=[139938128746240][EventLoop.cpp:64]
[TRACE] => function name = "Epoll" Aug  4 15:40:23 2021 create epollfd 10 by thread 139938137138944[Epoll.cpp:24]
[INFO] => New eventLoop constructed by thread_id=[139938137138944][EventLoop.cpp:51]
[TRACE] => function name = "loop" Aug  4 15:40:23 2021 eventLoop start loop with thread_id=[139938137138944][EventLoop.cpp:64]
[TRACE] => function name = "wait" Aug  4 15:40:24 2021 fd = 6 triggered 1 event by epollfd 3[Epoll.cpp:40]
[INFO] => Aug  4 15:40:24 2021 accept a new connection with fd=[14][Acceptor.cpp:72]
[TRACE] => function name = "wait" Aug  4 15:40:24 2021 fd = 14 triggered 1 event by epollfd 7[Epoll.cpp:40]
[TRACE] => function name = "readCallBack" Aug  4 15:40:24 2021 fd=[14] EPOLLIN because of read, bytes=[5][TcpConn.cpp:72]
[TRACE] => function name = "sendInLoop" Aug  4 15:40:24 2021 fd=[14] sendInLoop, msg length=[5][TcpConn.cpp:162]
[TRACE] => function name = "wait" Aug  4 15:40:24 2021 fd = 9 triggered 1 event by epollfd 7[Epoll.cpp:40]
[TRACE] => function name = "wait" Aug  4 15:40:25 2021 fd = 9 triggered 1 event by epollfd 7[Epoll.cpp:40]
[TRACE] => function name = "wait" Aug  4 15:40:26 2021 fd = 9 triggered 1 event by epollfd 7[Epoll.cpp:40]
[TRACE] => function name = "wait" Aug  4 15:40:26 2021 fd = 9 triggered 1 event by epollfd 7[Epoll.cpp:40]
[TRACE] => function name = "wait" Aug  4 15:40:34 2021 fd = 6 triggered 1 event by epollfd 3[Epoll.cpp:40]
[INFO] => Aug  4 15:40:34 2021 accept a new connection with fd=[15][Acceptor.cpp:72]
[TRACE] => function name = "wait" Aug  4 15:40:34 2021 fd = 15 triggered 1 event by epollfd 10[Epoll.cpp:40]
[TRACE] => function name = "readCallBack" Aug  4 15:40:34 2021 fd=[15] EPOLLIN because of read, bytes=[5][TcpConn.cpp:72]
[TRACE] => function name = "send" 139938137138944 enter 139938128746240 loop[TcpConn.cpp:153]
[TRACE] => function name = "asyncWakeUp" Aug  4 15:40:34 2021 thread_id=[139938137138944] asyncWakeUp thread_id=[139938128746240][EventLoop.cpp:118]
[TRACE] => function name = "sendInLoop" Aug  4 15:40:34 2021 fd=[15] sendInLoop, msg length=[5][TcpConn.cpp:162]
[TRACE] => function name = "wait" Aug  4 15:40:34 2021 fd = 8 triggered 1 event by epollfd 7[Epoll.cpp:40]
[TRACE] => function name = "sendInLoop" Aug  4 15:40:34 2021 fd=[14] sendInLoop, msg length=[5][TcpConn.cpp:162]
[TRACE] => function name = "asyncWakeUp" Aug  4 15:40:34 2021 thread_id=[139938128746240] asyncWakeUp thread_id=[139938128746240][EventLoop.cpp:118]
[TRACE] => function name = "wait" Aug  4 15:40:34 2021 fd = 8 triggered 1 event by epollfd 7[Epoll.cpp:40]
[TRACE] => function name = "wait" Aug  4 15:40:34 2021 fd = 12 triggered 1 event by epollfd 10[Epoll.cpp:40]
[TRACE] => function name = "wait" Aug  4 15:40:35 2021 fd = 12 triggered 1 event by epollfd 10[Epoll.cpp:40]
[TRACE] => function name = "wait" Aug  4 15:40:36 2021 fd = 12 triggered 1 event by epollfd 10[Epoll.cpp:40]
[TRACE] => function name = "wait" Aug  4 15:40:36 2021 fd = 12 triggered 1 event by epollfd 10[Epoll.cpp:40]
[TRACE] => function name = "wait" Aug  4 15:40:45 2021 fd = 14 triggered 25 event by epollfd 7[Epoll.cpp:40]
[INFO] => Aug  4 15:40:45 2021 fd=[14] EPOLLIN but disconnect, remove the fd![TcpConn.cpp:64]
[TRACE] => function name = "wait" Aug  4 15:40:46 2021 fd = 15 triggered 1 event by epollfd 10[Epoll.cpp:40]
[INFO] => Aug  4 15:40:46 2021 fd=[15] EPOLLIN but disconnect, remove the fd![TcpConn.cpp:64]
