[TRACE] => function name = "Epoll" Aug  5 14:00:59 2021 create epollfd 3 by thread 139623134169408[Epoll.cpp:24]
[INFO] => New eventLoop constructed by thread_id=[139623134169408][EventLoop.cpp:51]
[INFO] => Aug  5 14:00:59 2021 thread=[139623134169408] create a io EventLoop[EventLoopThreadPool.cpp:70]
[INFO] => Aug  5 14:00:59 2021 thread=[139623134169408] create a io EventLoop[EventLoopThreadPool.cpp:70]
[INFO] => Aug  5 14:00:59 2021 server listening..., current IP=[127.0.0.1], current port=[8888], current htonsPort=[47138][Acceptor.cpp:57]
[TRACE] => function name = "loop" Aug  5 14:00:59 2021 eventLoop start loop with thread_id=[139623134169408][EventLoop.cpp:64]
[TRACE] => function name = "Epoll" Aug  5 14:00:59 2021 create epollfd 8 by thread 139623101372160[Epoll.cpp:24]
[INFO] => New eventLoop constructed by thread_id=[139623101372160][EventLoop.cpp:51]
[TRACE] => function name = "loop" Aug  5 14:00:59 2021 eventLoop start loop with thread_id=[139623101372160][EventLoop.cpp:64]
[TRACE] => function name = "Epoll" Aug  5 14:00:59 2021 create epollfd 11 by thread 139623109764864[Epoll.cpp:24]
[INFO] => New eventLoop constructed by thread_id=[139623109764864][EventLoop.cpp:51]
[TRACE] => function name = "loop" Aug  5 14:00:59 2021 eventLoop start loop with thread_id=[139623109764864][EventLoop.cpp:64]
[TRACE] => function name = "wait" Aug  5 14:01:02 2021 fd = 7 triggered 1 event by epollfd 3[Epoll.cpp:40]
[INFO] => Aug  5 14:01:02 2021 accept a new connection with fd=[14][Acceptor.cpp:72]
[TRACE] => function name = "wait" Aug  5 14:01:02 2021 fd = 14 triggered 1 event by epollfd 8[Epoll.cpp:40]
[TRACE] => function name = "readCallBack" Aug  5 14:01:02 2021 fd=[14] EPOLLIN because of read, bytes=[5][TcpConn.cpp:72]
[TRACE] => function name = "sendInLoop" Aug  5 14:01:02 2021 fd=[14] sendInLoop, msg length=[5][TcpConn.cpp:162]
[TRACE] => function name = "wait" Aug  5 14:01:02 2021 fd = 10 triggered 1 event by epollfd 8[Epoll.cpp:40]
[TRACE] => function name = "wait" Aug  5 14:01:03 2021 fd = 10 triggered 1 event by epollfd 8[Epoll.cpp:40]
[TRACE] => function name = "wait" Aug  5 14:01:04 2021 fd = 10 triggered 1 event by epollfd 8[Epoll.cpp:40]
[TRACE] => function name = "wait" Aug  5 14:01:04 2021 fd = 10 triggered 1 event by epollfd 8[Epoll.cpp:40]
[TRACE] => function name = "wait" Aug  5 14:01:05 2021 fd = 14 triggered 1 event by epollfd 8[Epoll.cpp:40]
[TRACE] => function name = "readCallBack" Aug  5 14:01:05 2021 fd=[14] EPOLLIN because of read, bytes=[2][TcpConn.cpp:72]
[TRACE] => function name = "sendInLoop" Aug  5 14:01:05 2021 fd=[14] sendInLoop, msg length=[2][TcpConn.cpp:162]
[TRACE] => function name = "wait" Aug  5 14:01:05 2021 fd = 10 triggered 1 event by epollfd 8[Epoll.cpp:40]
[TRACE] => function name = "wait" Aug  5 14:01:06 2021 fd = 14 triggered 1 event by epollfd 8[Epoll.cpp:40]
[TRACE] => function name = "readCallBack" Aug  5 14:01:06 2021 fd=[14] EPOLLIN because of read, bytes=[2][TcpConn.cpp:72]
[TRACE] => function name = "sendInLoop" Aug  5 14:01:06 2021 fd=[14] sendInLoop, msg length=[2][TcpConn.cpp:162]
[TRACE] => function name = "wait" Aug  5 14:01:06 2021 fd = 10 triggered 1 event by epollfd 8[Epoll.cpp:40]
[TRACE] => function name = "wait" Aug  5 14:01:06 2021 fd = 10 triggered 1 event by epollfd 8[Epoll.cpp:40]
[TRACE] => function name = "wait" Aug  5 14:01:07 2021 fd = 10 triggered 1 event by epollfd 8[Epoll.cpp:40]
[TRACE] => function name = "wait" Aug  5 14:01:07 2021 fd = 10 triggered 1 event by epollfd 8[Epoll.cpp:40]
[TRACE] => function name = "wait" Aug  5 14:01:07 2021 fd = 10 triggered 1 event by epollfd 8[Epoll.cpp:40]
[TRACE] => function name = "wait" Aug  5 14:01:08 2021 fd = 10 triggered 1 event by epollfd 8[Epoll.cpp:40]
[TRACE] => function name = "wait" Aug  5 14:01:08 2021 fd = 10 triggered 1 event by epollfd 8[Epoll.cpp:40]
[TRACE] => function name = "wait" Aug  5 14:01:13 2021 fd = 7 triggered 1 event by epollfd 3[Epoll.cpp:40]
[INFO] => Aug  5 14:01:13 2021 accept a new connection with fd=[15][Acceptor.cpp:72]
[TRACE] => function name = "wait" Aug  5 14:01:13 2021 fd = 15 triggered 1 event by epollfd 11[Epoll.cpp:40]
[TRACE] => function name = "readCallBack" Aug  5 14:01:13 2021 fd=[15] EPOLLIN because of read, bytes=[5][TcpConn.cpp:72]
[TRACE] => function name = "send" 139623109764864 enter 139623101372160 loop[TcpConn.cpp:153]
[TRACE] => function name = "asyncWakeUp" Aug  5 14:01:13 2021 thread_id=[139623109764864] asyncWakeUp thread_id=[139623101372160][EventLoop.cpp:118]
[TRACE] => function name = "sendInLoop" Aug  5 14:01:13 2021 fd=[15] sendInLoop, msg length=[5][TcpConn.cpp:162]
[TRACE] => function name = "wait" Aug  5 14:01:13 2021 fd = 9 triggered 1 event by epollfd 8[Epoll.cpp:40]
[TRACE] => function name = "sendInLoop" Aug  5 14:01:13 2021 fd=[14] sendInLoop, msg length=[5][TcpConn.cpp:162]
[TRACE] => function name = "asyncWakeUp" Aug  5 14:01:13 2021 thread_id=[139623101372160] asyncWakeUp thread_id=[139623101372160][EventLoop.cpp:118]
[TRACE] => function name = "wait" Aug  5 14:01:13 2021 fd = 9 triggered 1 event by epollfd 8[Epoll.cpp:40]
[TRACE] => function name = "wait" Aug  5 14:01:13 2021 fd = 13 triggered 1 event by epollfd 11[Epoll.cpp:40]
[TRACE] => function name = "wait" Aug  5 14:01:14 2021 fd = 13 triggered 1 event by epollfd 11[Epoll.cpp:40]
[TRACE] => function name = "wait" Aug  5 14:01:14 2021 fd = 15 triggered 1 event by epollfd 11[Epoll.cpp:40]
[TRACE] => function name = "readCallBack" Aug  5 14:01:14 2021 fd=[15] EPOLLIN because of read, bytes=[2][TcpConn.cpp:72]
[TRACE] => function name = "send" 139623109764864 enter 139623101372160 loop[TcpConn.cpp:153]
[TRACE] => function name = "asyncWakeUp" Aug  5 14:01:14 2021 thread_id=[139623109764864] asyncWakeUp thread_id=[139623101372160][EventLoop.cpp:118]
[TRACE] => function name = "sendInLoop" Aug  5 14:01:14 2021 fd=[15] sendInLoop, msg length=[2][TcpConn.cpp:162]
[TRACE] => function name = "wait" Aug  5 14:01:14 2021 fd = 9 triggered 1 event by epollfd 8[Epoll.cpp:40]
[TRACE] => function name = "sendInLoop" Aug  5 14:01:14 2021 fd=[14] sendInLoop, msg length=[2][TcpConn.cpp:162]
[TRACE] => function name = "asyncWakeUp" Aug  5 14:01:14 2021 thread_id=[139623101372160] asyncWakeUp thread_id=[139623101372160][EventLoop.cpp:118]
[TRACE] => function name = "wait" Aug  5 14:01:14 2021 fd = 9 triggered 1 event by epollfd 8[Epoll.cpp:40]
[TRACE] => function name = "wait" Aug  5 14:01:14 2021 fd = 13 triggered 1 event by epollfd 11[Epoll.cpp:40]
[TRACE] => function name = "wait" Aug  5 14:01:15 2021 fd = 13 triggered 1 event by epollfd 11[Epoll.cpp:40]
[TRACE] => function name = "wait" Aug  5 14:01:15 2021 fd = 13 triggered 1 event by epollfd 11[Epoll.cpp:40]
[TRACE] => function name = "wait" Aug  5 14:01:15 2021 fd = 13 triggered 1 event by epollfd 11[Epoll.cpp:40]
[TRACE] => function name = "wait" Aug  5 14:01:16 2021 fd = 14 triggered 1 event by epollfd 8[Epoll.cpp:40]
[TRACE] => function name = "readCallBack" Aug  5 14:01:16 2021 fd=[14] EPOLLIN because of read, bytes=[2][TcpConn.cpp:72]
[TRACE] => function name = "sendInLoop" Aug  5 14:01:16 2021 fd=[14] sendInLoop, msg length=[2][TcpConn.cpp:162]
[TRACE] => function name = "send" 139623101372160 enter 139623109764864 loop[TcpConn.cpp:153]
[TRACE] => function name = "asyncWakeUp" Aug  5 14:01:16 2021 thread_id=[139623101372160] asyncWakeUp thread_id=[139623109764864][EventLoop.cpp:118]
[TRACE] => function name = "wait" Aug  5 14:01:16 2021 fd = 12 triggered 1 event by epollfd 11[Epoll.cpp:40]
[TRACE] => function name = "sendInLoop" Aug  5 14:01:16 2021 fd=[15] sendInLoop, msg length=[2][TcpConn.cpp:162]
[TRACE] => function name = "asyncWakeUp" Aug  5 14:01:16 2021 thread_id=[139623109764864] asyncWakeUp thread_id=[139623109764864][EventLoop.cpp:118]
[TRACE] => function name = "wait" Aug  5 14:01:16 2021 fd = 12 triggered 1 event by epollfd 11[Epoll.cpp:40]
[TRACE] => function name = "wait" Aug  5 14:01:16 2021 fd = 10 triggered 1 event by epollfd 8[Epoll.cpp:40]
[TRACE] => function name = "wait" Aug  5 14:01:16 2021 fd = 13 triggered 1 event by epollfd 11[Epoll.cpp:40]
[TRACE] => function name = "wait" Aug  5 14:01:16 2021 fd = 13 triggered 1 event by epollfd 11[Epoll.cpp:40]
[TRACE] => function name = "wait" Aug  5 14:01:17 2021 fd = 14 triggered 1 event by epollfd 8[Epoll.cpp:40]
[TRACE] => function name = "readCallBack" Aug  5 14:01:17 2021 fd=[14] EPOLLIN because of read, bytes=[2][TcpConn.cpp:72]
[TRACE] => function name = "sendInLoop" Aug  5 14:01:17 2021 fd=[14] sendInLoop, msg length=[2][TcpConn.cpp:162]
[TRACE] => function name = "send" 139623101372160 enter 139623109764864 loop[TcpConn.cpp:153]
[TRACE] => function name = "asyncWakeUp" Aug  5 14:01:17 2021 thread_id=[139623101372160] asyncWakeUp thread_id=[139623109764864][EventLoop.cpp:118]
[TRACE] => function name = "wait" Aug  5 14:01:17 2021 fd = 12 triggered 1 event by epollfd 11[Epoll.cpp:40]
[TRACE] => function name = "sendInLoop" Aug  5 14:01:17 2021 fd=[15] sendInLoop, msg length=[2][TcpConn.cpp:162]
[TRACE] => function name = "asyncWakeUp" Aug  5 14:01:17 2021 thread_id=[139623109764864] asyncWakeUp thread_id=[139623109764864][EventLoop.cpp:118]
[TRACE] => function name = "wait" Aug  5 14:01:17 2021 fd = 12 triggered 1 event by epollfd 11[Epoll.cpp:40]
[TRACE] => function name = "wait" Aug  5 14:01:17 2021 fd = 10 triggered 1 event by epollfd 8[Epoll.cpp:40]
[TRACE] => function name = "wait" Aug  5 14:01:17 2021 fd = 10 triggered 1 event by epollfd 8[Epoll.cpp:40]
[TRACE] => function name = "wait" Aug  5 14:01:18 2021 fd = 14 triggered 1 event by epollfd 8[Epoll.cpp:40]
[TRACE] => function name = "readCallBack" Aug  5 14:01:18 2021 fd=[14] EPOLLIN because of read, bytes=[2][TcpConn.cpp:72]
[TRACE] => function name = "sendInLoop" Aug  5 14:01:18 2021 fd=[14] sendInLoop, msg length=[2][TcpConn.cpp:162]
[TRACE] => function name = "send" 139623101372160 enter 139623109764864 loop[TcpConn.cpp:153]
[TRACE] => function name = "asyncWakeUp" Aug  5 14:01:18 2021 thread_id=[139623101372160] asyncWakeUp thread_id=[139623109764864][EventLoop.cpp:118]
[TRACE] => function name = "wait" Aug  5 14:01:18 2021 fd = 12 triggered 1 event by epollfd 11[Epoll.cpp:40]
[TRACE] => function name = "sendInLoop" Aug  5 14:01:18 2021 fd=[15] sendInLoop, msg length=[2][TcpConn.cpp:162]
[TRACE] => function name = "asyncWakeUp" Aug  5 14:01:18 2021 thread_id=[139623109764864] asyncWakeUp thread_id=[139623109764864][EventLoop.cpp:118]
[TRACE] => function name = "wait" Aug  5 14:01:18 2021 fd = 12 triggered 1 event by epollfd 11[Epoll.cpp:40]
[TRACE] => function name = "wait" Aug  5 14:01:18 2021 fd = 10 triggered 1 event by epollfd 8[Epoll.cpp:40]
[TRACE] => function name = "wait" Aug  5 14:01:18 2021 fd = 10 triggered 1 event by epollfd 8[Epoll.cpp:40]
[TRACE] => function name = "wait" Aug  5 14:01:18 2021 fd = 10 triggered 1 event by epollfd 8[Epoll.cpp:40]
[TRACE] => function name = "wait" Aug  5 14:01:18 2021 fd = 10 triggered 1 event by epollfd 8[Epoll.cpp:40]
[TRACE] => function name = "wait" Aug  5 14:01:19 2021 fd = 10 triggered 1 event by epollfd 8[Epoll.cpp:40]
[TRACE] => function name = "wait" Aug  5 14:01:19 2021 fd = 10 triggered 1 event by epollfd 8[Epoll.cpp:40]
[TRACE] => function name = "wait" Aug  5 14:01:19 2021 fd = 10 triggered 1 event by epollfd 8[Epoll.cpp:40]
[TRACE] => function name = "wait" Aug  5 14:01:20 2021 fd = 10 triggered 1 event by epollfd 8[Epoll.cpp:40]
[TRACE] => function name = "wait" Aug  5 14:01:20 2021 fd = 10 triggered 1 event by epollfd 8[Epoll.cpp:40]
[TRACE] => function name = "wait" Aug  5 14:01:20 2021 fd = 15 triggered 1 event by epollfd 11[Epoll.cpp:40]
[TRACE] => function name = "readCallBack" Aug  5 14:01:20 2021 fd=[15] EPOLLIN because of read, bytes=[2][TcpConn.cpp:72]
[TRACE] => function name = "send" 139623109764864 enter 139623101372160 loop[TcpConn.cpp:153]
[TRACE] => function name = "asyncWakeUp" Aug  5 14:01:20 2021 thread_id=[139623109764864] asyncWakeUp thread_id=[139623101372160][EventLoop.cpp:118]
[TRACE] => function name = "sendInLoop" Aug  5 14:01:20 2021 fd=[15] sendInLoop, msg length=[2][TcpConn.cpp:162]
[TRACE] => function name = "wait" Aug  5 14:01:20 2021 fd = 9 triggered 1 event by epollfd 8[Epoll.cpp:40]
[TRACE] => function name = "sendInLoop" Aug  5 14:01:20 2021 fd=[14] sendInLoop, msg length=[2][TcpConn.cpp:162]
[TRACE] => function name = "asyncWakeUp" Aug  5 14:01:20 2021 thread_id=[139623101372160] asyncWakeUp thread_id=[139623101372160][EventLoop.cpp:118]
[TRACE] => function name = "wait" Aug  5 14:01:20 2021 fd = 9 triggered 1 event by epollfd 8[Epoll.cpp:40]
[TRACE] => function name = "wait" Aug  5 14:01:20 2021 fd = 13 triggered 1 event by epollfd 11[Epoll.cpp:40]
[TRACE] => function name = "wait" Aug  5 14:01:20 2021 fd = 15 triggered 1 event by epollfd 11[Epoll.cpp:40]
[TRACE] => function name = "readCallBack" Aug  5 14:01:20 2021 fd=[15] EPOLLIN because of read, bytes=[2][TcpConn.cpp:72]
[TRACE] => function name = "send" 139623109764864 enter 139623101372160 loop[TcpConn.cpp:153]
[TRACE] => function name = "asyncWakeUp" Aug  5 14:01:20 2021 thread_id=[139623109764864] asyncWakeUp thread_id=[139623101372160][EventLoop.cpp:118]
[TRACE] => function name = "sendInLoop" Aug  5 14:01:20 2021 fd=[15] sendInLoop, msg length=[2][TcpConn.cpp:162]
[TRACE] => function name = "wait" Aug  5 14:01:20 2021 fd = 9 triggered 1 event by epollfd 8[Epoll.cpp:40]
[TRACE] => function name = "sendInLoop" Aug  5 14:01:20 2021 fd=[14] sendInLoop, msg length=[2][TcpConn.cpp:162]
[TRACE] => function name = "asyncWakeUp" Aug  5 14:01:20 2021 thread_id=[139623101372160] asyncWakeUp thread_id=[139623101372160][EventLoop.cpp:118]
[TRACE] => function name = "wait" Aug  5 14:01:20 2021 fd = 9 triggered 1 event by epollfd 8[Epoll.cpp:40]
[TRACE] => function name = "wait" Aug  5 14:01:20 2021 fd = 13 triggered 1 event by epollfd 11[Epoll.cpp:40]
[TRACE] => function name = "wait" Aug  5 14:01:21 2021 fd = 13 triggered 1 event by epollfd 11[Epoll.cpp:40]
[TRACE] => function name = "wait" Aug  5 14:01:21 2021 fd = 13 triggered 1 event by epollfd 11[Epoll.cpp:40]
[TRACE] => function name = "wait" Aug  5 14:01:22 2021 fd = 13 triggered 1 event by epollfd 11[Epoll.cpp:40]
[TRACE] => function name = "wait" Aug  5 14:01:22 2021 fd = 13 triggered 1 event by epollfd 11[Epoll.cpp:40]
[TRACE] => function name = "wait" Aug  5 14:01:22 2021 fd = 15 triggered 1 event by epollfd 11[Epoll.cpp:40]
[TRACE] => function name = "readCallBack" Aug  5 14:01:22 2021 fd=[15] EPOLLIN because of read, bytes=[6][TcpConn.cpp:72]
[TRACE] => function name = "send" 139623109764864 enter 139623101372160 loop[TcpConn.cpp:153]
[TRACE] => function name = "asyncWakeUp" Aug  5 14:01:22 2021 thread_id=[139623109764864] asyncWakeUp thread_id=[139623101372160][EventLoop.cpp:118]
[TRACE] => function name = "sendInLoop" Aug  5 14:01:22 2021 fd=[15] sendInLoop, msg length=[6][TcpConn.cpp:162]
[TRACE] => function name = "wait" Aug  5 14:01:22 2021 fd = 9 triggered 1 event by epollfd 8[Epoll.cpp:40]
[TRACE] => function name = "sendInLoop" Aug  5 14:01:22 2021 fd=[14] sendInLoop, msg length=[6][TcpConn.cpp:162]
[TRACE] => function name = "asyncWakeUp" Aug  5 14:01:22 2021 thread_id=[139623101372160] asyncWakeUp thread_id=[139623101372160][EventLoop.cpp:118]
[TRACE] => function name = "wait" Aug  5 14:01:22 2021 fd = 9 triggered 1 event by epollfd 8[Epoll.cpp:40]
[TRACE] => function name = "wait" Aug  5 14:01:22 2021 fd = 13 triggered 1 event by epollfd 11[Epoll.cpp:40]
[TRACE] => function name = "wait" Aug  5 14:01:22 2021 fd = 13 triggered 1 event by epollfd 11[Epoll.cpp:40]
[TRACE] => function name = "wait" Aug  5 14:01:22 2021 fd = 13 triggered 1 event by epollfd 11[Epoll.cpp:40]
[TRACE] => function name = "wait" Aug  5 14:01:23 2021 fd = 13 triggered 1 event by epollfd 11[Epoll.cpp:40]
[TRACE] => function name = "wait" Aug  5 14:01:24 2021 fd = 13 triggered 1 event by epollfd 11[Epoll.cpp:40]
[TRACE] => function name = "wait" Aug  5 14:01:24 2021 fd = 13 triggered 1 event by epollfd 11[Epoll.cpp:40]
[TRACE] => function name = "wait" Aug  5 14:01:24 2021 fd = 14 triggered 1 event by epollfd 8[Epoll.cpp:40]
[TRACE] => function name = "readCallBack" Aug  5 14:01:24 2021 fd=[14] EPOLLIN because of read, bytes=[4][TcpConn.cpp:72]
[TRACE] => function name = "sendInLoop" Aug  5 14:01:24 2021 fd=[14] sendInLoop, msg length=[4][TcpConn.cpp:162]
[TRACE] => function name = "send" 139623101372160 enter 139623109764864 loop[TcpConn.cpp:153]
[TRACE] => function name = "asyncWakeUp" Aug  5 14:01:24 2021 thread_id=[139623101372160] asyncWakeUp thread_id=[139623109764864][EventLoop.cpp:118]
[TRACE] => function name = "wait" Aug  5 14:01:24 2021 fd = 12 triggered 1 event by epollfd 11[Epoll.cpp:40]
[TRACE] => function name = "sendInLoop" Aug  5 14:01:24 2021 fd=[15] sendInLoop, msg length=[4][TcpConn.cpp:162]
[TRACE] => function name = "asyncWakeUp" Aug  5 14:01:24 2021 thread_id=[139623109764864] asyncWakeUp thread_id=[139623109764864][EventLoop.cpp:118]
[TRACE] => function name = "wait" Aug  5 14:01:24 2021 fd = 12 triggered 1 event by epollfd 11[Epoll.cpp:40]
[TRACE] => function name = "wait" Aug  5 14:01:24 2021 fd = 10 triggered 1 event by epollfd 8[Epoll.cpp:40]
[TRACE] => function name = "wait" Aug  5 14:01:25 2021 fd = 10 triggered 1 event by epollfd 8[Epoll.cpp:40]
[TRACE] => function name = "wait" Aug  5 14:01:26 2021 fd = 10 triggered 1 event by epollfd 8[Epoll.cpp:40]
[TRACE] => function name = "wait" Aug  5 14:01:26 2021 fd = 10 triggered 1 event by epollfd 8[Epoll.cpp:40]
[TRACE] => function name = "wait" Aug  5 14:01:27 2021 fd = 14 triggered 25 event by epollfd 8[Epoll.cpp:40]
[INFO] => Aug  5 14:01:27 2021 fd=[14] EPOLLIN but disconnect, remove the fd![TcpConn.cpp:64]
[TRACE] => function name = "wait" Aug  5 14:01:29 2021 fd = 15 triggered 25 event by epollfd 11[Epoll.cpp:40]
[INFO] => Aug  5 14:01:29 2021 fd=[15] EPOLLIN but disconnect, remove the fd![TcpConn.cpp:64]
