[TRACE] => function name = "Epoll" Aug  5 16:26:33 2021 create epollfd 3 by thread 139690375829824[Epoll.cpp:24]
[INFO] => New eventLoop constructed by thread_id=[139690375829824][EventLoop.cpp:51]
[INFO] => Aug  5 16:26:33 2021 thread=[139690375829824] create a io EventLoop[EventLoopThreadPool.cpp:70]
[INFO] => Aug  5 16:26:33 2021 thread=[139690375829824] create a io EventLoop[EventLoopThreadPool.cpp:70]
[TRACE] => function name = "Epoll" Aug  5 16:26:33 2021 create epollfd 7 by thread 139690359428864[Epoll.cpp:24]
[INFO] => Aug  5 16:26:33 2021 server listening..., current IP=[127.0.0.1], current port=[8888], current htonsPort=[47138][Acceptor.cpp:57]
[INFO] => New eventLoop constructed by thread_id=[139690359428864][EventLoop.cpp:51]
[TRACE] => function name = "loop" Aug  5 16:26:33 2021 eventLoop start loop with thread_id=[139690359428864][EventLoop.cpp:64]
[TRACE] => function name = "loop" Aug  5 16:26:33 2021 eventLoop start loop with thread_id=[139690375829824][EventLoop.cpp:64]
[TRACE] => function name = "Epoll" Aug  5 16:26:33 2021 create epollfd 10 by thread 139690351036160[Epoll.cpp:24]
[INFO] => New eventLoop constructed by thread_id=[139690351036160][EventLoop.cpp:51]
[TRACE] => function name = "loop" Aug  5 16:26:33 2021 eventLoop start loop with thread_id=[139690351036160][EventLoop.cpp:64]
[TRACE] => function name = "wait" Aug  5 16:26:35 2021 fd = 6 triggered 1 event by epollfd 3[Epoll.cpp:40]
[INFO] => Aug  5 16:26:35 2021 accept a new connection with fd=[14][Acceptor.cpp:72]
[TRACE] => function name = "wait" Aug  5 16:26:35 2021 fd = 14 triggered 1 event by epollfd 7[Epoll.cpp:40]
[TRACE] => function name = "readCallBack" Aug  5 16:26:35 2021 fd=[14] EPOLLIN because of read, bytes=[5][TcpConn.cpp:72]
[TRACE] => function name = "sendInLoop" Aug  5 16:26:35 2021 fd=[14] sendInLoop, msg length=[5][TcpConn.cpp:162]
[TRACE] => function name = "wait" Aug  5 16:26:35 2021 fd = 9 triggered 1 event by epollfd 7[Epoll.cpp:40]
[TRACE] => function name = "wait" Aug  5 16:26:36 2021 fd = 9 triggered 1 event by epollfd 7[Epoll.cpp:40]
[TRACE] => function name = "wait" Aug  5 16:26:37 2021 fd = 9 triggered 1 event by epollfd 7[Epoll.cpp:40]
[TRACE] => function name = "wait" Aug  5 16:26:37 2021 fd = 9 triggered 1 event by epollfd 7[Epoll.cpp:40]
[TRACE] => function name = "wait" Aug  5 16:26:38 2021 fd = 6 triggered 1 event by epollfd 3[Epoll.cpp:40]
[INFO] => Aug  5 16:26:38 2021 accept a new connection with fd=[15][Acceptor.cpp:72]
[TRACE] => function name = "wait" Aug  5 16:26:38 2021 fd = 15 triggered 1 event by epollfd 10[Epoll.cpp:40]
[TRACE] => function name = "readCallBack" Aug  5 16:26:38 2021 fd=[15] EPOLLIN because of read, bytes=[5][TcpConn.cpp:72]
[TRACE] => function name = "send" 139690351036160 enter 139690359428864 loop[TcpConn.cpp:153]
[TRACE] => function name = "wait" Aug  5 16:26:38 2021 fd = 8 triggered 1 event by epollfd 7[Epoll.cpp:40]
[TRACE] => function name = "sendInLoop" Aug  5 16:26:38 2021 fd=[14] sendInLoop, msg length=[5][TcpConn.cpp:162]
[TRACE] => function name = "asyncWakeUp" Aug  5 16:26:38 2021 thread_id=[139690359428864] asyncWakeUp thread_id=[139690359428864][EventLoop.cpp:118]
[TRACE] => function name = "wait" Aug  5 16:26:38 2021 fd = 8 triggered 1 event by epollfd 7[Epoll.cpp:40]
[TRACE] => function name = "asyncWakeUp" Aug  5 16:26:38 2021 thread_id=[139690351036160] asyncWakeUp thread_id=[139690359428864][EventLoop.cpp:118]
[TRACE] => function name = "sendInLoop" Aug  5 16:26:38 2021 fd=[15] sendInLoop, msg length=[5][TcpConn.cpp:162]
[TRACE] => function name = "wait" Aug  5 16:26:38 2021 fd = 13 triggered 1 event by epollfd 10[Epoll.cpp:40]
[TRACE] => function name = "wait" Aug  5 16:26:39 2021 fd = 13 triggered 1 event by epollfd 10[Epoll.cpp:40]
[TRACE] => function name = "wait" Aug  5 16:26:39 2021 fd = 15 triggered 1 event by epollfd 10[Epoll.cpp:40]
[TRACE] => function name = "readCallBack" Aug  5 16:26:39 2021 fd=[15] EPOLLIN because of read, bytes=[2][TcpConn.cpp:72]
[TRACE] => function name = "send" 139690351036160 enter 139690359428864 loop[TcpConn.cpp:153]
[TRACE] => function name = "wait" Aug  5 16:26:39 2021 fd = 8 triggered 1 event by epollfd 7[Epoll.cpp:40]
[TRACE] => function name = "sendInLoop" Aug  5 16:26:39 2021 fd=[14] sendInLoop, msg length=[2][TcpConn.cpp:162]
[TRACE] => function name = "asyncWakeUp" Aug  5 16:26:39 2021 thread_id=[139690359428864] asyncWakeUp thread_id=[139690359428864][EventLoop.cpp:118]
[TRACE] => function name = "wait" Aug  5 16:26:39 2021 fd = 8 triggered 1 event by epollfd 7[Epoll.cpp:40]
[TRACE] => function name = "asyncWakeUp" Aug  5 16:26:39 2021 thread_id=[139690351036160] asyncWakeUp thread_id=[139690359428864][EventLoop.cpp:118]
[TRACE] => function name = "sendInLoop" Aug  5 16:26:39 2021 fd=[15] sendInLoop, msg length=[2][TcpConn.cpp:162]
[TRACE] => function name = "wait" Aug  5 16:26:39 2021 fd = 13 triggered 1 event by epollfd 10[Epoll.cpp:40]
[TRACE] => function name = "wait" Aug  5 16:26:40 2021 fd = 13 triggered 1 event by epollfd 10[Epoll.cpp:40]
[TRACE] => function name = "wait" Aug  5 16:26:40 2021 fd = 13 triggered 1 event by epollfd 10[Epoll.cpp:40]
[TRACE] => function name = "wait" Aug  5 16:26:40 2021 fd = 13 triggered 1 event by epollfd 10[Epoll.cpp:40]
[TRACE] => function name = "wait" Aug  5 16:26:40 2021 fd = 15 triggered 1 event by epollfd 10[Epoll.cpp:40]
[TRACE] => function name = "readCallBack" Aug  5 16:26:40 2021 fd=[15] EPOLLIN because of read, bytes=[5][TcpConn.cpp:72]
[TRACE] => function name = "send" 139690351036160 enter 139690359428864 loop[TcpConn.cpp:153]
[TRACE] => function name = "wait" Aug  5 16:26:40 2021 fd = 8 triggered 1 event by epollfd 7[Epoll.cpp:40]
[TRACE] => function name = "sendInLoop" Aug  5 16:26:40 2021 fd=[14] sendInLoop, msg length=[5][TcpConn.cpp:162]
[TRACE] => function name = "asyncWakeUp" Aug  5 16:26:40 2021 thread_id=[139690359428864] asyncWakeUp thread_id=[139690359428864][EventLoop.cpp:118]
[TRACE] => function name = "wait" Aug  5 16:26:40 2021 fd = 8 triggered 1 event by epollfd 7[Epoll.cpp:40]
[TRACE] => function name = "asyncWakeUp" Aug  5 16:26:40 2021 thread_id=[139690351036160] asyncWakeUp thread_id=[139690359428864][EventLoop.cpp:118]
[TRACE] => function name = "sendInLoop" Aug  5 16:26:40 2021 fd=[15] sendInLoop, msg length=[5][TcpConn.cpp:162]
[TRACE] => function name = "wait" Aug  5 16:26:40 2021 fd = 13 triggered 1 event by epollfd 10[Epoll.cpp:40]
[TRACE] => function name = "wait" Aug  5 16:26:41 2021 fd = 13 triggered 1 event by epollfd 10[Epoll.cpp:40]
[TRACE] => function name = "wait" Aug  5 16:26:41 2021 fd = 13 triggered 1 event by epollfd 10[Epoll.cpp:40]
[TRACE] => function name = "wait" Aug  5 16:26:41 2021 fd = 13 triggered 1 event by epollfd 10[Epoll.cpp:40]
[TRACE] => function name = "wait" Aug  5 16:26:42 2021 fd = 14 triggered 1 event by epollfd 7[Epoll.cpp:40]
[TRACE] => function name = "readCallBack" Aug  5 16:26:42 2021 fd=[14] EPOLLIN because of read, bytes=[5][TcpConn.cpp:72]
[TRACE] => function name = "sendInLoop" Aug  5 16:26:42 2021 fd=[14] sendInLoop, msg length=[5][TcpConn.cpp:162]
[TRACE] => function name = "send" 139690359428864 enter 139690351036160 loop[TcpConn.cpp:153]
[TRACE] => function name = "asyncWakeUp" Aug  5 16:26:42 2021 thread_id=[139690359428864] asyncWakeUp thread_id=[139690351036160][EventLoop.cpp:118]
[TRACE] => function name = "wait" Aug  5 16:26:42 2021 fd = 12 triggered 1 event by epollfd 10[Epoll.cpp:40]
[TRACE] => function name = "sendInLoop" Aug  5 16:26:42 2021 fd=[15] sendInLoop, msg length=[5][TcpConn.cpp:162]
[TRACE] => function name = "asyncWakeUp" Aug  5 16:26:42 2021 thread_id=[139690351036160] asyncWakeUp thread_id=[139690351036160][EventLoop.cpp:118]
[TRACE] => function name = "wait" Aug  5 16:26:42 2021 fd = 12 triggered 1 event by epollfd 10[Epoll.cpp:40]
[TRACE] => function name = "wait" Aug  5 16:26:42 2021 fd = 9 triggered 1 event by epollfd 7[Epoll.cpp:40]
[TRACE] => function name = "wait" Aug  5 16:26:42 2021 fd = 13 triggered 1 event by epollfd 10[Epoll.cpp:40]
[TRACE] => function name = "wait" Aug  5 16:26:42 2021 fd = 13 triggered 1 event by epollfd 10[Epoll.cpp:40]
[TRACE] => function name = "wait" Aug  5 16:26:43 2021 fd = 14 triggered 1 event by epollfd 7[Epoll.cpp:40]
[TRACE] => function name = "readCallBack" Aug  5 16:26:43 2021 fd=[14] EPOLLIN because of read, bytes=[3][TcpConn.cpp:72]
[TRACE] => function name = "sendInLoop" Aug  5 16:26:43 2021 fd=[14] sendInLoop, msg length=[3][TcpConn.cpp:162]
[TRACE] => function name = "send" 139690359428864 enter 139690351036160 loop[TcpConn.cpp:153]
[TRACE] => function name = "asyncWakeUp" Aug  5 16:26:43 2021 thread_id=[139690359428864] asyncWakeUp thread_id=[139690351036160][EventLoop.cpp:118]
[TRACE] => function name = "wait" Aug  5 16:26:43 2021 fd = 12 triggered 1 event by epollfd 10[Epoll.cpp:40]
[TRACE] => function name = "sendInLoop" Aug  5 16:26:43 2021 fd=[15] sendInLoop, msg length=[3][TcpConn.cpp:162]
[TRACE] => function name = "asyncWakeUp" Aug  5 16:26:43 2021 thread_id=[139690351036160] asyncWakeUp thread_id=[139690351036160][EventLoop.cpp:118]
[TRACE] => function name = "wait" Aug  5 16:26:43 2021 fd = 12 triggered 1 event by epollfd 10[Epoll.cpp:40]
[TRACE] => function name = "wait" Aug  5 16:26:43 2021 fd = 9 triggered 1 event by epollfd 7[Epoll.cpp:40]
[TRACE] => function name = "wait" Aug  5 16:26:43 2021 fd = 9 triggered 1 event by epollfd 7[Epoll.cpp:40]
[TRACE] => function name = "wait" Aug  5 16:26:44 2021 fd = 9 triggered 1 event by epollfd 7[Epoll.cpp:40]
[TRACE] => function name = "wait" Aug  5 16:26:44 2021 fd = 9 triggered 1 event by epollfd 7[Epoll.cpp:40]
[TRACE] => function name = "wait" Aug  5 16:26:44 2021 fd = 9 triggered 1 event by epollfd 7[Epoll.cpp:40]
[TRACE] => function name = "wait" Aug  5 16:26:45 2021 fd = 9 triggered 1 event by epollfd 7[Epoll.cpp:40]
[TRACE] => function name = "wait" Aug  5 16:26:45 2021 fd = 9 triggered 1 event by epollfd 7[Epoll.cpp:40]
[TRACE] => function name = "wait" Aug  5 16:26:48 2021 fd = 6 triggered 1 event by epollfd 3[Epoll.cpp:40]
[INFO] => Aug  5 16:26:48 2021 accept a new connection with fd=[16][Acceptor.cpp:72]
[TRACE] => function name = "wait" Aug  5 16:26:48 2021 fd = 16 triggered 1 event by epollfd 7[Epoll.cpp:40]
[TRACE] => function name = "readCallBack" Aug  5 16:26:48 2021 fd=[16] EPOLLIN because of read, bytes=[5][TcpConn.cpp:72]
[TRACE] => function name = "sendInLoop" Aug  5 16:26:48 2021 fd=[14] sendInLoop, msg length=[5][TcpConn.cpp:162]
[TRACE] => function name = "send" 139690359428864 enter 139690351036160 loop[TcpConn.cpp:153]
[TRACE] => function name = "asyncWakeUp" Aug  5 16:26:48 2021 thread_id=[139690359428864] asyncWakeUp thread_id=[139690351036160][EventLoop.cpp:118]
[TRACE] => function name = "sendInLoop" Aug  5 16:26:48 2021 fd=[16] sendInLoop, msg length=[5][TcpConn.cpp:162]
[TRACE] => function name = "wait" Aug  5 16:26:48 2021 fd = 12 triggered 1 event by epollfd 10[Epoll.cpp:40]
[TRACE] => function name = "sendInLoop" Aug  5 16:26:48 2021 fd=[15] sendInLoop, msg length=[5][TcpConn.cpp:162]
[TRACE] => function name = "asyncWakeUp" Aug  5 16:26:48 2021 thread_id=[139690351036160] asyncWakeUp thread_id=[139690351036160][EventLoop.cpp:118]
[TRACE] => function name = "wait" Aug  5 16:26:48 2021 fd = 12 triggered 1 event by epollfd 10[Epoll.cpp:40]
[TRACE] => function name = "wait" Aug  5 16:26:48 2021 fd = 9 triggered 1 event by epollfd 7[Epoll.cpp:40]
[TRACE] => function name = "wait" Aug  5 16:26:49 2021 fd = 16 triggered 1 event by epollfd 7[Epoll.cpp:40]
[TRACE] => function name = "readCallBack" Aug  5 16:26:49 2021 fd=[16] EPOLLIN because of read, bytes=[3][TcpConn.cpp:72]
[TRACE] => function name = "sendInLoop" Aug  5 16:26:49 2021 fd=[14] sendInLoop, msg length=[3][TcpConn.cpp:162]
[TRACE] => function name = "send" 139690359428864 enter 139690351036160 loop[TcpConn.cpp:153]
[TRACE] => function name = "asyncWakeUp" Aug  5 16:26:49 2021 thread_id=[139690359428864] asyncWakeUp thread_id=[139690351036160][EventLoop.cpp:118]
[TRACE] => function name = "sendInLoop" Aug  5 16:26:49 2021 fd=[16] sendInLoop, msg length=[3][TcpConn.cpp:162]
[TRACE] => function name = "wait" Aug  5 16:26:49 2021 fd = 12 triggered 1 event by epollfd 10[Epoll.cpp:40]
[TRACE] => function name = "sendInLoop" Aug  5 16:26:49 2021 fd=[15] sendInLoop, msg length=[3][TcpConn.cpp:162]
[TRACE] => function name = "asyncWakeUp" Aug  5 16:26:49 2021 thread_id=[139690351036160] asyncWakeUp thread_id=[139690351036160][EventLoop.cpp:118]
[TRACE] => function name = "wait" Aug  5 16:26:49 2021 fd = 12 triggered 1 event by epollfd 10[Epoll.cpp:40]
[TRACE] => function name = "wait" Aug  5 16:26:49 2021 fd = 9 triggered 1 event by epollfd 7[Epoll.cpp:40]
[TRACE] => function name = "wait" Aug  5 16:26:49 2021 fd = 9 triggered 1 event by epollfd 7[Epoll.cpp:40]
[TRACE] => function name = "wait" Aug  5 16:26:49 2021 fd = 16 triggered 1 event by epollfd 7[Epoll.cpp:40]
[TRACE] => function name = "readCallBack" Aug  5 16:26:49 2021 fd=[16] EPOLLIN because of read, bytes=[4][TcpConn.cpp:72]
[TRACE] => function name = "sendInLoop" Aug  5 16:26:49 2021 fd=[14] sendInLoop, msg length=[4][TcpConn.cpp:162]
[TRACE] => function name = "send" 139690359428864 enter 139690351036160 loop[TcpConn.cpp:153]
[TRACE] => function name = "asyncWakeUp" Aug  5 16:26:49 2021 thread_id=[139690359428864] asyncWakeUp thread_id=[139690351036160][EventLoop.cpp:118]
[TRACE] => function name = "sendInLoop" Aug  5 16:26:49 2021 fd=[16] sendInLoop, msg length=[4][TcpConn.cpp:162]
[TRACE] => function name = "wait" Aug  5 16:26:49 2021 fd = 12 triggered 1 event by epollfd 10[Epoll.cpp:40]
[TRACE] => function name = "sendInLoop" Aug  5 16:26:49 2021 fd=[15] sendInLoop, msg length=[4][TcpConn.cpp:162]
[TRACE] => function name = "asyncWakeUp" Aug  5 16:26:49 2021 thread_id=[139690351036160] asyncWakeUp thread_id=[139690351036160][EventLoop.cpp:118]
[TRACE] => function name = "wait" Aug  5 16:26:49 2021 fd = 12 triggered 1 event by epollfd 10[Epoll.cpp:40]
[TRACE] => function name = "wait" Aug  5 16:26:49 2021 fd = 9 triggered 1 event by epollfd 7[Epoll.cpp:40]
[TRACE] => function name = "wait" Aug  5 16:26:50 2021 fd = 16 triggered 1 event by epollfd 7[Epoll.cpp:40]
[TRACE] => function name = "readCallBack" Aug  5 16:26:50 2021 fd=[16] EPOLLIN because of read, bytes=[3][TcpConn.cpp:72]
[TRACE] => function name = "sendInLoop" Aug  5 16:26:50 2021 fd=[14] sendInLoop, msg length=[3][TcpConn.cpp:162]
[TRACE] => function name = "send" 139690359428864 enter 139690351036160 loop[TcpConn.cpp:153]
[TRACE] => function name = "asyncWakeUp" Aug  5 16:26:50 2021 thread_id=[139690359428864] asyncWakeUp thread_id=[139690351036160][EventLoop.cpp:118]
[TRACE] => function name = "sendInLoop" Aug  5 16:26:50 2021 fd=[16] sendInLoop, msg length=[3][TcpConn.cpp:162]
[TRACE] => function name = "wait" Aug  5 16:26:50 2021 fd = 12 triggered 1 event by epollfd 10[Epoll.cpp:40]
[TRACE] => function name = "sendInLoop" Aug  5 16:26:50 2021 fd=[15] sendInLoop, msg length=[3][TcpConn.cpp:162]
[TRACE] => function name = "asyncWakeUp" Aug  5 16:26:50 2021 thread_id=[139690351036160] asyncWakeUp thread_id=[139690351036160][EventLoop.cpp:118]
[TRACE] => function name = "wait" Aug  5 16:26:50 2021 fd = 12 triggered 1 event by epollfd 10[Epoll.cpp:40]
[TRACE] => function name = "wait" Aug  5 16:26:50 2021 fd = 9 triggered 1 event by epollfd 7[Epoll.cpp:40]
[TRACE] => function name = "wait" Aug  5 16:26:50 2021 fd = 9 triggered 1 event by epollfd 7[Epoll.cpp:40]
[TRACE] => function name = "wait" Aug  5 16:26:50 2021 fd = 16 triggered 1 event by epollfd 7[Epoll.cpp:40]
[TRACE] => function name = "readCallBack" Aug  5 16:26:50 2021 fd=[16] EPOLLIN because of read, bytes=[3][TcpConn.cpp:72]
[TRACE] => function name = "sendInLoop" Aug  5 16:26:50 2021 fd=[14] sendInLoop, msg length=[3][TcpConn.cpp:162]
[TRACE] => function name = "send" 139690359428864 enter 139690351036160 loop[TcpConn.cpp:153]
[TRACE] => function name = "asyncWakeUp" Aug  5 16:26:50 2021 thread_id=[139690359428864] asyncWakeUp thread_id=[139690351036160][EventLoop.cpp:118]
[TRACE] => function name = "sendInLoop" Aug  5 16:26:50 2021 fd=[16] sendInLoop, msg length=[3][TcpConn.cpp:162]
[TRACE] => function name = "wait" Aug  5 16:26:50 2021 fd = 12 triggered 1 event by epollfd 10[Epoll.cpp:40]
[TRACE] => function name = "sendInLoop" Aug  5 16:26:50 2021 fd=[15] sendInLoop, msg length=[3][TcpConn.cpp:162]
[TRACE] => function name = "asyncWakeUp" Aug  5 16:26:50 2021 thread_id=[139690351036160] asyncWakeUp thread_id=[139690351036160][EventLoop.cpp:118]
[TRACE] => function name = "wait" Aug  5 16:26:50 2021 fd = 12 triggered 1 event by epollfd 10[Epoll.cpp:40]
[TRACE] => function name = "wait" Aug  5 16:26:50 2021 fd = 9 triggered 1 event by epollfd 7[Epoll.cpp:40]
[TRACE] => function name = "wait" Aug  5 16:26:50 2021 fd = 9 triggered 1 event by epollfd 7[Epoll.cpp:40]
[TRACE] => function name = "wait" Aug  5 16:26:50 2021 fd = 9 triggered 1 event by epollfd 7[Epoll.cpp:40]
[TRACE] => function name = "wait" Aug  5 16:26:50 2021 fd = 16 triggered 1 event by epollfd 7[Epoll.cpp:40]
[TRACE] => function name = "readCallBack" Aug  5 16:26:50 2021 fd=[16] EPOLLIN because of read, bytes=[5][TcpConn.cpp:72]
[TRACE] => function name = "sendInLoop" Aug  5 16:26:50 2021 fd=[14] sendInLoop, msg length=[5][TcpConn.cpp:162]
[TRACE] => function name = "send" 139690359428864 enter 139690351036160 loop[TcpConn.cpp:153]
[TRACE] => function name = "asyncWakeUp" Aug  5 16:26:50 2021 thread_id=[139690359428864] asyncWakeUp thread_id=[139690351036160][EventLoop.cpp:118]
[TRACE] => function name = "sendInLoop" Aug  5 16:26:50 2021 fd=[16] sendInLoop, msg length=[5][TcpConn.cpp:162]
[TRACE] => function name = "wait" Aug  5 16:26:50 2021 fd = 12 triggered 1 event by epollfd 10[Epoll.cpp:40]
[TRACE] => function name = "sendInLoop" Aug  5 16:26:50 2021 fd=[15] sendInLoop, msg length=[5][TcpConn.cpp:162]
[TRACE] => function name = "asyncWakeUp" Aug  5 16:26:50 2021 thread_id=[139690351036160] asyncWakeUp thread_id=[139690351036160][EventLoop.cpp:118]
[TRACE] => function name = "wait" Aug  5 16:26:50 2021 fd = 12 triggered 1 event by epollfd 10[Epoll.cpp:40]
[TRACE] => function name = "wait" Aug  5 16:26:50 2021 fd = 9 triggered 1 event by epollfd 7[Epoll.cpp:40]
[TRACE] => function name = "wait" Aug  5 16:26:50 2021 fd = 9 triggered 1 event by epollfd 7[Epoll.cpp:40]
[TRACE] => function name = "wait" Aug  5 16:26:51 2021 fd = 16 triggered 1 event by epollfd 7[Epoll.cpp:40]
[TRACE] => function name = "readCallBack" Aug  5 16:26:51 2021 fd=[16] EPOLLIN because of read, bytes=[4][TcpConn.cpp:72]
[TRACE] => function name = "sendInLoop" Aug  5 16:26:51 2021 fd=[14] sendInLoop, msg length=[4][TcpConn.cpp:162]
[TRACE] => function name = "send" 139690359428864 enter 139690351036160 loop[TcpConn.cpp:153]
[TRACE] => function name = "asyncWakeUp" Aug  5 16:26:51 2021 thread_id=[139690359428864] asyncWakeUp thread_id=[139690351036160][EventLoop.cpp:118]
[TRACE] => function name = "sendInLoop" Aug  5 16:26:51 2021 fd=[16] sendInLoop, msg length=[4][TcpConn.cpp:162]
[TRACE] => function name = "wait" Aug  5 16:26:51 2021 fd = 12 triggered 1 event by epollfd 10[Epoll.cpp:40]
[TRACE] => function name = "sendInLoop" Aug  5 16:26:51 2021 fd=[15] sendInLoop, msg length=[4][TcpConn.cpp:162]
[TRACE] => function name = "asyncWakeUp" Aug  5 16:26:51 2021 thread_id=[139690351036160] asyncWakeUp thread_id=[139690351036160][EventLoop.cpp:118]
[TRACE] => function name = "wait" Aug  5 16:26:51 2021 fd = 12 triggered 1 event by epollfd 10[Epoll.cpp:40]
[TRACE] => function name = "wait" Aug  5 16:26:51 2021 fd = 9 triggered 1 event by epollfd 7[Epoll.cpp:40]
[TRACE] => function name = "wait" Aug  5 16:26:51 2021 fd = 9 triggered 1 event by epollfd 7[Epoll.cpp:40]
[TRACE] => function name = "wait" Aug  5 16:26:51 2021 fd = 9 triggered 1 event by epollfd 7[Epoll.cpp:40]
[TRACE] => function name = "wait" Aug  5 16:26:51 2021 fd = 9 triggered 1 event by epollfd 7[Epoll.cpp:40]
[TRACE] => function name = "wait" Aug  5 16:26:51 2021 fd = 9 triggered 1 event by epollfd 7[Epoll.cpp:40]
[TRACE] => function name = "wait" Aug  5 16:26:51 2021 fd = 9 triggered 1 event by epollfd 7[Epoll.cpp:40]
[TRACE] => function name = "wait" Aug  5 16:26:51 2021 fd = 9 triggered 1 event by epollfd 7[Epoll.cpp:40]
[TRACE] => function name = "wait" Aug  5 16:26:51 2021 fd = 9 triggered 1 event by epollfd 7[Epoll.cpp:40]
[TRACE] => function name = "wait" Aug  5 16:26:52 2021 fd = 9 triggered 1 event by epollfd 7[Epoll.cpp:40]
[TRACE] => function name = "wait" Aug  5 16:26:52 2021 fd = 9 triggered 1 event by epollfd 7[Epoll.cpp:40]
[TRACE] => function name = "wait" Aug  5 16:26:52 2021 fd = 9 triggered 1 event by epollfd 7[Epoll.cpp:40]
[TRACE] => function name = "wait" Aug  5 16:26:52 2021 fd = 9 triggered 1 event by epollfd 7[Epoll.cpp:40]
[TRACE] => function name = "wait" Aug  5 16:26:52 2021 fd = 9 triggered 1 event by epollfd 7[Epoll.cpp:40]
[TRACE] => function name = "wait" Aug  5 16:26:52 2021 fd = 9 triggered 1 event by epollfd 7[Epoll.cpp:40]
[TRACE] => function name = "wait" Aug  5 16:26:52 2021 fd = 9 triggered 1 event by epollfd 7[Epoll.cpp:40]
[TRACE] => function name = "wait" Aug  5 16:26:52 2021 fd = 14 triggered 1 event by epollfd 7[Epoll.cpp:40]
[TRACE] => function name = "readCallBack" Aug  5 16:26:52 2021 fd=[14] EPOLLIN because of read, bytes=[6][TcpConn.cpp:72]
[TRACE] => function name = "sendInLoop" Aug  5 16:26:52 2021 fd=[14] sendInLoop, msg length=[6][TcpConn.cpp:162]
[TRACE] => function name = "send" 139690359428864 enter 139690351036160 loop[TcpConn.cpp:153]
[TRACE] => function name = "asyncWakeUp" Aug  5 16:26:52 2021 thread_id=[139690359428864] asyncWakeUp thread_id=[139690351036160][EventLoop.cpp:118]
[TRACE] => function name = "sendInLoop" Aug  5 16:26:52 2021 fd=[16] sendInLoop, msg length=[6][TcpConn.cpp:162]
[TRACE] => function name = "wait" Aug  5 16:26:52 2021 fd = 12 triggered 1 event by epollfd 10[Epoll.cpp:40]
[TRACE] => function name = "sendInLoop" Aug  5 16:26:52 2021 fd=[15] sendInLoop, msg length=[6][TcpConn.cpp:162]
[TRACE] => function name = "asyncWakeUp" Aug  5 16:26:52 2021 thread_id=[139690351036160] asyncWakeUp thread_id=[139690351036160][EventLoop.cpp:118]
[TRACE] => function name = "wait" Aug  5 16:26:52 2021 fd = 12 triggered 1 event by epollfd 10[Epoll.cpp:40]
[TRACE] => function name = "wait" Aug  5 16:26:52 2021 fd = 9 triggered 1 event by epollfd 7[Epoll.cpp:40]
[TRACE] => function name = "wait" Aug  5 16:26:53 2021 fd = 9 triggered 1 event by epollfd 7[Epoll.cpp:40]
[TRACE] => function name = "wait" Aug  5 16:26:53 2021 fd = 9 triggered 1 event by epollfd 7[Epoll.cpp:40]
[TRACE] => function name = "wait" Aug  5 16:26:53 2021 fd = 9 triggered 1 event by epollfd 7[Epoll.cpp:40]
[TRACE] => function name = "wait" Aug  5 16:26:54 2021 fd = 15 triggered 1 event by epollfd 10[Epoll.cpp:40]
[TRACE] => function name = "readCallBack" Aug  5 16:26:54 2021 fd=[15] EPOLLIN because of read, bytes=[5][TcpConn.cpp:72]
[TRACE] => function name = "send" 139690351036160 enter 139690359428864 loop[TcpConn.cpp:153]
[TRACE] => function name = "asyncWakeUp" Aug  5 16:26:54 2021 thread_id=[139690351036160] asyncWakeUp thread_id=[139690359428864][EventLoop.cpp:118]
[TRACE] => function name = "sendInLoop" Aug  5 16:26:54 2021 fd=[15] sendInLoop, msg length=[5][TcpConn.cpp:162]
[TRACE] => function name = "send" 139690351036160 enter 139690359428864 loop[TcpConn.cpp:153]
[TRACE] => function name = "asyncWakeUp" Aug  5 16:26:54 2021 thread_id=[139690351036160] asyncWakeUp thread_id=[139690359428864][EventLoop.cpp:118]
[TRACE] => function name = "wait" Aug  5 16:26:54 2021 fd = 8 triggered 1 event by epollfd 7[Epoll.cpp:40]
[TRACE] => function name = "sendInLoop" Aug  5 16:26:54 2021 fd=[14] sendInLoop, msg length=[5][TcpConn.cpp:162]
[TRACE] => function name = "asyncWakeUp" Aug  5 16:26:54 2021 thread_id=[139690359428864] asyncWakeUp thread_id=[139690359428864][EventLoop.cpp:118]
[TRACE] => function name = "sendInLoop" Aug  5 16:26:54 2021 fd=[16] sendInLoop, msg length=[5][TcpConn.cpp:162]
[TRACE] => function name = "asyncWakeUp" Aug  5 16:26:54 2021 thread_id=[139690359428864] asyncWakeUp thread_id=[139690359428864][EventLoop.cpp:118]
[TRACE] => function name = "wait" Aug  5 16:26:54 2021 fd = 8 triggered 1 event by epollfd 7[Epoll.cpp:40]
[TRACE] => function name = "wait" Aug  5 16:26:54 2021 fd = 13 triggered 1 event by epollfd 10[Epoll.cpp:40]
[TRACE] => function name = "wait" Aug  5 16:26:54 2021 fd = 9 triggered 1 event by epollfd 7[Epoll.cpp:40]
[TRACE] => function name = "wait" Aug  5 16:26:54 2021 fd = 9 triggered 1 event by epollfd 7[Epoll.cpp:40]
[TRACE] => function name = "wait" Aug  5 16:26:55 2021 fd = 13 triggered 1 event by epollfd 10[Epoll.cpp:40]
[TRACE] => function name = "wait" Aug  5 16:26:56 2021 fd = 13 triggered 1 event by epollfd 10[Epoll.cpp:40]
[TRACE] => function name = "wait" Aug  5 16:26:56 2021 fd = 13 triggered 1 event by epollfd 10[Epoll.cpp:40]
[TRACE] => function name = "wait" Aug  5 16:26:59 2021 fd = 15 triggered 1 event by epollfd 10[Epoll.cpp:40]
[INFO] => Aug  5 16:26:59 2021 fd=[15] EPOLLIN but disconnect, remove the fd![TcpConn.cpp:64]
[TRACE] => function name = "wait" Aug  5 16:27:00 2021 fd = 16 triggered 1 event by epollfd 7[Epoll.cpp:40]
[INFO] => Aug  5 16:27:00 2021 fd=[16] EPOLLIN but disconnect, remove the fd![TcpConn.cpp:64]
[TRACE] => function name = "wait" Aug  5 16:27:01 2021 fd = 14 triggered 1 event by epollfd 7[Epoll.cpp:40]
[INFO] => Aug  5 16:27:01 2021 fd=[14] EPOLLIN but disconnect, remove the fd![TcpConn.cpp:64]
